<?xml version="1.0" encoding="UTF-8"?>
<TestRun id="d9ed675d-4801-4ad0-960b-7dbecc622ba6" name="Steven@STEVEN-PC 2011-08-28 10:45:02" runUser="Steven-PC\Steven" xmlns="http://microsoft.com/schemas/VisualStudio/TeamTest/2010">
  <TestSettings name="Local" id="653f69b1-1c9a-4652-808a-ef66419d484c">
    <Description>These are default test settings for a local test run.</Description>
    <Deployment enabled="false" runDeploymentRoot="Steven_STEVEN-PC 2011-08-28 10_45_02">
      <DeploymentItem filename="C:\Users\Steven\Documents\Visual Studio 2010\Projects\Net-to-PDF\Net2Pdf\bin\Debug\Net2Pdf.dll" />
    </Deployment>
    <Execution>
      <TestTypeSpecific />
      <AgentRule name="Execution Agents">
      </AgentRule>
    </Execution>
  </TestSettings>
  <Times creation="2011-08-28T10:45:02.3569062-04:00" queuing="2011-08-28T10:45:03.0277074-04:00" start="2011-08-28T10:45:03.1681076-04:00" finish="2011-08-28T10:45:51.0913918-04:00" />
  <ResultSummary outcome="Error">
    <Counters total="17" executed="17" passed="16" error="0" failed="0" timeout="0" aborted="1" inconclusive="0" passedButRunAborted="0" notRunnable="0" notExecuted="0" disconnected="0" warning="0" completed="0" inProgress="0" pending="0" />
    <RunInfos>
      <RunInfo computerName="STEVEN-PC" outcome="Error" timestamp="2011-08-28T10:45:51.0913918-04:00">
        <Text>Test host process exited unexpectedly.</Text>
      </RunInfo>
    </RunInfos>
  </ResultSummary>
  <TestDefinitions>
    <UnitTest name="Enum_Format_Test" storage="c:\users\steven\documents\visual studio 2010\projects\net-to-pdf\net2pdftests\bin\debug\net2pdftests.dll" id="fc8cefbd-b5af-253c-59ea-56c0237fb2e4">
      <Execution id="4b0e8e98-7d43-40fa-a24f-2ae352d930d6" />
      <TestMethod codeBase="C:/Users/Steven/Documents/Visual Studio 2010/Projects/Net-to-PDF/Net2PdfTests/bin/Debug/Net2PdfTests.DLL" adapterTypeName="Microsoft.VisualStudio.TestTools.TestTypes.Unit.UnitTestAdapter, Microsoft.VisualStudio.QualityTools.Tips.UnitTest.Adapter, Version=10.0.0.0, Culture=neutral, PublicKeyToken=b03f5f7f11d50a3a" className="Net2PdfTests.FormatterTests, Net2PdfTests, Version=1.0.0.0, Culture=neutral, PublicKeyToken=null" name="Enum_Format_Test" />
    </UnitTest>
    <UnitTest name="DateTimeTest" storage="c:\users\steven\documents\visual studio 2010\projects\net-to-pdf\net2pdftests\bin\debug\net2pdftests.dll" id="bf94dae5-5c34-f8c0-9390-ddd198d415b6">
      <Execution id="e71157f0-82be-4134-a722-3940acd5fb04" />
      <TestMethod codeBase="C:/Users/Steven/Documents/Visual Studio 2010/Projects/Net-to-PDF/Net2PdfTests/bin/Debug/Net2PdfTests.DLL" adapterTypeName="Microsoft.VisualStudio.TestTools.TestTypes.Unit.UnitTestAdapter, Microsoft.VisualStudio.QualityTools.Tips.UnitTest.Adapter, Version=10.0.0.0, Culture=neutral, PublicKeyToken=b03f5f7f11d50a3a" className="Net2PdfTests.StandardMappingTest, Net2PdfTests, Version=1.0.0.0, Culture=neutral, PublicKeyToken=null" name="DateTimeTest" />
    </UnitTest>
    <UnitTest name="ComplexListTest" storage="c:\users\steven\documents\visual studio 2010\projects\net-to-pdf\net2pdftests\bin\debug\net2pdftests.dll" id="6a9a4c5c-773c-e915-6c52-09dab4a5d77d">
      <Execution id="2aa9b069-1269-44c0-b3f8-47675c81bfdc" />
      <TestMethod codeBase="C:/Users/Steven/Documents/Visual Studio 2010/Projects/Net-to-PDF/Net2PdfTests/bin/Debug/Net2PdfTests.DLL" adapterTypeName="Microsoft.VisualStudio.TestTools.TestTypes.Unit.UnitTestAdapter, Microsoft.VisualStudio.QualityTools.Tips.UnitTest.Adapter, Version=10.0.0.0, Culture=neutral, PublicKeyToken=b03f5f7f11d50a3a" className="Net2PdfTests.StandardMappingTest, Net2PdfTests, Version=1.0.0.0, Culture=neutral, PublicKeyToken=null" name="ComplexListTest" />
    </UnitTest>
    <UnitTest name="Primitive_As_Root2_Test" storage="c:\users\steven\documents\visual studio 2010\projects\net-to-pdf\net2pdftests\bin\debug\net2pdftests.dll" id="46d86b0f-f82b-3c1b-686e-88cbaca5be11">
      <Execution id="692631f5-fa22-4e1e-885c-8622c49b62ea" />
      <TestMethod codeBase="C:/Users/Steven/Documents/Visual Studio 2010/Projects/Net-to-PDF/Net2PdfTests/bin/Debug/Net2PdfTests.DLL" adapterTypeName="Microsoft.VisualStudio.TestTools.TestTypes.Unit.UnitTestAdapter, Microsoft.VisualStudio.QualityTools.Tips.UnitTest.Adapter, Version=10.0.0.0, Culture=neutral, PublicKeyToken=b03f5f7f11d50a3a" className="Net2PdfTests.FormatterTests, Net2PdfTests, Version=1.0.0.0, Culture=neutral, PublicKeyToken=null" name="Primitive_As_Root2_Test" />
    </UnitTest>
    <UnitTest name="EnumTest" storage="c:\users\steven\documents\visual studio 2010\projects\net-to-pdf\net2pdftests\bin\debug\net2pdftests.dll" id="5a54e69a-9ba0-cd96-c61d-3514894545fc">
      <Execution id="d4a19b6e-474e-4fb3-b523-65a6e1f3d520" />
      <TestMethod codeBase="C:/Users/Steven/Documents/Visual Studio 2010/Projects/Net-to-PDF/Net2PdfTests/bin/Debug/Net2PdfTests.DLL" adapterTypeName="Microsoft.VisualStudio.TestTools.TestTypes.Unit.UnitTestAdapter, Microsoft.VisualStudio.QualityTools.Tips.UnitTest.Adapter, Version=10.0.0.0, Culture=neutral, PublicKeyToken=b03f5f7f11d50a3a" className="Net2PdfTests.StandardMappingTest, Net2PdfTests, Version=1.0.0.0, Culture=neutral, PublicKeyToken=null" name="EnumTest" />
    </UnitTest>
    <UnitTest name="Bool_Format_Test" storage="c:\users\steven\documents\visual studio 2010\projects\net-to-pdf\net2pdftests\bin\debug\net2pdftests.dll" id="3551e7e6-f93a-eae3-9f6f-e55bd921a3f0">
      <Execution id="4644cb74-ae09-49bc-92fe-0e8a0fc64b7f" />
      <TestMethod codeBase="C:/Users/Steven/Documents/Visual Studio 2010/Projects/Net-to-PDF/Net2PdfTests/bin/Debug/Net2PdfTests.DLL" adapterTypeName="Microsoft.VisualStudio.TestTools.TestTypes.Unit.UnitTestAdapter, Microsoft.VisualStudio.QualityTools.Tips.UnitTest.Adapter, Version=10.0.0.0, Culture=neutral, PublicKeyToken=b03f5f7f11d50a3a" className="Net2PdfTests.FormatterTests, Net2PdfTests, Version=1.0.0.0, Culture=neutral, PublicKeyToken=null" name="Bool_Format_Test" />
    </UnitTest>
    <UnitTest name="Multiple_Formats_Test" storage="c:\users\steven\documents\visual studio 2010\projects\net-to-pdf\net2pdftests\bin\debug\net2pdftests.dll" id="24ad7c42-6090-b7fe-b179-7ff8791b7322">
      <Execution id="2b961ca3-6906-48f2-82ff-19b9804b47bc" />
      <TestMethod codeBase="C:/Users/Steven/Documents/Visual Studio 2010/Projects/Net-to-PDF/Net2PdfTests/bin/Debug/Net2PdfTests.DLL" adapterTypeName="Microsoft.VisualStudio.TestTools.TestTypes.Unit.UnitTestAdapter, Microsoft.VisualStudio.QualityTools.Tips.UnitTest.Adapter, Version=10.0.0.0, Culture=neutral, PublicKeyToken=b03f5f7f11d50a3a" className="Net2PdfTests.FormatterTests, Net2PdfTests, Version=1.0.0.0, Culture=neutral, PublicKeyToken=null" name="Multiple_Formats_Test" />
    </UnitTest>
    <UnitTest name="BasicTypeTest" storage="c:\users\steven\documents\visual studio 2010\projects\net-to-pdf\net2pdftests\bin\debug\net2pdftests.dll" id="e6530888-e618-b9c9-4cfa-d3bd3e76c0bb">
      <Execution id="1f1d3dd9-b784-4216-b12a-5dc8636c2567" />
      <TestMethod codeBase="C:/Users/Steven/Documents/Visual Studio 2010/Projects/Net-to-PDF/Net2PdfTests/bin/Debug/Net2PdfTests.DLL" adapterTypeName="Microsoft.VisualStudio.TestTools.TestTypes.Unit.UnitTestAdapter, Microsoft.VisualStudio.QualityTools.Tips.UnitTest.Adapter, Version=10.0.0.0, Culture=neutral, PublicKeyToken=b03f5f7f11d50a3a" className="Net2PdfTests.FormatterTests, Net2PdfTests, Version=1.0.0.0, Culture=neutral, PublicKeyToken=null" name="BasicTypeTest" />
    </UnitTest>
    <UnitTest name="Object_ToString_Test" storage="c:\users\steven\documents\visual studio 2010\projects\net-to-pdf\net2pdftests\bin\debug\net2pdftests.dll" id="b015a07f-6982-da75-2139-cf924326afff">
      <Execution id="87bb2b90-8fae-48f4-bd53-4e998d21ac82" />
      <TestMethod codeBase="C:/Users/Steven/Documents/Visual Studio 2010/Projects/Net-to-PDF/Net2PdfTests/bin/Debug/Net2PdfTests.DLL" adapterTypeName="Microsoft.VisualStudio.TestTools.TestTypes.Unit.UnitTestAdapter, Microsoft.VisualStudio.QualityTools.Tips.UnitTest.Adapter, Version=10.0.0.0, Culture=neutral, PublicKeyToken=b03f5f7f11d50a3a" className="Net2PdfTests.FormatterTests, Net2PdfTests, Version=1.0.0.0, Culture=neutral, PublicKeyToken=null" name="Object_ToString_Test" />
    </UnitTest>
    <UnitTest name="Enum_And_Bool_Format_Test" storage="c:\users\steven\documents\visual studio 2010\projects\net-to-pdf\net2pdftests\bin\debug\net2pdftests.dll" id="77c31b7e-360e-0c91-e586-03d116a8db6f">
      <Execution id="a02fc2fc-09da-4495-84b1-5fd421c01e5f" />
      <TestMethod codeBase="C:/Users/Steven/Documents/Visual Studio 2010/Projects/Net-to-PDF/Net2PdfTests/bin/Debug/Net2PdfTests.DLL" adapterTypeName="Microsoft.VisualStudio.TestTools.TestTypes.Unit.UnitTestAdapter, Microsoft.VisualStudio.QualityTools.Tips.UnitTest.Adapter, Version=10.0.0.0, Culture=neutral, PublicKeyToken=b03f5f7f11d50a3a" className="Net2PdfTests.FormatterTests, Net2PdfTests, Version=1.0.0.0, Culture=neutral, PublicKeyToken=null" name="Enum_And_Bool_Format_Test" />
    </UnitTest>
    <UnitTest name="NestedClassesTest" storage="c:\users\steven\documents\visual studio 2010\projects\net-to-pdf\net2pdftests\bin\debug\net2pdftests.dll" id="0ef8bd4d-a23c-bd1e-9de9-88f8e88829dd">
      <Execution id="729f36fb-ce46-42e0-a13c-5a531d64d4c3" />
      <TestMethod codeBase="C:/Users/Steven/Documents/Visual Studio 2010/Projects/Net-to-PDF/Net2PdfTests/bin/Debug/Net2PdfTests.DLL" adapterTypeName="Microsoft.VisualStudio.TestTools.TestTypes.Unit.UnitTestAdapter, Microsoft.VisualStudio.QualityTools.Tips.UnitTest.Adapter, Version=10.0.0.0, Culture=neutral, PublicKeyToken=b03f5f7f11d50a3a" className="Net2PdfTests.StandardMappingTest, Net2PdfTests, Version=1.0.0.0, Culture=neutral, PublicKeyToken=null" name="NestedClassesTest" />
    </UnitTest>
    <UnitTest name="ComplexList_Format_Test" storage="c:\users\steven\documents\visual studio 2010\projects\net-to-pdf\net2pdftests\bin\debug\net2pdftests.dll" id="5f86b717-6b8a-cbfb-c35f-5d39a81e9131">
      <Execution id="421fd5a6-c2cf-454e-b7a6-793e9f54b005" />
      <TestMethod codeBase="C:/Users/Steven/Documents/Visual Studio 2010/Projects/Net-to-PDF/Net2PdfTests/bin/Debug/Net2PdfTests.DLL" adapterTypeName="Microsoft.VisualStudio.TestTools.TestTypes.Unit.UnitTestAdapter, Microsoft.VisualStudio.QualityTools.Tips.UnitTest.Adapter, Version=10.0.0.0, Culture=neutral, PublicKeyToken=b03f5f7f11d50a3a" className="Net2PdfTests.FormatterTests, Net2PdfTests, Version=1.0.0.0, Culture=neutral, PublicKeyToken=null" name="ComplexList_Format_Test" />
    </UnitTest>
    <UnitTest name="BoolTest" storage="c:\users\steven\documents\visual studio 2010\projects\net-to-pdf\net2pdftests\bin\debug\net2pdftests.dll" id="843f87da-ab17-0751-27c2-c9b7d8cb9c48">
      <Execution id="842ff2c1-a1f3-4708-97e5-56d5eb5f150b" />
      <TestMethod codeBase="C:/Users/Steven/Documents/Visual Studio 2010/Projects/Net-to-PDF/Net2PdfTests/bin/Debug/Net2PdfTests.DLL" adapterTypeName="Microsoft.VisualStudio.TestTools.TestTypes.Unit.UnitTestAdapter, Microsoft.VisualStudio.QualityTools.Tips.UnitTest.Adapter, Version=10.0.0.0, Culture=neutral, PublicKeyToken=b03f5f7f11d50a3a" className="Net2PdfTests.StandardMappingTest, Net2PdfTests, Version=1.0.0.0, Culture=neutral, PublicKeyToken=null" name="BoolTest" />
    </UnitTest>
    <UnitTest name="Multiple_Formats2_Test" storage="c:\users\steven\documents\visual studio 2010\projects\net-to-pdf\net2pdftests\bin\debug\net2pdftests.dll" id="7b930fb9-6611-ab49-35cb-8bcbde79cdef">
      <Execution id="d7be64b4-f42f-4a65-a7ef-17ca9c43d27e" />
      <TestMethod codeBase="C:/Users/Steven/Documents/Visual Studio 2010/Projects/Net-to-PDF/Net2PdfTests/bin/Debug/Net2PdfTests.DLL" adapterTypeName="Microsoft.VisualStudio.TestTools.TestTypes.Unit.UnitTestAdapter, Microsoft.VisualStudio.QualityTools.Tips.UnitTest.Adapter, Version=10.0.0.0, Culture=neutral, PublicKeyToken=b03f5f7f11d50a3a" className="Net2PdfTests.FormatterTests, Net2PdfTests, Version=1.0.0.0, Culture=neutral, PublicKeyToken=null" name="Multiple_Formats2_Test" />
    </UnitTest>
    <UnitTest name="Primitive_As_Root_Test" storage="c:\users\steven\documents\visual studio 2010\projects\net-to-pdf\net2pdftests\bin\debug\net2pdftests.dll" id="7050211c-c76c-513e-c05c-4a358ec8b4ae">
      <Execution id="77757a1e-6343-48c3-b3ce-b044670130d6" />
      <TestMethod codeBase="C:/Users/Steven/Documents/Visual Studio 2010/Projects/Net-to-PDF/Net2PdfTests/bin/Debug/Net2PdfTests.DLL" adapterTypeName="Microsoft.VisualStudio.TestTools.TestTypes.Unit.UnitTestAdapter, Microsoft.VisualStudio.QualityTools.Tips.UnitTest.Adapter, Version=10.0.0.0, Culture=neutral, PublicKeyToken=b03f5f7f11d50a3a" className="Net2PdfTests.FormatterTests, Net2PdfTests, Version=1.0.0.0, Culture=neutral, PublicKeyToken=null" name="Primitive_As_Root_Test" />
    </UnitTest>
    <UnitTest name="BasicPropertiesTest" storage="c:\users\steven\documents\visual studio 2010\projects\net-to-pdf\net2pdftests\bin\debug\net2pdftests.dll" id="6578d986-bc10-da0d-01b9-d32e4ee4aa03">
      <Execution id="faff0382-4d33-46b6-a4c7-53f6f3cf89f1" />
      <TestMethod codeBase="C:/Users/Steven/Documents/Visual Studio 2010/Projects/Net-to-PDF/Net2PdfTests/bin/Debug/Net2PdfTests.DLL" adapterTypeName="Microsoft.VisualStudio.TestTools.TestTypes.Unit.UnitTestAdapter, Microsoft.VisualStudio.QualityTools.Tips.UnitTest.Adapter, Version=10.0.0.0, Culture=neutral, PublicKeyToken=b03f5f7f11d50a3a" className="Net2PdfTests.StandardMappingTest, Net2PdfTests, Version=1.0.0.0, Culture=neutral, PublicKeyToken=null" name="BasicPropertiesTest" />
    </UnitTest>
    <UnitTest name="DateTime_Formatting_Test" storage="c:\users\steven\documents\visual studio 2010\projects\net-to-pdf\net2pdftests\bin\debug\net2pdftests.dll" id="20d1606d-b7ac-7e22-75e8-7de25a1f6d7b">
      <Execution id="651915b4-5bfa-40e9-aa88-0153b309ba63" />
      <TestMethod codeBase="C:/Users/Steven/Documents/Visual Studio 2010/Projects/Net-to-PDF/Net2PdfTests/bin/Debug/Net2PdfTests.DLL" adapterTypeName="Microsoft.VisualStudio.TestTools.TestTypes.Unit.UnitTestAdapter, Microsoft.VisualStudio.QualityTools.Tips.UnitTest.Adapter, Version=10.0.0.0, Culture=neutral, PublicKeyToken=b03f5f7f11d50a3a" className="Net2PdfTests.FormatterTests, Net2PdfTests, Version=1.0.0.0, Culture=neutral, PublicKeyToken=null" name="DateTime_Formatting_Test" />
    </UnitTest>
  </TestDefinitions>
  <TestLists>
    <TestList name="Results Not in a List" id="8c84fa94-04c1-424b-9868-57a2d4851a1d" />
    <TestList name="All Loaded Results" id="19431567-8539-422a-85d7-44ee4e166bda" />
  </TestLists>
  <TestEntries>
    <TestEntry testId="6578d986-bc10-da0d-01b9-d32e4ee4aa03" executionId="faff0382-4d33-46b6-a4c7-53f6f3cf89f1" testListId="8c84fa94-04c1-424b-9868-57a2d4851a1d" />
    <TestEntry testId="bf94dae5-5c34-f8c0-9390-ddd198d415b6" executionId="e71157f0-82be-4134-a722-3940acd5fb04" testListId="8c84fa94-04c1-424b-9868-57a2d4851a1d" />
    <TestEntry testId="0ef8bd4d-a23c-bd1e-9de9-88f8e88829dd" executionId="729f36fb-ce46-42e0-a13c-5a531d64d4c3" testListId="8c84fa94-04c1-424b-9868-57a2d4851a1d" />
    <TestEntry testId="5a54e69a-9ba0-cd96-c61d-3514894545fc" executionId="d4a19b6e-474e-4fb3-b523-65a6e1f3d520" testListId="8c84fa94-04c1-424b-9868-57a2d4851a1d" />
    <TestEntry testId="843f87da-ab17-0751-27c2-c9b7d8cb9c48" executionId="842ff2c1-a1f3-4708-97e5-56d5eb5f150b" testListId="8c84fa94-04c1-424b-9868-57a2d4851a1d" />
    <TestEntry testId="6a9a4c5c-773c-e915-6c52-09dab4a5d77d" executionId="2aa9b069-1269-44c0-b3f8-47675c81bfdc" testListId="8c84fa94-04c1-424b-9868-57a2d4851a1d" />
    <TestEntry testId="e6530888-e618-b9c9-4cfa-d3bd3e76c0bb" executionId="1f1d3dd9-b784-4216-b12a-5dc8636c2567" testListId="8c84fa94-04c1-424b-9868-57a2d4851a1d" />
    <TestEntry testId="20d1606d-b7ac-7e22-75e8-7de25a1f6d7b" executionId="651915b4-5bfa-40e9-aa88-0153b309ba63" testListId="8c84fa94-04c1-424b-9868-57a2d4851a1d" />
    <TestEntry testId="7050211c-c76c-513e-c05c-4a358ec8b4ae" executionId="77757a1e-6343-48c3-b3ce-b044670130d6" testListId="8c84fa94-04c1-424b-9868-57a2d4851a1d" />
    <TestEntry testId="46d86b0f-f82b-3c1b-686e-88cbaca5be11" executionId="692631f5-fa22-4e1e-885c-8622c49b62ea" testListId="8c84fa94-04c1-424b-9868-57a2d4851a1d" />
    <TestEntry testId="24ad7c42-6090-b7fe-b179-7ff8791b7322" executionId="2b961ca3-6906-48f2-82ff-19b9804b47bc" testListId="8c84fa94-04c1-424b-9868-57a2d4851a1d" />
    <TestEntry testId="7b930fb9-6611-ab49-35cb-8bcbde79cdef" executionId="d7be64b4-f42f-4a65-a7ef-17ca9c43d27e" testListId="8c84fa94-04c1-424b-9868-57a2d4851a1d" />
    <TestEntry testId="fc8cefbd-b5af-253c-59ea-56c0237fb2e4" executionId="4b0e8e98-7d43-40fa-a24f-2ae352d930d6" testListId="8c84fa94-04c1-424b-9868-57a2d4851a1d" />
    <TestEntry testId="77c31b7e-360e-0c91-e586-03d116a8db6f" executionId="a02fc2fc-09da-4495-84b1-5fd421c01e5f" testListId="8c84fa94-04c1-424b-9868-57a2d4851a1d" />
    <TestEntry testId="3551e7e6-f93a-eae3-9f6f-e55bd921a3f0" executionId="4644cb74-ae09-49bc-92fe-0e8a0fc64b7f" testListId="8c84fa94-04c1-424b-9868-57a2d4851a1d" />
    <TestEntry testId="5f86b717-6b8a-cbfb-c35f-5d39a81e9131" executionId="421fd5a6-c2cf-454e-b7a6-793e9f54b005" testListId="8c84fa94-04c1-424b-9868-57a2d4851a1d" />
    <TestEntry testId="b015a07f-6982-da75-2139-cf924326afff" executionId="87bb2b90-8fae-48f4-bd53-4e998d21ac82" testListId="8c84fa94-04c1-424b-9868-57a2d4851a1d" />
  </TestEntries>
  <Results>
    <UnitTestResult executionId="faff0382-4d33-46b6-a4c7-53f6f3cf89f1" testId="6578d986-bc10-da0d-01b9-d32e4ee4aa03" testName="BasicPropertiesTest" computerName="STEVEN-PC" duration="00:00:00.0733500" startTime="2011-08-28T10:45:03.2929078-04:00" endTime="2011-08-28T10:45:03.9793090-04:00" testType="13cdc9d9-ddb5-4fa4-a97d-d965ccfc6d4b" outcome="Passed" testListId="8c84fa94-04c1-424b-9868-57a2d4851a1d" relativeResultsDirectory="faff0382-4d33-46b6-a4c7-53f6f3cf89f1">
    </UnitTestResult>
    <UnitTestResult executionId="e71157f0-82be-4134-a722-3940acd5fb04" testId="bf94dae5-5c34-f8c0-9390-ddd198d415b6" testName="DateTimeTest" computerName="STEVEN-PC" duration="00:00:00.0003780" startTime="2011-08-28T10:45:03.9793090-04:00" endTime="2011-08-28T10:45:03.9949091-04:00" testType="13cdc9d9-ddb5-4fa4-a97d-d965ccfc6d4b" outcome="Passed" testListId="8c84fa94-04c1-424b-9868-57a2d4851a1d" relativeResultsDirectory="e71157f0-82be-4134-a722-3940acd5fb04">
    </UnitTestResult>
    <UnitTestResult executionId="729f36fb-ce46-42e0-a13c-5a531d64d4c3" testId="0ef8bd4d-a23c-bd1e-9de9-88f8e88829dd" testName="NestedClassesTest" computerName="STEVEN-PC" duration="00:00:00.0004258" startTime="2011-08-28T10:45:03.9949091-04:00" endTime="2011-08-28T10:45:04.0105091-04:00" testType="13cdc9d9-ddb5-4fa4-a97d-d965ccfc6d4b" outcome="Passed" testListId="8c84fa94-04c1-424b-9868-57a2d4851a1d" relativeResultsDirectory="729f36fb-ce46-42e0-a13c-5a531d64d4c3">
    </UnitTestResult>
    <UnitTestResult executionId="d4a19b6e-474e-4fb3-b523-65a6e1f3d520" testId="5a54e69a-9ba0-cd96-c61d-3514894545fc" testName="EnumTest" computerName="STEVEN-PC" duration="00:00:00.0003926" startTime="2011-08-28T10:45:04.0105091-04:00" endTime="2011-08-28T10:45:04.0105091-04:00" testType="13cdc9d9-ddb5-4fa4-a97d-d965ccfc6d4b" outcome="Passed" testListId="8c84fa94-04c1-424b-9868-57a2d4851a1d" relativeResultsDirectory="d4a19b6e-474e-4fb3-b523-65a6e1f3d520">
    </UnitTestResult>
    <UnitTestResult executionId="842ff2c1-a1f3-4708-97e5-56d5eb5f150b" testId="843f87da-ab17-0751-27c2-c9b7d8cb9c48" testName="BoolTest" computerName="STEVEN-PC" duration="00:00:00.0003221" startTime="2011-08-28T10:45:04.0105091-04:00" endTime="2011-08-28T10:45:04.0261091-04:00" testType="13cdc9d9-ddb5-4fa4-a97d-d965ccfc6d4b" outcome="Passed" testListId="8c84fa94-04c1-424b-9868-57a2d4851a1d" relativeResultsDirectory="842ff2c1-a1f3-4708-97e5-56d5eb5f150b">
    </UnitTestResult>
    <UnitTestResult executionId="2aa9b069-1269-44c0-b3f8-47675c81bfdc" testId="6a9a4c5c-773c-e915-6c52-09dab4a5d77d" testName="ComplexListTest" computerName="STEVEN-PC" duration="00:00:00.0003214" startTime="2011-08-28T10:45:04.0261091-04:00" endTime="2011-08-28T10:45:04.0261091-04:00" testType="13cdc9d9-ddb5-4fa4-a97d-d965ccfc6d4b" outcome="Passed" testListId="8c84fa94-04c1-424b-9868-57a2d4851a1d" relativeResultsDirectory="2aa9b069-1269-44c0-b3f8-47675c81bfdc">
    </UnitTestResult>
    <UnitTestResult executionId="1f1d3dd9-b784-4216-b12a-5dc8636c2567" testId="e6530888-e618-b9c9-4cfa-d3bd3e76c0bb" testName="BasicTypeTest" computerName="STEVEN-PC" duration="00:00:00.0064451" startTime="2011-08-28T10:45:04.0417092-04:00" endTime="2011-08-28T10:45:04.0573092-04:00" testType="13cdc9d9-ddb5-4fa4-a97d-d965ccfc6d4b" outcome="Passed" testListId="8c84fa94-04c1-424b-9868-57a2d4851a1d" relativeResultsDirectory="1f1d3dd9-b784-4216-b12a-5dc8636c2567">
    </UnitTestResult>
    <UnitTestResult executionId="651915b4-5bfa-40e9-aa88-0153b309ba63" testId="20d1606d-b7ac-7e22-75e8-7de25a1f6d7b" testName="DateTime_Formatting_Test" computerName="STEVEN-PC" duration="00:00:00.0010523" startTime="2011-08-28T10:45:04.0573092-04:00" endTime="2011-08-28T10:45:04.0573092-04:00" testType="13cdc9d9-ddb5-4fa4-a97d-d965ccfc6d4b" outcome="Passed" testListId="8c84fa94-04c1-424b-9868-57a2d4851a1d" relativeResultsDirectory="651915b4-5bfa-40e9-aa88-0153b309ba63">
    </UnitTestResult>
    <UnitTestResult executionId="77757a1e-6343-48c3-b3ce-b044670130d6" testId="7050211c-c76c-513e-c05c-4a358ec8b4ae" testName="Primitive_As_Root_Test" computerName="STEVEN-PC" duration="00:00:00.0022698" startTime="2011-08-28T10:45:04.0729092-04:00" endTime="2011-08-28T10:45:04.0729092-04:00" testType="13cdc9d9-ddb5-4fa4-a97d-d965ccfc6d4b" outcome="Passed" testListId="8c84fa94-04c1-424b-9868-57a2d4851a1d" relativeResultsDirectory="77757a1e-6343-48c3-b3ce-b044670130d6">
    </UnitTestResult>
    <UnitTestResult executionId="692631f5-fa22-4e1e-885c-8622c49b62ea" testId="46d86b0f-f82b-3c1b-686e-88cbaca5be11" testName="Primitive_As_Root2_Test" computerName="STEVEN-PC" duration="00:00:00.0014109" startTime="2011-08-28T10:45:04.0729092-04:00" endTime="2011-08-28T10:45:04.0885092-04:00" testType="13cdc9d9-ddb5-4fa4-a97d-d965ccfc6d4b" outcome="Passed" testListId="8c84fa94-04c1-424b-9868-57a2d4851a1d" relativeResultsDirectory="692631f5-fa22-4e1e-885c-8622c49b62ea">
    </UnitTestResult>
    <UnitTestResult executionId="2b961ca3-6906-48f2-82ff-19b9804b47bc" testId="24ad7c42-6090-b7fe-b179-7ff8791b7322" testName="Multiple_Formats_Test" computerName="STEVEN-PC" duration="00:00:00.0019918" startTime="2011-08-28T10:45:04.0885092-04:00" endTime="2011-08-28T10:45:04.0885092-04:00" testType="13cdc9d9-ddb5-4fa4-a97d-d965ccfc6d4b" outcome="Passed" testListId="8c84fa94-04c1-424b-9868-57a2d4851a1d" relativeResultsDirectory="2b961ca3-6906-48f2-82ff-19b9804b47bc">
    </UnitTestResult>
    <UnitTestResult executionId="d7be64b4-f42f-4a65-a7ef-17ca9c43d27e" testId="7b930fb9-6611-ab49-35cb-8bcbde79cdef" testName="Multiple_Formats2_Test" computerName="STEVEN-PC" duration="00:00:00.0014850" startTime="2011-08-28T10:45:04.1041093-04:00" endTime="2011-08-28T10:45:04.1041093-04:00" testType="13cdc9d9-ddb5-4fa4-a97d-d965ccfc6d4b" outcome="Passed" testListId="8c84fa94-04c1-424b-9868-57a2d4851a1d" relativeResultsDirectory="d7be64b4-f42f-4a65-a7ef-17ca9c43d27e">
    </UnitTestResult>
    <UnitTestResult executionId="4b0e8e98-7d43-40fa-a24f-2ae352d930d6" testId="fc8cefbd-b5af-253c-59ea-56c0237fb2e4" testName="Enum_Format_Test" computerName="STEVEN-PC" duration="00:00:00.0015240" startTime="2011-08-28T10:45:04.1041093-04:00" endTime="2011-08-28T10:45:04.1197093-04:00" testType="13cdc9d9-ddb5-4fa4-a97d-d965ccfc6d4b" outcome="Passed" testListId="8c84fa94-04c1-424b-9868-57a2d4851a1d" relativeResultsDirectory="4b0e8e98-7d43-40fa-a24f-2ae352d930d6">
    </UnitTestResult>
    <UnitTestResult executionId="a02fc2fc-09da-4495-84b1-5fd421c01e5f" testId="77c31b7e-360e-0c91-e586-03d116a8db6f" testName="Enum_And_Bool_Format_Test" computerName="STEVEN-PC" duration="00:00:00.0021899" startTime="2011-08-28T10:45:04.1197093-04:00" endTime="2011-08-28T10:45:04.1197093-04:00" testType="13cdc9d9-ddb5-4fa4-a97d-d965ccfc6d4b" outcome="Passed" testListId="8c84fa94-04c1-424b-9868-57a2d4851a1d" relativeResultsDirectory="a02fc2fc-09da-4495-84b1-5fd421c01e5f">
    </UnitTestResult>
    <UnitTestResult executionId="4644cb74-ae09-49bc-92fe-0e8a0fc64b7f" testId="3551e7e6-f93a-eae3-9f6f-e55bd921a3f0" testName="Bool_Format_Test" computerName="STEVEN-PC" duration="00:00:00.0011048" startTime="2011-08-28T10:45:04.1353093-04:00" endTime="2011-08-28T10:45:04.1353093-04:00" testType="13cdc9d9-ddb5-4fa4-a97d-d965ccfc6d4b" outcome="Passed" testListId="8c84fa94-04c1-424b-9868-57a2d4851a1d" relativeResultsDirectory="4644cb74-ae09-49bc-92fe-0e8a0fc64b7f">
    </UnitTestResult>
    <UnitTestResult executionId="421fd5a6-c2cf-454e-b7a6-793e9f54b005" testId="5f86b717-6b8a-cbfb-c35f-5d39a81e9131" testName="ComplexList_Format_Test" computerName="STEVEN-PC" duration="00:00:00.0010997" startTime="2011-08-28T10:45:04.1353093-04:00" endTime="2011-08-28T10:45:04.1509093-04:00" testType="13cdc9d9-ddb5-4fa4-a97d-d965ccfc6d4b" outcome="Passed" testListId="8c84fa94-04c1-424b-9868-57a2d4851a1d" relativeResultsDirectory="421fd5a6-c2cf-454e-b7a6-793e9f54b005">
    </UnitTestResult>
    <UnitTestResult executionId="87bb2b90-8fae-48f4-bd53-4e998d21ac82" testId="b015a07f-6982-da75-2139-cf924326afff" testName="Object_ToString_Test" computerName="STEVEN-PC" duration="00:00:46.9248824" startTime="2011-08-28T10:45:04.1665094-04:00" endTime="2011-08-28T10:45:51.0913918-04:00" testType="13cdc9d9-ddb5-4fa4-a97d-d965ccfc6d4b" outcome="Aborted" testListId="8c84fa94-04c1-424b-9868-57a2d4851a1d" relativeResultsDirectory="87bb2b90-8fae-48f4-bd53-4e998d21ac82">
    </UnitTestResult>
  </Results>
</TestRun>