<?xml version="1.0" encoding="UTF-8"?>
<TestRun id="8780ec7f-362f-447c-b26f-77432a84ffd8" name="Steven@STEVEN-PC 2011-08-28 10:44:14" runUser="Steven-PC\Steven" xmlns="http://microsoft.com/schemas/VisualStudio/TeamTest/2010">
  <TestSettings name="Local" id="653f69b1-1c9a-4652-808a-ef66419d484c">
    <Description>These are default test settings for a local test run.</Description>
    <Deployment enabled="false" runDeploymentRoot="Steven_STEVEN-PC 2011-08-28 10_44_14">
      <DeploymentItem filename="C:\Users\Steven\Documents\Visual Studio 2010\Projects\Net-to-PDF\Net2Pdf\bin\Debug\Net2Pdf.dll" />
    </Deployment>
    <Execution>
      <TestTypeSpecific />
      <AgentRule name="Execution Agents">
      </AgentRule>
    </Execution>
  </TestSettings>
  <Times creation="2011-08-28T10:44:14.8236227-04:00" queuing="2011-08-28T10:44:18.9576300-04:00" start="2011-08-28T10:44:19.0980302-04:00" finish="2011-08-28T10:44:40.5792679-04:00" />
  <ResultSummary outcome="Failed">
    <Counters total="17" executed="17" passed="16" error="0" failed="1" timeout="0" aborted="0" inconclusive="0" passedButRunAborted="0" notRunnable="0" notExecuted="0" disconnected="0" warning="0" completed="0" inProgress="0" pending="0" />
  </ResultSummary>
  <TestDefinitions>
    <UnitTest name="Enum_Format_Test" storage="c:\users\steven\documents\visual studio 2010\projects\net-to-pdf\net2pdftests\bin\debug\net2pdftests.dll" id="fc8cefbd-b5af-253c-59ea-56c0237fb2e4">
      <Execution id="47820eb3-b18a-42b4-ba8b-59af33ff20f7" />
      <TestMethod codeBase="C:/Users/Steven/Documents/Visual Studio 2010/Projects/Net-to-PDF/Net2PdfTests/bin/Debug/Net2PdfTests.DLL" adapterTypeName="Microsoft.VisualStudio.TestTools.TestTypes.Unit.UnitTestAdapter, Microsoft.VisualStudio.QualityTools.Tips.UnitTest.Adapter, Version=10.0.0.0, Culture=neutral, PublicKeyToken=b03f5f7f11d50a3a" className="Net2PdfTests.FormatterTests, Net2PdfTests, Version=1.0.0.0, Culture=neutral, PublicKeyToken=null" name="Enum_Format_Test" />
    </UnitTest>
    <UnitTest name="DateTimeTest" storage="c:\users\steven\documents\visual studio 2010\projects\net-to-pdf\net2pdftests\bin\debug\net2pdftests.dll" id="bf94dae5-5c34-f8c0-9390-ddd198d415b6">
      <Execution id="fd42fa68-252e-4dbd-a5f4-0a906a1e469f" />
      <TestMethod codeBase="C:/Users/Steven/Documents/Visual Studio 2010/Projects/Net-to-PDF/Net2PdfTests/bin/Debug/Net2PdfTests.DLL" adapterTypeName="Microsoft.VisualStudio.TestTools.TestTypes.Unit.UnitTestAdapter, Microsoft.VisualStudio.QualityTools.Tips.UnitTest.Adapter, Version=10.0.0.0, Culture=neutral, PublicKeyToken=b03f5f7f11d50a3a" className="Net2PdfTests.StandardMappingTest, Net2PdfTests, Version=1.0.0.0, Culture=neutral, PublicKeyToken=null" name="DateTimeTest" />
    </UnitTest>
    <UnitTest name="ComplexListTest" storage="c:\users\steven\documents\visual studio 2010\projects\net-to-pdf\net2pdftests\bin\debug\net2pdftests.dll" id="6a9a4c5c-773c-e915-6c52-09dab4a5d77d">
      <Execution id="a8957c88-17ad-492c-a8b6-f7d9eeebfa66" />
      <TestMethod codeBase="C:/Users/Steven/Documents/Visual Studio 2010/Projects/Net-to-PDF/Net2PdfTests/bin/Debug/Net2PdfTests.DLL" adapterTypeName="Microsoft.VisualStudio.TestTools.TestTypes.Unit.UnitTestAdapter, Microsoft.VisualStudio.QualityTools.Tips.UnitTest.Adapter, Version=10.0.0.0, Culture=neutral, PublicKeyToken=b03f5f7f11d50a3a" className="Net2PdfTests.StandardMappingTest, Net2PdfTests, Version=1.0.0.0, Culture=neutral, PublicKeyToken=null" name="ComplexListTest" />
    </UnitTest>
    <UnitTest name="Primitive_As_Root2_Test" storage="c:\users\steven\documents\visual studio 2010\projects\net-to-pdf\net2pdftests\bin\debug\net2pdftests.dll" id="46d86b0f-f82b-3c1b-686e-88cbaca5be11">
      <Execution id="0fc1add6-528d-41b7-ac5a-90e41454f4d7" />
      <TestMethod codeBase="C:/Users/Steven/Documents/Visual Studio 2010/Projects/Net-to-PDF/Net2PdfTests/bin/Debug/Net2PdfTests.DLL" adapterTypeName="Microsoft.VisualStudio.TestTools.TestTypes.Unit.UnitTestAdapter, Microsoft.VisualStudio.QualityTools.Tips.UnitTest.Adapter, Version=10.0.0.0, Culture=neutral, PublicKeyToken=b03f5f7f11d50a3a" className="Net2PdfTests.FormatterTests, Net2PdfTests, Version=1.0.0.0, Culture=neutral, PublicKeyToken=null" name="Primitive_As_Root2_Test" />
    </UnitTest>
    <UnitTest name="EnumTest" storage="c:\users\steven\documents\visual studio 2010\projects\net-to-pdf\net2pdftests\bin\debug\net2pdftests.dll" id="5a54e69a-9ba0-cd96-c61d-3514894545fc">
      <Execution id="e6716746-f488-42e5-a02d-9f16319a8e3c" />
      <TestMethod codeBase="C:/Users/Steven/Documents/Visual Studio 2010/Projects/Net-to-PDF/Net2PdfTests/bin/Debug/Net2PdfTests.DLL" adapterTypeName="Microsoft.VisualStudio.TestTools.TestTypes.Unit.UnitTestAdapter, Microsoft.VisualStudio.QualityTools.Tips.UnitTest.Adapter, Version=10.0.0.0, Culture=neutral, PublicKeyToken=b03f5f7f11d50a3a" className="Net2PdfTests.StandardMappingTest, Net2PdfTests, Version=1.0.0.0, Culture=neutral, PublicKeyToken=null" name="EnumTest" />
    </UnitTest>
    <UnitTest name="Bool_Format_Test" storage="c:\users\steven\documents\visual studio 2010\projects\net-to-pdf\net2pdftests\bin\debug\net2pdftests.dll" id="3551e7e6-f93a-eae3-9f6f-e55bd921a3f0">
      <Execution id="3f48db0c-4b3b-4666-8f27-fac4f3f2f07f" />
      <TestMethod codeBase="C:/Users/Steven/Documents/Visual Studio 2010/Projects/Net-to-PDF/Net2PdfTests/bin/Debug/Net2PdfTests.DLL" adapterTypeName="Microsoft.VisualStudio.TestTools.TestTypes.Unit.UnitTestAdapter, Microsoft.VisualStudio.QualityTools.Tips.UnitTest.Adapter, Version=10.0.0.0, Culture=neutral, PublicKeyToken=b03f5f7f11d50a3a" className="Net2PdfTests.FormatterTests, Net2PdfTests, Version=1.0.0.0, Culture=neutral, PublicKeyToken=null" name="Bool_Format_Test" />
    </UnitTest>
    <UnitTest name="Multiple_Formats_Test" storage="c:\users\steven\documents\visual studio 2010\projects\net-to-pdf\net2pdftests\bin\debug\net2pdftests.dll" id="24ad7c42-6090-b7fe-b179-7ff8791b7322">
      <Execution id="0da9a48b-cb8a-4c0a-a2f1-3a2f4d1757d8" />
      <TestMethod codeBase="C:/Users/Steven/Documents/Visual Studio 2010/Projects/Net-to-PDF/Net2PdfTests/bin/Debug/Net2PdfTests.DLL" adapterTypeName="Microsoft.VisualStudio.TestTools.TestTypes.Unit.UnitTestAdapter, Microsoft.VisualStudio.QualityTools.Tips.UnitTest.Adapter, Version=10.0.0.0, Culture=neutral, PublicKeyToken=b03f5f7f11d50a3a" className="Net2PdfTests.FormatterTests, Net2PdfTests, Version=1.0.0.0, Culture=neutral, PublicKeyToken=null" name="Multiple_Formats_Test" />
    </UnitTest>
    <UnitTest name="BasicTypeTest" storage="c:\users\steven\documents\visual studio 2010\projects\net-to-pdf\net2pdftests\bin\debug\net2pdftests.dll" id="e6530888-e618-b9c9-4cfa-d3bd3e76c0bb">
      <Execution id="6f9129a9-b530-43f3-80cc-5bb80891e89b" />
      <TestMethod codeBase="C:/Users/Steven/Documents/Visual Studio 2010/Projects/Net-to-PDF/Net2PdfTests/bin/Debug/Net2PdfTests.DLL" adapterTypeName="Microsoft.VisualStudio.TestTools.TestTypes.Unit.UnitTestAdapter, Microsoft.VisualStudio.QualityTools.Tips.UnitTest.Adapter, Version=10.0.0.0, Culture=neutral, PublicKeyToken=b03f5f7f11d50a3a" className="Net2PdfTests.FormatterTests, Net2PdfTests, Version=1.0.0.0, Culture=neutral, PublicKeyToken=null" name="BasicTypeTest" />
    </UnitTest>
    <UnitTest name="Object_ToString_Test" storage="c:\users\steven\documents\visual studio 2010\projects\net-to-pdf\net2pdftests\bin\debug\net2pdftests.dll" id="b015a07f-6982-da75-2139-cf924326afff">
      <Execution id="9211c093-70a6-4072-b7a4-18848bcdd1bf" />
      <TestMethod codeBase="C:/Users/Steven/Documents/Visual Studio 2010/Projects/Net-to-PDF/Net2PdfTests/bin/Debug/Net2PdfTests.DLL" adapterTypeName="Microsoft.VisualStudio.TestTools.TestTypes.Unit.UnitTestAdapter, Microsoft.VisualStudio.QualityTools.Tips.UnitTest.Adapter, Version=10.0.0.0, Culture=neutral, PublicKeyToken=b03f5f7f11d50a3a" className="Net2PdfTests.FormatterTests, Net2PdfTests, Version=1.0.0.0, Culture=neutral, PublicKeyToken=null" name="Object_ToString_Test" />
    </UnitTest>
    <UnitTest name="Enum_And_Bool_Format_Test" storage="c:\users\steven\documents\visual studio 2010\projects\net-to-pdf\net2pdftests\bin\debug\net2pdftests.dll" id="77c31b7e-360e-0c91-e586-03d116a8db6f">
      <Execution id="4a4fed9a-889a-4525-bb37-b2570ed59d9c" />
      <TestMethod codeBase="C:/Users/Steven/Documents/Visual Studio 2010/Projects/Net-to-PDF/Net2PdfTests/bin/Debug/Net2PdfTests.DLL" adapterTypeName="Microsoft.VisualStudio.TestTools.TestTypes.Unit.UnitTestAdapter, Microsoft.VisualStudio.QualityTools.Tips.UnitTest.Adapter, Version=10.0.0.0, Culture=neutral, PublicKeyToken=b03f5f7f11d50a3a" className="Net2PdfTests.FormatterTests, Net2PdfTests, Version=1.0.0.0, Culture=neutral, PublicKeyToken=null" name="Enum_And_Bool_Format_Test" />
    </UnitTest>
    <UnitTest name="NestedClassesTest" storage="c:\users\steven\documents\visual studio 2010\projects\net-to-pdf\net2pdftests\bin\debug\net2pdftests.dll" id="0ef8bd4d-a23c-bd1e-9de9-88f8e88829dd">
      <Execution id="98af7cf3-533d-493e-ab7d-6d1ec7e3de55" />
      <TestMethod codeBase="C:/Users/Steven/Documents/Visual Studio 2010/Projects/Net-to-PDF/Net2PdfTests/bin/Debug/Net2PdfTests.DLL" adapterTypeName="Microsoft.VisualStudio.TestTools.TestTypes.Unit.UnitTestAdapter, Microsoft.VisualStudio.QualityTools.Tips.UnitTest.Adapter, Version=10.0.0.0, Culture=neutral, PublicKeyToken=b03f5f7f11d50a3a" className="Net2PdfTests.StandardMappingTest, Net2PdfTests, Version=1.0.0.0, Culture=neutral, PublicKeyToken=null" name="NestedClassesTest" />
    </UnitTest>
    <UnitTest name="ComplexList_Format_Test" storage="c:\users\steven\documents\visual studio 2010\projects\net-to-pdf\net2pdftests\bin\debug\net2pdftests.dll" id="5f86b717-6b8a-cbfb-c35f-5d39a81e9131">
      <Execution id="3d3af9df-c8be-4050-8f90-388f56a41db1" />
      <TestMethod codeBase="C:/Users/Steven/Documents/Visual Studio 2010/Projects/Net-to-PDF/Net2PdfTests/bin/Debug/Net2PdfTests.DLL" adapterTypeName="Microsoft.VisualStudio.TestTools.TestTypes.Unit.UnitTestAdapter, Microsoft.VisualStudio.QualityTools.Tips.UnitTest.Adapter, Version=10.0.0.0, Culture=neutral, PublicKeyToken=b03f5f7f11d50a3a" className="Net2PdfTests.FormatterTests, Net2PdfTests, Version=1.0.0.0, Culture=neutral, PublicKeyToken=null" name="ComplexList_Format_Test" />
    </UnitTest>
    <UnitTest name="BoolTest" storage="c:\users\steven\documents\visual studio 2010\projects\net-to-pdf\net2pdftests\bin\debug\net2pdftests.dll" id="843f87da-ab17-0751-27c2-c9b7d8cb9c48">
      <Execution id="8ddd9740-fe41-44a6-92e8-9a4dbc7c6317" />
      <TestMethod codeBase="C:/Users/Steven/Documents/Visual Studio 2010/Projects/Net-to-PDF/Net2PdfTests/bin/Debug/Net2PdfTests.DLL" adapterTypeName="Microsoft.VisualStudio.TestTools.TestTypes.Unit.UnitTestAdapter, Microsoft.VisualStudio.QualityTools.Tips.UnitTest.Adapter, Version=10.0.0.0, Culture=neutral, PublicKeyToken=b03f5f7f11d50a3a" className="Net2PdfTests.StandardMappingTest, Net2PdfTests, Version=1.0.0.0, Culture=neutral, PublicKeyToken=null" name="BoolTest" />
    </UnitTest>
    <UnitTest name="Multiple_Formats2_Test" storage="c:\users\steven\documents\visual studio 2010\projects\net-to-pdf\net2pdftests\bin\debug\net2pdftests.dll" id="7b930fb9-6611-ab49-35cb-8bcbde79cdef">
      <Execution id="9cffc698-c44d-40a7-be00-e77e9e808fe2" />
      <TestMethod codeBase="C:/Users/Steven/Documents/Visual Studio 2010/Projects/Net-to-PDF/Net2PdfTests/bin/Debug/Net2PdfTests.DLL" adapterTypeName="Microsoft.VisualStudio.TestTools.TestTypes.Unit.UnitTestAdapter, Microsoft.VisualStudio.QualityTools.Tips.UnitTest.Adapter, Version=10.0.0.0, Culture=neutral, PublicKeyToken=b03f5f7f11d50a3a" className="Net2PdfTests.FormatterTests, Net2PdfTests, Version=1.0.0.0, Culture=neutral, PublicKeyToken=null" name="Multiple_Formats2_Test" />
    </UnitTest>
    <UnitTest name="Primitive_As_Root_Test" storage="c:\users\steven\documents\visual studio 2010\projects\net-to-pdf\net2pdftests\bin\debug\net2pdftests.dll" id="7050211c-c76c-513e-c05c-4a358ec8b4ae">
      <Execution id="de8777db-5514-4c97-825d-d25fbce69c7a" />
      <TestMethod codeBase="C:/Users/Steven/Documents/Visual Studio 2010/Projects/Net-to-PDF/Net2PdfTests/bin/Debug/Net2PdfTests.DLL" adapterTypeName="Microsoft.VisualStudio.TestTools.TestTypes.Unit.UnitTestAdapter, Microsoft.VisualStudio.QualityTools.Tips.UnitTest.Adapter, Version=10.0.0.0, Culture=neutral, PublicKeyToken=b03f5f7f11d50a3a" className="Net2PdfTests.FormatterTests, Net2PdfTests, Version=1.0.0.0, Culture=neutral, PublicKeyToken=null" name="Primitive_As_Root_Test" />
    </UnitTest>
    <UnitTest name="BasicPropertiesTest" storage="c:\users\steven\documents\visual studio 2010\projects\net-to-pdf\net2pdftests\bin\debug\net2pdftests.dll" id="6578d986-bc10-da0d-01b9-d32e4ee4aa03">
      <Execution id="575307d2-55c4-4b2f-a9c0-1a05bbd36d22" />
      <TestMethod codeBase="C:/Users/Steven/Documents/Visual Studio 2010/Projects/Net-to-PDF/Net2PdfTests/bin/Debug/Net2PdfTests.DLL" adapterTypeName="Microsoft.VisualStudio.TestTools.TestTypes.Unit.UnitTestAdapter, Microsoft.VisualStudio.QualityTools.Tips.UnitTest.Adapter, Version=10.0.0.0, Culture=neutral, PublicKeyToken=b03f5f7f11d50a3a" className="Net2PdfTests.StandardMappingTest, Net2PdfTests, Version=1.0.0.0, Culture=neutral, PublicKeyToken=null" name="BasicPropertiesTest" />
    </UnitTest>
    <UnitTest name="DateTime_Formatting_Test" storage="c:\users\steven\documents\visual studio 2010\projects\net-to-pdf\net2pdftests\bin\debug\net2pdftests.dll" id="20d1606d-b7ac-7e22-75e8-7de25a1f6d7b">
      <Execution id="26a728d1-2ebf-4b29-90d1-9aa43f212900" />
      <TestMethod codeBase="C:/Users/Steven/Documents/Visual Studio 2010/Projects/Net-to-PDF/Net2PdfTests/bin/Debug/Net2PdfTests.DLL" adapterTypeName="Microsoft.VisualStudio.TestTools.TestTypes.Unit.UnitTestAdapter, Microsoft.VisualStudio.QualityTools.Tips.UnitTest.Adapter, Version=10.0.0.0, Culture=neutral, PublicKeyToken=b03f5f7f11d50a3a" className="Net2PdfTests.FormatterTests, Net2PdfTests, Version=1.0.0.0, Culture=neutral, PublicKeyToken=null" name="DateTime_Formatting_Test" />
    </UnitTest>
  </TestDefinitions>
  <TestLists>
    <TestList name="Results Not in a List" id="8c84fa94-04c1-424b-9868-57a2d4851a1d" />
    <TestList name="All Loaded Results" id="19431567-8539-422a-85d7-44ee4e166bda" />
  </TestLists>
  <TestEntries>
    <TestEntry testId="6578d986-bc10-da0d-01b9-d32e4ee4aa03" executionId="575307d2-55c4-4b2f-a9c0-1a05bbd36d22" testListId="8c84fa94-04c1-424b-9868-57a2d4851a1d" />
    <TestEntry testId="bf94dae5-5c34-f8c0-9390-ddd198d415b6" executionId="fd42fa68-252e-4dbd-a5f4-0a906a1e469f" testListId="8c84fa94-04c1-424b-9868-57a2d4851a1d" />
    <TestEntry testId="0ef8bd4d-a23c-bd1e-9de9-88f8e88829dd" executionId="98af7cf3-533d-493e-ab7d-6d1ec7e3de55" testListId="8c84fa94-04c1-424b-9868-57a2d4851a1d" />
    <TestEntry testId="5a54e69a-9ba0-cd96-c61d-3514894545fc" executionId="e6716746-f488-42e5-a02d-9f16319a8e3c" testListId="8c84fa94-04c1-424b-9868-57a2d4851a1d" />
    <TestEntry testId="843f87da-ab17-0751-27c2-c9b7d8cb9c48" executionId="8ddd9740-fe41-44a6-92e8-9a4dbc7c6317" testListId="8c84fa94-04c1-424b-9868-57a2d4851a1d" />
    <TestEntry testId="6a9a4c5c-773c-e915-6c52-09dab4a5d77d" executionId="a8957c88-17ad-492c-a8b6-f7d9eeebfa66" testListId="8c84fa94-04c1-424b-9868-57a2d4851a1d" />
    <TestEntry testId="e6530888-e618-b9c9-4cfa-d3bd3e76c0bb" executionId="6f9129a9-b530-43f3-80cc-5bb80891e89b" testListId="8c84fa94-04c1-424b-9868-57a2d4851a1d" />
    <TestEntry testId="20d1606d-b7ac-7e22-75e8-7de25a1f6d7b" executionId="26a728d1-2ebf-4b29-90d1-9aa43f212900" testListId="8c84fa94-04c1-424b-9868-57a2d4851a1d" />
    <TestEntry testId="7050211c-c76c-513e-c05c-4a358ec8b4ae" executionId="de8777db-5514-4c97-825d-d25fbce69c7a" testListId="8c84fa94-04c1-424b-9868-57a2d4851a1d" />
    <TestEntry testId="46d86b0f-f82b-3c1b-686e-88cbaca5be11" executionId="0fc1add6-528d-41b7-ac5a-90e41454f4d7" testListId="8c84fa94-04c1-424b-9868-57a2d4851a1d" />
    <TestEntry testId="24ad7c42-6090-b7fe-b179-7ff8791b7322" executionId="0da9a48b-cb8a-4c0a-a2f1-3a2f4d1757d8" testListId="8c84fa94-04c1-424b-9868-57a2d4851a1d" />
    <TestEntry testId="7b930fb9-6611-ab49-35cb-8bcbde79cdef" executionId="9cffc698-c44d-40a7-be00-e77e9e808fe2" testListId="8c84fa94-04c1-424b-9868-57a2d4851a1d" />
    <TestEntry testId="fc8cefbd-b5af-253c-59ea-56c0237fb2e4" executionId="47820eb3-b18a-42b4-ba8b-59af33ff20f7" testListId="8c84fa94-04c1-424b-9868-57a2d4851a1d" />
    <TestEntry testId="77c31b7e-360e-0c91-e586-03d116a8db6f" executionId="4a4fed9a-889a-4525-bb37-b2570ed59d9c" testListId="8c84fa94-04c1-424b-9868-57a2d4851a1d" />
    <TestEntry testId="3551e7e6-f93a-eae3-9f6f-e55bd921a3f0" executionId="3f48db0c-4b3b-4666-8f27-fac4f3f2f07f" testListId="8c84fa94-04c1-424b-9868-57a2d4851a1d" />
    <TestEntry testId="5f86b717-6b8a-cbfb-c35f-5d39a81e9131" executionId="3d3af9df-c8be-4050-8f90-388f56a41db1" testListId="8c84fa94-04c1-424b-9868-57a2d4851a1d" />
    <TestEntry testId="b015a07f-6982-da75-2139-cf924326afff" executionId="9211c093-70a6-4072-b7a4-18848bcdd1bf" testListId="8c84fa94-04c1-424b-9868-57a2d4851a1d" />
  </TestEntries>
  <Results>
    <UnitTestResult executionId="575307d2-55c4-4b2f-a9c0-1a05bbd36d22" testId="6578d986-bc10-da0d-01b9-d32e4ee4aa03" testName="BasicPropertiesTest" computerName="STEVEN-PC" duration="00:00:00.0718116" startTime="2011-08-28T10:44:19.2384305-04:00" endTime="2011-08-28T10:44:19.9560317-04:00" testType="13cdc9d9-ddb5-4fa4-a97d-d965ccfc6d4b" outcome="Passed" testListId="8c84fa94-04c1-424b-9868-57a2d4851a1d" relativeResultsDirectory="575307d2-55c4-4b2f-a9c0-1a05bbd36d22">
    </UnitTestResult>
    <UnitTestResult executionId="fd42fa68-252e-4dbd-a5f4-0a906a1e469f" testId="bf94dae5-5c34-f8c0-9390-ddd198d415b6" testName="DateTimeTest" computerName="STEVEN-PC" duration="00:00:00.0003761" startTime="2011-08-28T10:44:19.9716317-04:00" endTime="2011-08-28T10:44:19.9716317-04:00" testType="13cdc9d9-ddb5-4fa4-a97d-d965ccfc6d4b" outcome="Passed" testListId="8c84fa94-04c1-424b-9868-57a2d4851a1d" relativeResultsDirectory="fd42fa68-252e-4dbd-a5f4-0a906a1e469f">
    </UnitTestResult>
    <UnitTestResult executionId="98af7cf3-533d-493e-ab7d-6d1ec7e3de55" testId="0ef8bd4d-a23c-bd1e-9de9-88f8e88829dd" testName="NestedClassesTest" computerName="STEVEN-PC" duration="00:00:00.0063685" startTime="2011-08-28T10:44:19.9872318-04:00" endTime="2011-08-28T10:44:20.0028318-04:00" testType="13cdc9d9-ddb5-4fa4-a97d-d965ccfc6d4b" outcome="Passed" testListId="8c84fa94-04c1-424b-9868-57a2d4851a1d" relativeResultsDirectory="98af7cf3-533d-493e-ab7d-6d1ec7e3de55">
    </UnitTestResult>
    <UnitTestResult executionId="e6716746-f488-42e5-a02d-9f16319a8e3c" testId="5a54e69a-9ba0-cd96-c61d-3514894545fc" testName="EnumTest" computerName="STEVEN-PC" duration="00:00:00.0003794" startTime="2011-08-28T10:44:20.0028318-04:00" endTime="2011-08-28T10:44:20.0028318-04:00" testType="13cdc9d9-ddb5-4fa4-a97d-d965ccfc6d4b" outcome="Passed" testListId="8c84fa94-04c1-424b-9868-57a2d4851a1d" relativeResultsDirectory="e6716746-f488-42e5-a02d-9f16319a8e3c">
    </UnitTestResult>
    <UnitTestResult executionId="8ddd9740-fe41-44a6-92e8-9a4dbc7c6317" testId="843f87da-ab17-0751-27c2-c9b7d8cb9c48" testName="BoolTest" computerName="STEVEN-PC" duration="00:00:00.0003054" startTime="2011-08-28T10:44:20.0028318-04:00" endTime="2011-08-28T10:44:20.0184318-04:00" testType="13cdc9d9-ddb5-4fa4-a97d-d965ccfc6d4b" outcome="Passed" testListId="8c84fa94-04c1-424b-9868-57a2d4851a1d" relativeResultsDirectory="8ddd9740-fe41-44a6-92e8-9a4dbc7c6317">
    </UnitTestResult>
    <UnitTestResult executionId="a8957c88-17ad-492c-a8b6-f7d9eeebfa66" testId="6a9a4c5c-773c-e915-6c52-09dab4a5d77d" testName="ComplexListTest" computerName="STEVEN-PC" duration="00:00:00.0003024" startTime="2011-08-28T10:44:20.0184318-04:00" endTime="2011-08-28T10:44:20.0184318-04:00" testType="13cdc9d9-ddb5-4fa4-a97d-d965ccfc6d4b" outcome="Passed" testListId="8c84fa94-04c1-424b-9868-57a2d4851a1d" relativeResultsDirectory="a8957c88-17ad-492c-a8b6-f7d9eeebfa66">
    </UnitTestResult>
    <UnitTestResult executionId="6f9129a9-b530-43f3-80cc-5bb80891e89b" testId="e6530888-e618-b9c9-4cfa-d3bd3e76c0bb" testName="BasicTypeTest" computerName="STEVEN-PC" duration="00:00:00.0185211" startTime="2011-08-28T10:44:20.0340319-04:00" endTime="2011-08-28T10:44:20.0496319-04:00" testType="13cdc9d9-ddb5-4fa4-a97d-d965ccfc6d4b" outcome="Passed" testListId="8c84fa94-04c1-424b-9868-57a2d4851a1d" relativeResultsDirectory="6f9129a9-b530-43f3-80cc-5bb80891e89b">
    </UnitTestResult>
    <UnitTestResult executionId="26a728d1-2ebf-4b29-90d1-9aa43f212900" testId="20d1606d-b7ac-7e22-75e8-7de25a1f6d7b" testName="DateTime_Formatting_Test" computerName="STEVEN-PC" duration="00:00:00.0010253" startTime="2011-08-28T10:44:20.0652319-04:00" endTime="2011-08-28T10:44:20.0652319-04:00" testType="13cdc9d9-ddb5-4fa4-a97d-d965ccfc6d4b" outcome="Passed" testListId="8c84fa94-04c1-424b-9868-57a2d4851a1d" relativeResultsDirectory="26a728d1-2ebf-4b29-90d1-9aa43f212900">
    </UnitTestResult>
    <UnitTestResult executionId="de8777db-5514-4c97-825d-d25fbce69c7a" testId="7050211c-c76c-513e-c05c-4a358ec8b4ae" testName="Primitive_As_Root_Test" computerName="STEVEN-PC" duration="00:00:00.0022567" startTime="2011-08-28T10:44:20.0652319-04:00" endTime="2011-08-28T10:44:20.0808319-04:00" testType="13cdc9d9-ddb5-4fa4-a97d-d965ccfc6d4b" outcome="Passed" testListId="8c84fa94-04c1-424b-9868-57a2d4851a1d" relativeResultsDirectory="de8777db-5514-4c97-825d-d25fbce69c7a">
    </UnitTestResult>
    <UnitTestResult executionId="0fc1add6-528d-41b7-ac5a-90e41454f4d7" testId="46d86b0f-f82b-3c1b-686e-88cbaca5be11" testName="Primitive_As_Root2_Test" computerName="STEVEN-PC" duration="00:00:00.0013858" startTime="2011-08-28T10:44:20.0808319-04:00" endTime="2011-08-28T10:44:20.0808319-04:00" testType="13cdc9d9-ddb5-4fa4-a97d-d965ccfc6d4b" outcome="Passed" testListId="8c84fa94-04c1-424b-9868-57a2d4851a1d" relativeResultsDirectory="0fc1add6-528d-41b7-ac5a-90e41454f4d7">
    </UnitTestResult>
    <UnitTestResult executionId="0da9a48b-cb8a-4c0a-a2f1-3a2f4d1757d8" testId="24ad7c42-6090-b7fe-b179-7ff8791b7322" testName="Multiple_Formats_Test" computerName="STEVEN-PC" duration="00:00:00.0019929" startTime="2011-08-28T10:44:20.0964320-04:00" endTime="2011-08-28T10:44:20.0964320-04:00" testType="13cdc9d9-ddb5-4fa4-a97d-d965ccfc6d4b" outcome="Passed" testListId="8c84fa94-04c1-424b-9868-57a2d4851a1d" relativeResultsDirectory="0da9a48b-cb8a-4c0a-a2f1-3a2f4d1757d8">
    </UnitTestResult>
    <UnitTestResult executionId="9cffc698-c44d-40a7-be00-e77e9e808fe2" testId="7b930fb9-6611-ab49-35cb-8bcbde79cdef" testName="Multiple_Formats2_Test" computerName="STEVEN-PC" duration="00:00:00.0014930" startTime="2011-08-28T10:44:20.0964320-04:00" endTime="2011-08-28T10:44:20.1120320-04:00" testType="13cdc9d9-ddb5-4fa4-a97d-d965ccfc6d4b" outcome="Passed" testListId="8c84fa94-04c1-424b-9868-57a2d4851a1d" relativeResultsDirectory="9cffc698-c44d-40a7-be00-e77e9e808fe2">
    </UnitTestResult>
    <UnitTestResult executionId="47820eb3-b18a-42b4-ba8b-59af33ff20f7" testId="fc8cefbd-b5af-253c-59ea-56c0237fb2e4" testName="Enum_Format_Test" computerName="STEVEN-PC" duration="00:00:00.0015204" startTime="2011-08-28T10:44:20.1120320-04:00" endTime="2011-08-28T10:44:20.1120320-04:00" testType="13cdc9d9-ddb5-4fa4-a97d-d965ccfc6d4b" outcome="Passed" testListId="8c84fa94-04c1-424b-9868-57a2d4851a1d" relativeResultsDirectory="47820eb3-b18a-42b4-ba8b-59af33ff20f7">
    </UnitTestResult>
    <UnitTestResult executionId="4a4fed9a-889a-4525-bb37-b2570ed59d9c" testId="77c31b7e-360e-0c91-e586-03d116a8db6f" testName="Enum_And_Bool_Format_Test" computerName="STEVEN-PC" duration="00:00:00.0022053" startTime="2011-08-28T10:44:20.1276320-04:00" endTime="2011-08-28T10:44:20.1276320-04:00" testType="13cdc9d9-ddb5-4fa4-a97d-d965ccfc6d4b" outcome="Passed" testListId="8c84fa94-04c1-424b-9868-57a2d4851a1d" relativeResultsDirectory="4a4fed9a-889a-4525-bb37-b2570ed59d9c">
    </UnitTestResult>
    <UnitTestResult executionId="3f48db0c-4b3b-4666-8f27-fac4f3f2f07f" testId="3551e7e6-f93a-eae3-9f6f-e55bd921a3f0" testName="Bool_Format_Test" computerName="STEVEN-PC" duration="00:00:00.0011059" startTime="2011-08-28T10:44:20.1276320-04:00" endTime="2011-08-28T10:44:20.1432320-04:00" testType="13cdc9d9-ddb5-4fa4-a97d-d965ccfc6d4b" outcome="Passed" testListId="8c84fa94-04c1-424b-9868-57a2d4851a1d" relativeResultsDirectory="3f48db0c-4b3b-4666-8f27-fac4f3f2f07f">
    </UnitTestResult>
    <UnitTestResult executionId="3d3af9df-c8be-4050-8f90-388f56a41db1" testId="5f86b717-6b8a-cbfb-c35f-5d39a81e9131" testName="ComplexList_Format_Test" computerName="STEVEN-PC" duration="00:00:00.0010906" startTime="2011-08-28T10:44:20.1432320-04:00" endTime="2011-08-28T10:44:20.1432320-04:00" testType="13cdc9d9-ddb5-4fa4-a97d-d965ccfc6d4b" outcome="Passed" testListId="8c84fa94-04c1-424b-9868-57a2d4851a1d" relativeResultsDirectory="3d3af9df-c8be-4050-8f90-388f56a41db1">
    </UnitTestResult>
    <UnitTestResult executionId="9211c093-70a6-4072-b7a4-18848bcdd1bf" testId="b015a07f-6982-da75-2139-cf924326afff" testName="Object_ToString_Test" computerName="STEVEN-PC" duration="00:00:20.3156980" startTime="2011-08-28T10:44:20.1588321-04:00" endTime="2011-08-28T10:44:40.4700678-04:00" testType="13cdc9d9-ddb5-4fa4-a97d-d965ccfc6d4b" outcome="Failed" testListId="8c84fa94-04c1-424b-9868-57a2d4851a1d" relativeResultsDirectory="9211c093-70a6-4072-b7a4-18848bcdd1bf">
      <Output>
        <ErrorInfo>
          <Message>Test method Net2PdfTests.FormatterTests.Object_ToString_Test threw exception: 
System.InvalidOperationException: Can't handle this type of operation</Message>
          <StackTrace>    at Net2Pdf.ExpressionParser.GetPropertyName(Expression e) in C:\Users\Steven\Documents\Visual Studio 2010\Projects\Net-to-PDF\Net2Pdf\ExpressionParser.cs:line 45
   at Net2Pdf.ExpressionParser.GetPropertyName(Expression e) in C:\Users\Steven\Documents\Visual Studio 2010\Projects\Net-to-PDF\Net2Pdf\ExpressionParser.cs:line 14
   at Net2Pdf.ExpressionFormatter`1.FormatString(Object obj, String propertyName, Object propertyValue) in C:\Users\Steven\Documents\Visual Studio 2010\Projects\Net-to-PDF\Net2Pdf\ExpressionFormatter.cs:line 26
   at Net2Pdf.StringFormatterCollection.ExecuteFormatters(Object obj, String propName, Object propValue) in C:\Users\Steven\Documents\Visual Studio 2010\Projects\Net-to-PDF\Net2Pdf\StringFormatterCollection.cs:line 21
   at Net2Pdf.PropertyMapper.GetMappings(String namePrefix, Object obj, Dictionary`2 mappings) in C:\Users\Steven\Documents\Visual Studio 2010\Projects\Net-to-PDF\Net2Pdf\PropertyMapper.cs:line 37
   at Net2Pdf.PropertyMapper.GetMappings(String namePrefix, Object obj, Dictionary`2 mappings) in C:\Users\Steven\Documents\Visual Studio 2010\Projects\Net-to-PDF\Net2Pdf\PropertyMapper.cs:line 62
   at Net2Pdf.PropertyMapper.GetMappings(String namePrefix, Object obj, Dictionary`2 mappings) in C:\Users\Steven\Documents\Visual Studio 2010\Projects\Net-to-PDF\Net2Pdf\PropertyMapper.cs:line 62
   at Net2Pdf.PropertyMapper.GetMappings(Object obj) in C:\Users\Steven\Documents\Visual Studio 2010\Projects\Net-to-PDF\Net2Pdf\PropertyMapper.cs:line 24
   at Net2PdfTests.FormatterTests.Object_ToString_Test() in C:\Users\Steven\Documents\Visual Studio 2010\Projects\Net-to-PDF\Net2PdfTests\FormatterTests.cs:line 147
</StackTrace>
        </ErrorInfo>
      </Output>
    </UnitTestResult>
  </Results>
</TestRun>