<?xml version="1.0" encoding="UTF-8"?>
<TestRun id="f8f33fa9-8df6-4880-94b5-7486a76ffb11" name="Steven@STEVEN-PC 2011-08-28 04:23:53" runUser="Steven-PC\Steven" xmlns="http://microsoft.com/schemas/VisualStudio/TeamTest/2010">
  <TestSettings name="Local" id="653f69b1-1c9a-4652-808a-ef66419d484c">
    <Description>These are default test settings for a local test run.</Description>
    <Deployment enabled="false" runDeploymentRoot="Steven_STEVEN-PC 2011-08-28 04_23_53">
      <DeploymentItem filename="C:\Users\Steven\Documents\Visual Studio 2010\Projects\Net-to-PDF\Net2Pdf\bin\Debug\Net2Pdf.dll" />
    </Deployment>
    <Execution>
      <TestTypeSpecific />
      <AgentRule name="Execution Agents">
      </AgentRule>
    </Execution>
  </TestSettings>
  <Times creation="2011-08-28T04:23:53.8657586-04:00" queuing="2011-08-28T04:23:54.5717990-04:00" start="2011-08-28T04:23:54.7338083-04:00" finish="2011-08-28T04:27:35.0424092-04:00" />
  <ResultSummary outcome="Error">
    <Counters total="17" executed="6" passed="5" error="0" failed="0" timeout="0" aborted="1" inconclusive="0" passedButRunAborted="0" notRunnable="0" notExecuted="11" disconnected="0" warning="0" completed="0" inProgress="0" pending="0" />
    <RunInfos>
      <RunInfo computerName="STEVEN-PC" outcome="Error" timestamp="2011-08-28T04:27:35.0404091-04:00">
        <Text>Test host process exited unexpectedly.</Text>
      </RunInfo>
    </RunInfos>
  </ResultSummary>
  <TestDefinitions>
    <UnitTest name="Enum_Format_Test" storage="c:\users\steven\documents\visual studio 2010\projects\net-to-pdf\net2pdftests\bin\debug\net2pdftests.dll" id="fc8cefbd-b5af-253c-59ea-56c0237fb2e4">
      <Execution id="21a0ca70-f9f8-4741-aa77-8552cddb4c84" />
      <TestMethod codeBase="C:/Users/Steven/Documents/Visual Studio 2010/Projects/Net-to-PDF/Net2PdfTests/bin/Debug/Net2PdfTests.DLL" adapterTypeName="Microsoft.VisualStudio.TestTools.TestTypes.Unit.UnitTestAdapter, Microsoft.VisualStudio.QualityTools.Tips.UnitTest.Adapter, Version=10.0.0.0, Culture=neutral, PublicKeyToken=b03f5f7f11d50a3a" className="Net2PdfTests.FormatterTests, Net2PdfTests, Version=1.0.0.0, Culture=neutral, PublicKeyToken=null" name="Enum_Format_Test" />
    </UnitTest>
    <UnitTest name="DateTimeTest" storage="c:\users\steven\documents\visual studio 2010\projects\net-to-pdf\net2pdftests\bin\debug\net2pdftests.dll" id="bf94dae5-5c34-f8c0-9390-ddd198d415b6">
      <Execution id="dcb3685d-11a0-457c-9200-2967486440ce" />
      <TestMethod codeBase="C:/Users/Steven/Documents/Visual Studio 2010/Projects/Net-to-PDF/Net2PdfTests/bin/Debug/Net2PdfTests.DLL" adapterTypeName="Microsoft.VisualStudio.TestTools.TestTypes.Unit.UnitTestAdapter, Microsoft.VisualStudio.QualityTools.Tips.UnitTest.Adapter, Version=10.0.0.0, Culture=neutral, PublicKeyToken=b03f5f7f11d50a3a" className="Net2PdfTests.StandardMappingTest, Net2PdfTests, Version=1.0.0.0, Culture=neutral, PublicKeyToken=null" name="DateTimeTest" />
    </UnitTest>
    <UnitTest name="ComplexListTest" storage="c:\users\steven\documents\visual studio 2010\projects\net-to-pdf\net2pdftests\bin\debug\net2pdftests.dll" id="6a9a4c5c-773c-e915-6c52-09dab4a5d77d">
      <Execution id="0de14c53-7515-45d5-a309-37a4b75784fa" />
      <TestMethod codeBase="C:/Users/Steven/Documents/Visual Studio 2010/Projects/Net-to-PDF/Net2PdfTests/bin/Debug/Net2PdfTests.DLL" adapterTypeName="Microsoft.VisualStudio.TestTools.TestTypes.Unit.UnitTestAdapter, Microsoft.VisualStudio.QualityTools.Tips.UnitTest.Adapter, Version=10.0.0.0, Culture=neutral, PublicKeyToken=b03f5f7f11d50a3a" className="Net2PdfTests.StandardMappingTest, Net2PdfTests, Version=1.0.0.0, Culture=neutral, PublicKeyToken=null" name="ComplexListTest" />
    </UnitTest>
    <UnitTest name="Primitive_As_Root2_Test" storage="c:\users\steven\documents\visual studio 2010\projects\net-to-pdf\net2pdftests\bin\debug\net2pdftests.dll" id="46d86b0f-f82b-3c1b-686e-88cbaca5be11">
      <Execution id="b20da721-be76-4a80-8823-d23611c90e9c" />
      <TestMethod codeBase="C:/Users/Steven/Documents/Visual Studio 2010/Projects/Net-to-PDF/Net2PdfTests/bin/Debug/Net2PdfTests.DLL" adapterTypeName="Microsoft.VisualStudio.TestTools.TestTypes.Unit.UnitTestAdapter, Microsoft.VisualStudio.QualityTools.Tips.UnitTest.Adapter, Version=10.0.0.0, Culture=neutral, PublicKeyToken=b03f5f7f11d50a3a" className="Net2PdfTests.FormatterTests, Net2PdfTests, Version=1.0.0.0, Culture=neutral, PublicKeyToken=null" name="Primitive_As_Root2_Test" />
    </UnitTest>
    <UnitTest name="EnumTest" storage="c:\users\steven\documents\visual studio 2010\projects\net-to-pdf\net2pdftests\bin\debug\net2pdftests.dll" id="5a54e69a-9ba0-cd96-c61d-3514894545fc">
      <Execution id="248996a6-0c29-45a6-9a40-ce5ae482b8ea" />
      <TestMethod codeBase="C:/Users/Steven/Documents/Visual Studio 2010/Projects/Net-to-PDF/Net2PdfTests/bin/Debug/Net2PdfTests.DLL" adapterTypeName="Microsoft.VisualStudio.TestTools.TestTypes.Unit.UnitTestAdapter, Microsoft.VisualStudio.QualityTools.Tips.UnitTest.Adapter, Version=10.0.0.0, Culture=neutral, PublicKeyToken=b03f5f7f11d50a3a" className="Net2PdfTests.StandardMappingTest, Net2PdfTests, Version=1.0.0.0, Culture=neutral, PublicKeyToken=null" name="EnumTest" />
    </UnitTest>
    <UnitTest name="Bool_Format_Test" storage="c:\users\steven\documents\visual studio 2010\projects\net-to-pdf\net2pdftests\bin\debug\net2pdftests.dll" id="3551e7e6-f93a-eae3-9f6f-e55bd921a3f0">
      <Execution id="d3c49389-eef2-4c21-b9fb-6950f71e49d3" />
      <TestMethod codeBase="C:/Users/Steven/Documents/Visual Studio 2010/Projects/Net-to-PDF/Net2PdfTests/bin/Debug/Net2PdfTests.DLL" adapterTypeName="Microsoft.VisualStudio.TestTools.TestTypes.Unit.UnitTestAdapter, Microsoft.VisualStudio.QualityTools.Tips.UnitTest.Adapter, Version=10.0.0.0, Culture=neutral, PublicKeyToken=b03f5f7f11d50a3a" className="Net2PdfTests.FormatterTests, Net2PdfTests, Version=1.0.0.0, Culture=neutral, PublicKeyToken=null" name="Bool_Format_Test" />
    </UnitTest>
    <UnitTest name="Multiple_Formats_Test" storage="c:\users\steven\documents\visual studio 2010\projects\net-to-pdf\net2pdftests\bin\debug\net2pdftests.dll" id="24ad7c42-6090-b7fe-b179-7ff8791b7322">
      <Execution id="0d2371c3-10aa-494d-b46a-c04748440148" />
      <TestMethod codeBase="C:/Users/Steven/Documents/Visual Studio 2010/Projects/Net-to-PDF/Net2PdfTests/bin/Debug/Net2PdfTests.DLL" adapterTypeName="Microsoft.VisualStudio.TestTools.TestTypes.Unit.UnitTestAdapter, Microsoft.VisualStudio.QualityTools.Tips.UnitTest.Adapter, Version=10.0.0.0, Culture=neutral, PublicKeyToken=b03f5f7f11d50a3a" className="Net2PdfTests.FormatterTests, Net2PdfTests, Version=1.0.0.0, Culture=neutral, PublicKeyToken=null" name="Multiple_Formats_Test" />
    </UnitTest>
    <UnitTest name="BasicPropertiesTest" storage="c:\users\steven\documents\visual studio 2010\projects\net-to-pdf\net2pdftests\bin\debug\net2pdftests.dll" id="6578d986-bc10-da0d-01b9-d32e4ee4aa03">
      <Execution id="e3c31939-b440-438e-b377-d931a91630b3" />
      <TestMethod codeBase="C:/Users/Steven/Documents/Visual Studio 2010/Projects/Net-to-PDF/Net2PdfTests/bin/Debug/Net2PdfTests.DLL" adapterTypeName="Microsoft.VisualStudio.TestTools.TestTypes.Unit.UnitTestAdapter, Microsoft.VisualStudio.QualityTools.Tips.UnitTest.Adapter, Version=10.0.0.0, Culture=neutral, PublicKeyToken=b03f5f7f11d50a3a" className="Net2PdfTests.StandardMappingTest, Net2PdfTests, Version=1.0.0.0, Culture=neutral, PublicKeyToken=null" name="BasicPropertiesTest" />
    </UnitTest>
    <UnitTest name="Enum_And_Bool_Format_Test" storage="c:\users\steven\documents\visual studio 2010\projects\net-to-pdf\net2pdftests\bin\debug\net2pdftests.dll" id="77c31b7e-360e-0c91-e586-03d116a8db6f">
      <Execution id="3a01d1ca-989f-477e-96ae-2d1d4194f66e" />
      <TestMethod codeBase="C:/Users/Steven/Documents/Visual Studio 2010/Projects/Net-to-PDF/Net2PdfTests/bin/Debug/Net2PdfTests.DLL" adapterTypeName="Microsoft.VisualStudio.TestTools.TestTypes.Unit.UnitTestAdapter, Microsoft.VisualStudio.QualityTools.Tips.UnitTest.Adapter, Version=10.0.0.0, Culture=neutral, PublicKeyToken=b03f5f7f11d50a3a" className="Net2PdfTests.FormatterTests, Net2PdfTests, Version=1.0.0.0, Culture=neutral, PublicKeyToken=null" name="Enum_And_Bool_Format_Test" />
    </UnitTest>
    <UnitTest name="NestedClassesTest" storage="c:\users\steven\documents\visual studio 2010\projects\net-to-pdf\net2pdftests\bin\debug\net2pdftests.dll" id="0ef8bd4d-a23c-bd1e-9de9-88f8e88829dd">
      <Execution id="d62bb380-e2ad-42e9-847c-ab6b4c58a3d1" />
      <TestMethod codeBase="C:/Users/Steven/Documents/Visual Studio 2010/Projects/Net-to-PDF/Net2PdfTests/bin/Debug/Net2PdfTests.DLL" adapterTypeName="Microsoft.VisualStudio.TestTools.TestTypes.Unit.UnitTestAdapter, Microsoft.VisualStudio.QualityTools.Tips.UnitTest.Adapter, Version=10.0.0.0, Culture=neutral, PublicKeyToken=b03f5f7f11d50a3a" className="Net2PdfTests.StandardMappingTest, Net2PdfTests, Version=1.0.0.0, Culture=neutral, PublicKeyToken=null" name="NestedClassesTest" />
    </UnitTest>
    <UnitTest name="ComplexList_Format_Test" storage="c:\users\steven\documents\visual studio 2010\projects\net-to-pdf\net2pdftests\bin\debug\net2pdftests.dll" id="5f86b717-6b8a-cbfb-c35f-5d39a81e9131">
      <Execution id="61dd576e-dbef-4264-83b2-ee90e16cfdec" />
      <TestMethod codeBase="C:/Users/Steven/Documents/Visual Studio 2010/Projects/Net-to-PDF/Net2PdfTests/bin/Debug/Net2PdfTests.DLL" adapterTypeName="Microsoft.VisualStudio.TestTools.TestTypes.Unit.UnitTestAdapter, Microsoft.VisualStudio.QualityTools.Tips.UnitTest.Adapter, Version=10.0.0.0, Culture=neutral, PublicKeyToken=b03f5f7f11d50a3a" className="Net2PdfTests.FormatterTests, Net2PdfTests, Version=1.0.0.0, Culture=neutral, PublicKeyToken=null" name="ComplexList_Format_Test" />
    </UnitTest>
    <UnitTest name="BoolTest" storage="c:\users\steven\documents\visual studio 2010\projects\net-to-pdf\net2pdftests\bin\debug\net2pdftests.dll" id="843f87da-ab17-0751-27c2-c9b7d8cb9c48">
      <Execution id="083463ca-0c55-4c73-8ddd-c84048e2d9c3" />
      <TestMethod codeBase="C:/Users/Steven/Documents/Visual Studio 2010/Projects/Net-to-PDF/Net2PdfTests/bin/Debug/Net2PdfTests.DLL" adapterTypeName="Microsoft.VisualStudio.TestTools.TestTypes.Unit.UnitTestAdapter, Microsoft.VisualStudio.QualityTools.Tips.UnitTest.Adapter, Version=10.0.0.0, Culture=neutral, PublicKeyToken=b03f5f7f11d50a3a" className="Net2PdfTests.StandardMappingTest, Net2PdfTests, Version=1.0.0.0, Culture=neutral, PublicKeyToken=null" name="BoolTest" />
    </UnitTest>
    <UnitTest name="das" storage="c:\users\steven\documents\visual studio 2010\projects\net-to-pdf\net2pdftests\bin\debug\net2pdftests.dll" id="50cea688-61cf-1e86-4d08-9af1698de2cf">
      <Execution id="1192f5ec-ea34-458c-a407-aa3ebded7c40" />
      <TestMethod codeBase="C:/Users/Steven/Documents/Visual Studio 2010/Projects/Net-to-PDF/Net2PdfTests/bin/Debug/Net2PdfTests.DLL" adapterTypeName="Microsoft.VisualStudio.TestTools.TestTypes.Unit.UnitTestAdapter, Microsoft.VisualStudio.QualityTools.Tips.UnitTest.Adapter, Version=10.0.0.0, Culture=neutral, PublicKeyToken=b03f5f7f11d50a3a" className="Net2PdfTests.FormatterTests, Net2PdfTests, Version=1.0.0.0, Culture=neutral, PublicKeyToken=null" name="das" />
    </UnitTest>
    <UnitTest name="BasicTypeTest" storage="c:\users\steven\documents\visual studio 2010\projects\net-to-pdf\net2pdftests\bin\debug\net2pdftests.dll" id="e6530888-e618-b9c9-4cfa-d3bd3e76c0bb">
      <Execution id="5508cdb4-68d8-43ca-b73f-3f714c6a01c5" />
      <TestMethod codeBase="C:/Users/Steven/Documents/Visual Studio 2010/Projects/Net-to-PDF/Net2PdfTests/bin/Debug/Net2PdfTests.DLL" adapterTypeName="Microsoft.VisualStudio.TestTools.TestTypes.Unit.UnitTestAdapter, Microsoft.VisualStudio.QualityTools.Tips.UnitTest.Adapter, Version=10.0.0.0, Culture=neutral, PublicKeyToken=b03f5f7f11d50a3a" className="Net2PdfTests.FormatterTests, Net2PdfTests, Version=1.0.0.0, Culture=neutral, PublicKeyToken=null" name="BasicTypeTest" />
    </UnitTest>
    <UnitTest name="Multiple_Formats2_Test" storage="c:\users\steven\documents\visual studio 2010\projects\net-to-pdf\net2pdftests\bin\debug\net2pdftests.dll" id="7b930fb9-6611-ab49-35cb-8bcbde79cdef">
      <Execution id="1d1cf867-d4e5-4b76-bf87-e6bbb2e563e8" />
      <TestMethod codeBase="C:/Users/Steven/Documents/Visual Studio 2010/Projects/Net-to-PDF/Net2PdfTests/bin/Debug/Net2PdfTests.DLL" adapterTypeName="Microsoft.VisualStudio.TestTools.TestTypes.Unit.UnitTestAdapter, Microsoft.VisualStudio.QualityTools.Tips.UnitTest.Adapter, Version=10.0.0.0, Culture=neutral, PublicKeyToken=b03f5f7f11d50a3a" className="Net2PdfTests.FormatterTests, Net2PdfTests, Version=1.0.0.0, Culture=neutral, PublicKeyToken=null" name="Multiple_Formats2_Test" />
    </UnitTest>
    <UnitTest name="Primitive_As_Root_Test" storage="c:\users\steven\documents\visual studio 2010\projects\net-to-pdf\net2pdftests\bin\debug\net2pdftests.dll" id="7050211c-c76c-513e-c05c-4a358ec8b4ae">
      <Execution id="6dbf0507-25b5-4183-b766-397028116513" />
      <TestMethod codeBase="C:/Users/Steven/Documents/Visual Studio 2010/Projects/Net-to-PDF/Net2PdfTests/bin/Debug/Net2PdfTests.DLL" adapterTypeName="Microsoft.VisualStudio.TestTools.TestTypes.Unit.UnitTestAdapter, Microsoft.VisualStudio.QualityTools.Tips.UnitTest.Adapter, Version=10.0.0.0, Culture=neutral, PublicKeyToken=b03f5f7f11d50a3a" className="Net2PdfTests.FormatterTests, Net2PdfTests, Version=1.0.0.0, Culture=neutral, PublicKeyToken=null" name="Primitive_As_Root_Test" />
    </UnitTest>
    <UnitTest name="DateTime_Formatting_Test" storage="c:\users\steven\documents\visual studio 2010\projects\net-to-pdf\net2pdftests\bin\debug\net2pdftests.dll" id="20d1606d-b7ac-7e22-75e8-7de25a1f6d7b">
      <Execution id="29e35146-eb9e-4ff6-935f-117d795cd091" />
      <TestMethod codeBase="C:/Users/Steven/Documents/Visual Studio 2010/Projects/Net-to-PDF/Net2PdfTests/bin/Debug/Net2PdfTests.DLL" adapterTypeName="Microsoft.VisualStudio.TestTools.TestTypes.Unit.UnitTestAdapter, Microsoft.VisualStudio.QualityTools.Tips.UnitTest.Adapter, Version=10.0.0.0, Culture=neutral, PublicKeyToken=b03f5f7f11d50a3a" className="Net2PdfTests.FormatterTests, Net2PdfTests, Version=1.0.0.0, Culture=neutral, PublicKeyToken=null" name="DateTime_Formatting_Test" />
    </UnitTest>
  </TestDefinitions>
  <TestLists>
    <TestList name="Results Not in a List" id="8c84fa94-04c1-424b-9868-57a2d4851a1d" />
    <TestList name="All Loaded Results" id="19431567-8539-422a-85d7-44ee4e166bda" />
  </TestLists>
  <TestEntries>
    <TestEntry testId="0ef8bd4d-a23c-bd1e-9de9-88f8e88829dd" executionId="d62bb380-e2ad-42e9-847c-ab6b4c58a3d1" testListId="8c84fa94-04c1-424b-9868-57a2d4851a1d" />
    <TestEntry testId="20d1606d-b7ac-7e22-75e8-7de25a1f6d7b" executionId="29e35146-eb9e-4ff6-935f-117d795cd091" testListId="8c84fa94-04c1-424b-9868-57a2d4851a1d" />
    <TestEntry testId="24ad7c42-6090-b7fe-b179-7ff8791b7322" executionId="0d2371c3-10aa-494d-b46a-c04748440148" testListId="8c84fa94-04c1-424b-9868-57a2d4851a1d" />
    <TestEntry testId="3551e7e6-f93a-eae3-9f6f-e55bd921a3f0" executionId="d3c49389-eef2-4c21-b9fb-6950f71e49d3" testListId="8c84fa94-04c1-424b-9868-57a2d4851a1d" />
    <TestEntry testId="46d86b0f-f82b-3c1b-686e-88cbaca5be11" executionId="b20da721-be76-4a80-8823-d23611c90e9c" testListId="8c84fa94-04c1-424b-9868-57a2d4851a1d" />
    <TestEntry testId="50cea688-61cf-1e86-4d08-9af1698de2cf" executionId="1192f5ec-ea34-458c-a407-aa3ebded7c40" testListId="8c84fa94-04c1-424b-9868-57a2d4851a1d" />
    <TestEntry testId="5a54e69a-9ba0-cd96-c61d-3514894545fc" executionId="248996a6-0c29-45a6-9a40-ce5ae482b8ea" testListId="8c84fa94-04c1-424b-9868-57a2d4851a1d" />
    <TestEntry testId="5f86b717-6b8a-cbfb-c35f-5d39a81e9131" executionId="61dd576e-dbef-4264-83b2-ee90e16cfdec" testListId="8c84fa94-04c1-424b-9868-57a2d4851a1d" />
    <TestEntry testId="6578d986-bc10-da0d-01b9-d32e4ee4aa03" executionId="e3c31939-b440-438e-b377-d931a91630b3" testListId="8c84fa94-04c1-424b-9868-57a2d4851a1d" />
    <TestEntry testId="6a9a4c5c-773c-e915-6c52-09dab4a5d77d" executionId="0de14c53-7515-45d5-a309-37a4b75784fa" testListId="8c84fa94-04c1-424b-9868-57a2d4851a1d" />
    <TestEntry testId="7050211c-c76c-513e-c05c-4a358ec8b4ae" executionId="6dbf0507-25b5-4183-b766-397028116513" testListId="8c84fa94-04c1-424b-9868-57a2d4851a1d" />
    <TestEntry testId="77c31b7e-360e-0c91-e586-03d116a8db6f" executionId="3a01d1ca-989f-477e-96ae-2d1d4194f66e" testListId="8c84fa94-04c1-424b-9868-57a2d4851a1d" />
    <TestEntry testId="7b930fb9-6611-ab49-35cb-8bcbde79cdef" executionId="1d1cf867-d4e5-4b76-bf87-e6bbb2e563e8" testListId="8c84fa94-04c1-424b-9868-57a2d4851a1d" />
    <TestEntry testId="843f87da-ab17-0751-27c2-c9b7d8cb9c48" executionId="083463ca-0c55-4c73-8ddd-c84048e2d9c3" testListId="8c84fa94-04c1-424b-9868-57a2d4851a1d" />
    <TestEntry testId="bf94dae5-5c34-f8c0-9390-ddd198d415b6" executionId="dcb3685d-11a0-457c-9200-2967486440ce" testListId="8c84fa94-04c1-424b-9868-57a2d4851a1d" />
    <TestEntry testId="e6530888-e618-b9c9-4cfa-d3bd3e76c0bb" executionId="5508cdb4-68d8-43ca-b73f-3f714c6a01c5" testListId="8c84fa94-04c1-424b-9868-57a2d4851a1d" />
    <TestEntry testId="fc8cefbd-b5af-253c-59ea-56c0237fb2e4" executionId="21a0ca70-f9f8-4741-aa77-8552cddb4c84" testListId="8c84fa94-04c1-424b-9868-57a2d4851a1d" />
  </TestEntries>
  <Results>
    <UnitTestResult executionId="d62bb380-e2ad-42e9-847c-ab6b4c58a3d1" testId="0ef8bd4d-a23c-bd1e-9de9-88f8e88829dd" testName="NestedClassesTest" computerName="STEVEN-PC" duration="00:00:00.0776289" startTime="2011-08-28T04:23:54.8658158-04:00" endTime="2011-08-28T04:23:55.5668559-04:00" testType="13cdc9d9-ddb5-4fa4-a97d-d965ccfc6d4b" outcome="Passed" testListId="8c84fa94-04c1-424b-9868-57a2d4851a1d" relativeResultsDirectory="d62bb380-e2ad-42e9-847c-ab6b4c58a3d1">
    </UnitTestResult>
    <UnitTestResult executionId="29e35146-eb9e-4ff6-935f-117d795cd091" testId="20d1606d-b7ac-7e22-75e8-7de25a1f6d7b" testName="DateTime_Formatting_Test" computerName="STEVEN-PC" duration="00:00:00.0067849" startTime="2011-08-28T04:23:55.5718562-04:00" endTime="2011-08-28T04:23:55.5858570-04:00" testType="13cdc9d9-ddb5-4fa4-a97d-d965ccfc6d4b" outcome="Passed" testListId="8c84fa94-04c1-424b-9868-57a2d4851a1d" relativeResultsDirectory="29e35146-eb9e-4ff6-935f-117d795cd091">
    </UnitTestResult>
    <UnitTestResult executionId="0d2371c3-10aa-494d-b46a-c04748440148" testId="24ad7c42-6090-b7fe-b179-7ff8791b7322" testName="Multiple_Formats_Test" computerName="STEVEN-PC" duration="00:00:00.0024122" startTime="2011-08-28T04:23:55.5898572-04:00" endTime="2011-08-28T04:23:55.6008579-04:00" testType="13cdc9d9-ddb5-4fa4-a97d-d965ccfc6d4b" outcome="Passed" testListId="8c84fa94-04c1-424b-9868-57a2d4851a1d" relativeResultsDirectory="0d2371c3-10aa-494d-b46a-c04748440148">
    </UnitTestResult>
    <UnitTestResult executionId="d3c49389-eef2-4c21-b9fb-6950f71e49d3" testId="3551e7e6-f93a-eae3-9f6f-e55bd921a3f0" testName="Bool_Format_Test" computerName="STEVEN-PC" duration="00:00:00.0022279" startTime="2011-08-28T04:23:55.6048581-04:00" endTime="2011-08-28T04:23:55.6138586-04:00" testType="13cdc9d9-ddb5-4fa4-a97d-d965ccfc6d4b" outcome="Passed" testListId="8c84fa94-04c1-424b-9868-57a2d4851a1d" relativeResultsDirectory="d3c49389-eef2-4c21-b9fb-6950f71e49d3">
    </UnitTestResult>
    <UnitTestResult executionId="b20da721-be76-4a80-8823-d23611c90e9c" testId="46d86b0f-f82b-3c1b-686e-88cbaca5be11" testName="Primitive_As_Root2_Test" computerName="STEVEN-PC" duration="00:00:00.0012197" startTime="2011-08-28T04:23:55.6168588-04:00" endTime="2011-08-28T04:23:55.6248592-04:00" testType="13cdc9d9-ddb5-4fa4-a97d-d965ccfc6d4b" outcome="Passed" testListId="8c84fa94-04c1-424b-9868-57a2d4851a1d" relativeResultsDirectory="b20da721-be76-4a80-8823-d23611c90e9c">
    </UnitTestResult>
    <UnitTestResult executionId="1192f5ec-ea34-458c-a407-aa3ebded7c40" testId="50cea688-61cf-1e86-4d08-9af1698de2cf" testName="das" computerName="STEVEN-PC" duration="00:03:39.4135497" startTime="2011-08-28T04:23:55.6278594-04:00" endTime="2011-08-28T04:27:35.0414091-04:00" testType="13cdc9d9-ddb5-4fa4-a97d-d965ccfc6d4b" outcome="Aborted" testListId="8c84fa94-04c1-424b-9868-57a2d4851a1d" relativeResultsDirectory="1192f5ec-ea34-458c-a407-aa3ebded7c40">
    </UnitTestResult>
    <UnitTestResult executionId="248996a6-0c29-45a6-9a40-ce5ae482b8ea" testId="5a54e69a-9ba0-cd96-c61d-3514894545fc" testName="EnumTest" computerName="STEVEN-PC" testType="13cdc9d9-ddb5-4fa4-a97d-d965ccfc6d4b" outcome="NotExecuted" testListId="8c84fa94-04c1-424b-9868-57a2d4851a1d" relativeResultsDirectory="248996a6-0c29-45a6-9a40-ce5ae482b8ea">
    </UnitTestResult>
    <UnitTestResult executionId="61dd576e-dbef-4264-83b2-ee90e16cfdec" testId="5f86b717-6b8a-cbfb-c35f-5d39a81e9131" testName="ComplexList_Format_Test" computerName="STEVEN-PC" testType="13cdc9d9-ddb5-4fa4-a97d-d965ccfc6d4b" outcome="NotExecuted" testListId="8c84fa94-04c1-424b-9868-57a2d4851a1d" relativeResultsDirectory="61dd576e-dbef-4264-83b2-ee90e16cfdec">
    </UnitTestResult>
    <UnitTestResult executionId="e3c31939-b440-438e-b377-d931a91630b3" testId="6578d986-bc10-da0d-01b9-d32e4ee4aa03" testName="BasicPropertiesTest" computerName="STEVEN-PC" testType="13cdc9d9-ddb5-4fa4-a97d-d965ccfc6d4b" outcome="NotExecuted" testListId="8c84fa94-04c1-424b-9868-57a2d4851a1d" relativeResultsDirectory="e3c31939-b440-438e-b377-d931a91630b3">
    </UnitTestResult>
    <UnitTestResult executionId="0de14c53-7515-45d5-a309-37a4b75784fa" testId="6a9a4c5c-773c-e915-6c52-09dab4a5d77d" testName="ComplexListTest" computerName="STEVEN-PC" testType="13cdc9d9-ddb5-4fa4-a97d-d965ccfc6d4b" outcome="NotExecuted" testListId="8c84fa94-04c1-424b-9868-57a2d4851a1d" relativeResultsDirectory="0de14c53-7515-45d5-a309-37a4b75784fa">
    </UnitTestResult>
    <UnitTestResult executionId="6dbf0507-25b5-4183-b766-397028116513" testId="7050211c-c76c-513e-c05c-4a358ec8b4ae" testName="Primitive_As_Root_Test" computerName="STEVEN-PC" testType="13cdc9d9-ddb5-4fa4-a97d-d965ccfc6d4b" outcome="NotExecuted" testListId="8c84fa94-04c1-424b-9868-57a2d4851a1d" relativeResultsDirectory="6dbf0507-25b5-4183-b766-397028116513">
    </UnitTestResult>
    <UnitTestResult executionId="3a01d1ca-989f-477e-96ae-2d1d4194f66e" testId="77c31b7e-360e-0c91-e586-03d116a8db6f" testName="Enum_And_Bool_Format_Test" computerName="STEVEN-PC" testType="13cdc9d9-ddb5-4fa4-a97d-d965ccfc6d4b" outcome="NotExecuted" testListId="8c84fa94-04c1-424b-9868-57a2d4851a1d" relativeResultsDirectory="3a01d1ca-989f-477e-96ae-2d1d4194f66e">
    </UnitTestResult>
    <UnitTestResult executionId="1d1cf867-d4e5-4b76-bf87-e6bbb2e563e8" testId="7b930fb9-6611-ab49-35cb-8bcbde79cdef" testName="Multiple_Formats2_Test" computerName="STEVEN-PC" testType="13cdc9d9-ddb5-4fa4-a97d-d965ccfc6d4b" outcome="NotExecuted" testListId="8c84fa94-04c1-424b-9868-57a2d4851a1d" relativeResultsDirectory="1d1cf867-d4e5-4b76-bf87-e6bbb2e563e8">
    </UnitTestResult>
    <UnitTestResult executionId="083463ca-0c55-4c73-8ddd-c84048e2d9c3" testId="843f87da-ab17-0751-27c2-c9b7d8cb9c48" testName="BoolTest" computerName="STEVEN-PC" testType="13cdc9d9-ddb5-4fa4-a97d-d965ccfc6d4b" outcome="NotExecuted" testListId="8c84fa94-04c1-424b-9868-57a2d4851a1d" relativeResultsDirectory="083463ca-0c55-4c73-8ddd-c84048e2d9c3">
    </UnitTestResult>
    <UnitTestResult executionId="dcb3685d-11a0-457c-9200-2967486440ce" testId="bf94dae5-5c34-f8c0-9390-ddd198d415b6" testName="DateTimeTest" computerName="STEVEN-PC" testType="13cdc9d9-ddb5-4fa4-a97d-d965ccfc6d4b" outcome="NotExecuted" testListId="8c84fa94-04c1-424b-9868-57a2d4851a1d" relativeResultsDirectory="dcb3685d-11a0-457c-9200-2967486440ce">
    </UnitTestResult>
    <UnitTestResult executionId="5508cdb4-68d8-43ca-b73f-3f714c6a01c5" testId="e6530888-e618-b9c9-4cfa-d3bd3e76c0bb" testName="BasicTypeTest" computerName="STEVEN-PC" testType="13cdc9d9-ddb5-4fa4-a97d-d965ccfc6d4b" outcome="NotExecuted" testListId="8c84fa94-04c1-424b-9868-57a2d4851a1d" relativeResultsDirectory="5508cdb4-68d8-43ca-b73f-3f714c6a01c5">
    </UnitTestResult>
    <UnitTestResult executionId="21a0ca70-f9f8-4741-aa77-8552cddb4c84" testId="fc8cefbd-b5af-253c-59ea-56c0237fb2e4" testName="Enum_Format_Test" computerName="STEVEN-PC" testType="13cdc9d9-ddb5-4fa4-a97d-d965ccfc6d4b" outcome="NotExecuted" testListId="8c84fa94-04c1-424b-9868-57a2d4851a1d" relativeResultsDirectory="21a0ca70-f9f8-4741-aa77-8552cddb4c84">
    </UnitTestResult>
  </Results>
</TestRun>