<?xml version="1.0" encoding="UTF-8"?>
<TestRun id="1daf0af2-c9c3-4b34-8d79-c63452260925" name="Steven@STEVEN-PC 2011-08-27 14:16:57" runUser="Steven-PC\Steven" xmlns="http://microsoft.com/schemas/VisualStudio/TeamTest/2010">
  <TestSettings name="Local" id="653f69b1-1c9a-4652-808a-ef66419d484c">
    <Description>These are default test settings for a local test run.</Description>
    <Deployment enabled="false" runDeploymentRoot="Steven_STEVEN-PC 2011-08-27 14_16_57">
      <DeploymentItem filename="C:\Users\Steven\documents\visual studio 2010\Projects\Net2Pdf\Net2Pdf\bin\Debug\Net2Pdf.dll" />
    </Deployment>
    <Execution>
      <TestTypeSpecific />
      <AgentRule name="Execution Agents">
      </AgentRule>
    </Execution>
  </TestSettings>
  <Times creation="2011-08-27T14:16:57.8085743-04:00" queuing="2011-08-27T14:16:58.3906076-04:00" start="2011-08-27T14:16:58.4416105-04:00" finish="2011-08-27T14:16:59.3596630-04:00" />
  <ResultSummary outcome="Completed">
    <Counters total="15" executed="15" passed="15" error="0" failed="0" timeout="0" aborted="0" inconclusive="0" passedButRunAborted="0" notRunnable="0" notExecuted="0" disconnected="0" warning="0" completed="0" inProgress="0" pending="0" />
  </ResultSummary>
  <TestDefinitions>
    <UnitTest name="DateTimeTest" storage="c:\users\steven\documents\visual studio 2010\projects\net2pdf\net2pdftests\bin\debug\net2pdftests.dll" id="bf94dae5-5c34-f8c0-9390-ddd198d415b6">
      <Execution id="671313ec-4d10-4e5d-ba91-00aeb432a358" />
      <TestMethod codeBase="C:/Users/Steven/documents/visual studio 2010/Projects/Net2Pdf/Net2PdfTests/bin/Debug/Net2PdfTests.DLL" adapterTypeName="Microsoft.VisualStudio.TestTools.TestTypes.Unit.UnitTestAdapter, Microsoft.VisualStudio.QualityTools.Tips.UnitTest.Adapter, Version=10.0.0.0, Culture=neutral, PublicKeyToken=b03f5f7f11d50a3a" className="Net2PdfTests.StandardMappingTest, Net2PdfTests, Version=1.0.0.0, Culture=neutral, PublicKeyToken=null" name="DateTimeTest" />
    </UnitTest>
    <UnitTest name="Multiple_Formats_Test" storage="c:\users\steven\documents\visual studio 2010\projects\net2pdf\net2pdftests\bin\debug\net2pdftests.dll" id="8ba613f4-3173-b36b-b2c4-2ce58c484a08">
      <Execution id="7c514e86-0773-4b09-9288-9462045141e4" />
      <TestMethod codeBase="C:/Users/Steven/documents/visual studio 2010/Projects/Net2Pdf/Net2PdfTests/bin/Debug/Net2PdfTests.DLL" adapterTypeName="Microsoft.VisualStudio.TestTools.TestTypes.Unit.UnitTestAdapter, Microsoft.VisualStudio.QualityTools.Tips.UnitTest.Adapter, Version=10.0.0.0, Culture=neutral, PublicKeyToken=b03f5f7f11d50a3a" className="Net2PdfTests.FormattersTests, Net2PdfTests, Version=1.0.0.0, Culture=neutral, PublicKeyToken=null" name="Multiple_Formats_Test" />
    </UnitTest>
    <UnitTest name="Primitive_As_Root_Test" storage="c:\users\steven\documents\visual studio 2010\projects\net2pdf\net2pdftests\bin\debug\net2pdftests.dll" id="2a1b6a24-3c79-8232-f09c-b18021f1e9d4">
      <Execution id="be3cb4da-be43-42c5-8634-96c75240cf13" />
      <TestMethod codeBase="C:/Users/Steven/documents/visual studio 2010/Projects/Net2Pdf/Net2PdfTests/bin/Debug/Net2PdfTests.DLL" adapterTypeName="Microsoft.VisualStudio.TestTools.TestTypes.Unit.UnitTestAdapter, Microsoft.VisualStudio.QualityTools.Tips.UnitTest.Adapter, Version=10.0.0.0, Culture=neutral, PublicKeyToken=b03f5f7f11d50a3a" className="Net2PdfTests.FormattersTests, Net2PdfTests, Version=1.0.0.0, Culture=neutral, PublicKeyToken=null" name="Primitive_As_Root_Test" />
    </UnitTest>
    <UnitTest name="EnumTest" storage="c:\users\steven\documents\visual studio 2010\projects\net2pdf\net2pdftests\bin\debug\net2pdftests.dll" id="5a54e69a-9ba0-cd96-c61d-3514894545fc">
      <Execution id="753950d3-0240-4727-a2d4-de0089f4c73f" />
      <TestMethod codeBase="C:/Users/Steven/documents/visual studio 2010/Projects/Net2Pdf/Net2PdfTests/bin/Debug/Net2PdfTests.DLL" adapterTypeName="Microsoft.VisualStudio.TestTools.TestTypes.Unit.UnitTestAdapter, Microsoft.VisualStudio.QualityTools.Tips.UnitTest.Adapter, Version=10.0.0.0, Culture=neutral, PublicKeyToken=b03f5f7f11d50a3a" className="Net2PdfTests.StandardMappingTest, Net2PdfTests, Version=1.0.0.0, Culture=neutral, PublicKeyToken=null" name="EnumTest" />
    </UnitTest>
    <UnitTest name="Bool_Format_Test" storage="c:\users\steven\documents\visual studio 2010\projects\net2pdf\net2pdftests\bin\debug\net2pdftests.dll" id="e4280980-2bc4-1a6a-9a5c-6b738aa31681">
      <Execution id="71ef9dbd-13c3-4cbd-896d-431b94e6b59d" />
      <TestMethod codeBase="C:/Users/Steven/documents/visual studio 2010/Projects/Net2Pdf/Net2PdfTests/bin/Debug/Net2PdfTests.DLL" adapterTypeName="Microsoft.VisualStudio.TestTools.TestTypes.Unit.UnitTestAdapter, Microsoft.VisualStudio.QualityTools.Tips.UnitTest.Adapter, Version=10.0.0.0, Culture=neutral, PublicKeyToken=b03f5f7f11d50a3a" className="Net2PdfTests.FormattersTests, Net2PdfTests, Version=1.0.0.0, Culture=neutral, PublicKeyToken=null" name="Bool_Format_Test" />
    </UnitTest>
    <UnitTest name="DateTime_Formatting_Test" storage="c:\users\steven\documents\visual studio 2010\projects\net2pdf\net2pdftests\bin\debug\net2pdftests.dll" id="82dd9a00-f561-ebb8-faa6-90e149b57bf5">
      <Execution id="a0844ff0-047b-4fe2-a67b-d4b65f23ca5b" />
      <TestMethod codeBase="C:/Users/Steven/documents/visual studio 2010/Projects/Net2Pdf/Net2PdfTests/bin/Debug/Net2PdfTests.DLL" adapterTypeName="Microsoft.VisualStudio.TestTools.TestTypes.Unit.UnitTestAdapter, Microsoft.VisualStudio.QualityTools.Tips.UnitTest.Adapter, Version=10.0.0.0, Culture=neutral, PublicKeyToken=b03f5f7f11d50a3a" className="Net2PdfTests.FormattersTests, Net2PdfTests, Version=1.0.0.0, Culture=neutral, PublicKeyToken=null" name="DateTime_Formatting_Test" />
    </UnitTest>
    <UnitTest name="BasicTypeTest" storage="c:\users\steven\documents\visual studio 2010\projects\net2pdf\net2pdftests\bin\debug\net2pdftests.dll" id="10d4476b-5e09-3c3d-9147-15a2abf91527">
      <Execution id="353b4f30-ce9b-4dac-8085-3b5b8bdff583" />
      <TestMethod codeBase="C:/Users/Steven/documents/visual studio 2010/Projects/Net2Pdf/Net2PdfTests/bin/Debug/Net2PdfTests.DLL" adapterTypeName="Microsoft.VisualStudio.TestTools.TestTypes.Unit.UnitTestAdapter, Microsoft.VisualStudio.QualityTools.Tips.UnitTest.Adapter, Version=10.0.0.0, Culture=neutral, PublicKeyToken=b03f5f7f11d50a3a" className="Net2PdfTests.FormattersTests, Net2PdfTests, Version=1.0.0.0, Culture=neutral, PublicKeyToken=null" name="BasicTypeTest" />
    </UnitTest>
    <UnitTest name="ComplexList_Format_Test" storage="c:\users\steven\documents\visual studio 2010\projects\net2pdf\net2pdftests\bin\debug\net2pdftests.dll" id="de2aa88f-515c-5cb4-0a0f-2515d77a3076">
      <Execution id="13cb6719-b477-4c4e-9c19-4cfb1c59fd7c" />
      <TestMethod codeBase="C:/Users/Steven/documents/visual studio 2010/Projects/Net2Pdf/Net2PdfTests/bin/Debug/Net2PdfTests.DLL" adapterTypeName="Microsoft.VisualStudio.TestTools.TestTypes.Unit.UnitTestAdapter, Microsoft.VisualStudio.QualityTools.Tips.UnitTest.Adapter, Version=10.0.0.0, Culture=neutral, PublicKeyToken=b03f5f7f11d50a3a" className="Net2PdfTests.FormattersTests, Net2PdfTests, Version=1.0.0.0, Culture=neutral, PublicKeyToken=null" name="ComplexList_Format_Test" />
    </UnitTest>
    <UnitTest name="Primitive_As_Root2_Test" storage="c:\users\steven\documents\visual studio 2010\projects\net2pdf\net2pdftests\bin\debug\net2pdftests.dll" id="aa02854e-5304-a4cf-878c-5e7276deaeaa">
      <Execution id="10f769ca-9b92-4c24-a2ab-026e548d1e4d" />
      <TestMethod codeBase="C:/Users/Steven/documents/visual studio 2010/Projects/Net2Pdf/Net2PdfTests/bin/Debug/Net2PdfTests.DLL" adapterTypeName="Microsoft.VisualStudio.TestTools.TestTypes.Unit.UnitTestAdapter, Microsoft.VisualStudio.QualityTools.Tips.UnitTest.Adapter, Version=10.0.0.0, Culture=neutral, PublicKeyToken=b03f5f7f11d50a3a" className="Net2PdfTests.FormattersTests, Net2PdfTests, Version=1.0.0.0, Culture=neutral, PublicKeyToken=null" name="Primitive_As_Root2_Test" />
    </UnitTest>
    <UnitTest name="Enum_And_Bool_Format_Test" storage="c:\users\steven\documents\visual studio 2010\projects\net2pdf\net2pdftests\bin\debug\net2pdftests.dll" id="fd8fc137-773c-3bf4-9c92-daac7921b7be">
      <Execution id="2133b125-55d4-4a88-9aed-f7133f8edd65" />
      <TestMethod codeBase="C:/Users/Steven/documents/visual studio 2010/Projects/Net2Pdf/Net2PdfTests/bin/Debug/Net2PdfTests.DLL" adapterTypeName="Microsoft.VisualStudio.TestTools.TestTypes.Unit.UnitTestAdapter, Microsoft.VisualStudio.QualityTools.Tips.UnitTest.Adapter, Version=10.0.0.0, Culture=neutral, PublicKeyToken=b03f5f7f11d50a3a" className="Net2PdfTests.FormattersTests, Net2PdfTests, Version=1.0.0.0, Culture=neutral, PublicKeyToken=null" name="Enum_And_Bool_Format_Test" />
    </UnitTest>
    <UnitTest name="NestedClassesTest" storage="c:\users\steven\documents\visual studio 2010\projects\net2pdf\net2pdftests\bin\debug\net2pdftests.dll" id="0ef8bd4d-a23c-bd1e-9de9-88f8e88829dd">
      <Execution id="e992d875-db73-4f03-9873-ba56eb20d28c" />
      <TestMethod codeBase="C:/Users/Steven/documents/visual studio 2010/Projects/Net2Pdf/Net2PdfTests/bin/Debug/Net2PdfTests.DLL" adapterTypeName="Microsoft.VisualStudio.TestTools.TestTypes.Unit.UnitTestAdapter, Microsoft.VisualStudio.QualityTools.Tips.UnitTest.Adapter, Version=10.0.0.0, Culture=neutral, PublicKeyToken=b03f5f7f11d50a3a" className="Net2PdfTests.StandardMappingTest, Net2PdfTests, Version=1.0.0.0, Culture=neutral, PublicKeyToken=null" name="NestedClassesTest" />
    </UnitTest>
    <UnitTest name="ComplexListTest" storage="c:\users\steven\documents\visual studio 2010\projects\net2pdf\net2pdftests\bin\debug\net2pdftests.dll" id="6a9a4c5c-773c-e915-6c52-09dab4a5d77d">
      <Execution id="78443d11-d2ab-403a-84da-951253ce33b2" />
      <TestMethod codeBase="C:/Users/Steven/documents/visual studio 2010/Projects/Net2Pdf/Net2PdfTests/bin/Debug/Net2PdfTests.DLL" adapterTypeName="Microsoft.VisualStudio.TestTools.TestTypes.Unit.UnitTestAdapter, Microsoft.VisualStudio.QualityTools.Tips.UnitTest.Adapter, Version=10.0.0.0, Culture=neutral, PublicKeyToken=b03f5f7f11d50a3a" className="Net2PdfTests.StandardMappingTest, Net2PdfTests, Version=1.0.0.0, Culture=neutral, PublicKeyToken=null" name="ComplexListTest" />
    </UnitTest>
    <UnitTest name="BoolTest" storage="c:\users\steven\documents\visual studio 2010\projects\net2pdf\net2pdftests\bin\debug\net2pdftests.dll" id="843f87da-ab17-0751-27c2-c9b7d8cb9c48">
      <Execution id="221f2ccb-4632-4dc2-8ab9-2a0f9711cba3" />
      <TestMethod codeBase="C:/Users/Steven/documents/visual studio 2010/Projects/Net2Pdf/Net2PdfTests/bin/Debug/Net2PdfTests.DLL" adapterTypeName="Microsoft.VisualStudio.TestTools.TestTypes.Unit.UnitTestAdapter, Microsoft.VisualStudio.QualityTools.Tips.UnitTest.Adapter, Version=10.0.0.0, Culture=neutral, PublicKeyToken=b03f5f7f11d50a3a" className="Net2PdfTests.StandardMappingTest, Net2PdfTests, Version=1.0.0.0, Culture=neutral, PublicKeyToken=null" name="BoolTest" />
    </UnitTest>
    <UnitTest name="BasicPropertiesTest" storage="c:\users\steven\documents\visual studio 2010\projects\net2pdf\net2pdftests\bin\debug\net2pdftests.dll" id="6578d986-bc10-da0d-01b9-d32e4ee4aa03">
      <Execution id="67cbad45-5ccf-46e7-b33b-7e8e1ba02f7b" />
      <TestMethod codeBase="C:/Users/Steven/documents/visual studio 2010/Projects/Net2Pdf/Net2PdfTests/bin/Debug/Net2PdfTests.DLL" adapterTypeName="Microsoft.VisualStudio.TestTools.TestTypes.Unit.UnitTestAdapter, Microsoft.VisualStudio.QualityTools.Tips.UnitTest.Adapter, Version=10.0.0.0, Culture=neutral, PublicKeyToken=b03f5f7f11d50a3a" className="Net2PdfTests.StandardMappingTest, Net2PdfTests, Version=1.0.0.0, Culture=neutral, PublicKeyToken=null" name="BasicPropertiesTest" />
    </UnitTest>
    <UnitTest name="Enum_Format_Test" storage="c:\users\steven\documents\visual studio 2010\projects\net2pdf\net2pdftests\bin\debug\net2pdftests.dll" id="17b24c13-4e76-58ac-f834-58b7dbc12f47">
      <Execution id="92b95401-c949-46fe-8e3d-a84cbe7411ad" />
      <TestMethod codeBase="C:/Users/Steven/documents/visual studio 2010/Projects/Net2Pdf/Net2PdfTests/bin/Debug/Net2PdfTests.DLL" adapterTypeName="Microsoft.VisualStudio.TestTools.TestTypes.Unit.UnitTestAdapter, Microsoft.VisualStudio.QualityTools.Tips.UnitTest.Adapter, Version=10.0.0.0, Culture=neutral, PublicKeyToken=b03f5f7f11d50a3a" className="Net2PdfTests.FormattersTests, Net2PdfTests, Version=1.0.0.0, Culture=neutral, PublicKeyToken=null" name="Enum_Format_Test" />
    </UnitTest>
  </TestDefinitions>
  <TestLists>
    <TestList name="Results Not in a List" id="8c84fa94-04c1-424b-9868-57a2d4851a1d" />
    <TestList name="All Loaded Results" id="19431567-8539-422a-85d7-44ee4e166bda" />
  </TestLists>
  <TestEntries>
    <TestEntry testId="6578d986-bc10-da0d-01b9-d32e4ee4aa03" executionId="67cbad45-5ccf-46e7-b33b-7e8e1ba02f7b" testListId="8c84fa94-04c1-424b-9868-57a2d4851a1d" />
    <TestEntry testId="0ef8bd4d-a23c-bd1e-9de9-88f8e88829dd" executionId="e992d875-db73-4f03-9873-ba56eb20d28c" testListId="8c84fa94-04c1-424b-9868-57a2d4851a1d" />
    <TestEntry testId="5a54e69a-9ba0-cd96-c61d-3514894545fc" executionId="753950d3-0240-4727-a2d4-de0089f4c73f" testListId="8c84fa94-04c1-424b-9868-57a2d4851a1d" />
    <TestEntry testId="10d4476b-5e09-3c3d-9147-15a2abf91527" executionId="353b4f30-ce9b-4dac-8085-3b5b8bdff583" testListId="8c84fa94-04c1-424b-9868-57a2d4851a1d" />
    <TestEntry testId="bf94dae5-5c34-f8c0-9390-ddd198d415b6" executionId="671313ec-4d10-4e5d-ba91-00aeb432a358" testListId="8c84fa94-04c1-424b-9868-57a2d4851a1d" />
    <TestEntry testId="82dd9a00-f561-ebb8-faa6-90e149b57bf5" executionId="a0844ff0-047b-4fe2-a67b-d4b65f23ca5b" testListId="8c84fa94-04c1-424b-9868-57a2d4851a1d" />
    <TestEntry testId="2a1b6a24-3c79-8232-f09c-b18021f1e9d4" executionId="be3cb4da-be43-42c5-8634-96c75240cf13" testListId="8c84fa94-04c1-424b-9868-57a2d4851a1d" />
    <TestEntry testId="8ba613f4-3173-b36b-b2c4-2ce58c484a08" executionId="7c514e86-0773-4b09-9288-9462045141e4" testListId="8c84fa94-04c1-424b-9868-57a2d4851a1d" />
    <TestEntry testId="17b24c13-4e76-58ac-f834-58b7dbc12f47" executionId="92b95401-c949-46fe-8e3d-a84cbe7411ad" testListId="8c84fa94-04c1-424b-9868-57a2d4851a1d" />
    <TestEntry testId="843f87da-ab17-0751-27c2-c9b7d8cb9c48" executionId="221f2ccb-4632-4dc2-8ab9-2a0f9711cba3" testListId="8c84fa94-04c1-424b-9868-57a2d4851a1d" />
    <TestEntry testId="e4280980-2bc4-1a6a-9a5c-6b738aa31681" executionId="71ef9dbd-13c3-4cbd-896d-431b94e6b59d" testListId="8c84fa94-04c1-424b-9868-57a2d4851a1d" />
    <TestEntry testId="fd8fc137-773c-3bf4-9c92-daac7921b7be" executionId="2133b125-55d4-4a88-9aed-f7133f8edd65" testListId="8c84fa94-04c1-424b-9868-57a2d4851a1d" />
    <TestEntry testId="aa02854e-5304-a4cf-878c-5e7276deaeaa" executionId="10f769ca-9b92-4c24-a2ab-026e548d1e4d" testListId="8c84fa94-04c1-424b-9868-57a2d4851a1d" />
    <TestEntry testId="6a9a4c5c-773c-e915-6c52-09dab4a5d77d" executionId="78443d11-d2ab-403a-84da-951253ce33b2" testListId="8c84fa94-04c1-424b-9868-57a2d4851a1d" />
    <TestEntry testId="de2aa88f-515c-5cb4-0a0f-2515d77a3076" executionId="13cb6719-b477-4c4e-9c19-4cfb1c59fd7c" testListId="8c84fa94-04c1-424b-9868-57a2d4851a1d" />
  </TestEntries>
  <Results>
    <UnitTestResult executionId="67cbad45-5ccf-46e7-b33b-7e8e1ba02f7b" testId="6578d986-bc10-da0d-01b9-d32e4ee4aa03" testName="BasicPropertiesTest" computerName="STEVEN-PC" duration="00:00:00.0747748" startTime="2011-08-27T14:16:58.4686120-04:00" endTime="2011-08-27T14:16:59.1176492-04:00" testType="13cdc9d9-ddb5-4fa4-a97d-d965ccfc6d4b" outcome="Passed" testListId="8c84fa94-04c1-424b-9868-57a2d4851a1d" relativeResultsDirectory="67cbad45-5ccf-46e7-b33b-7e8e1ba02f7b">
    </UnitTestResult>
    <UnitTestResult executionId="e992d875-db73-4f03-9873-ba56eb20d28c" testId="0ef8bd4d-a23c-bd1e-9de9-88f8e88829dd" testName="NestedClassesTest" computerName="STEVEN-PC" duration="00:00:00.0004692" startTime="2011-08-27T14:16:59.1226495-04:00" endTime="2011-08-27T14:16:59.1296499-04:00" testType="13cdc9d9-ddb5-4fa4-a97d-d965ccfc6d4b" outcome="Passed" testListId="8c84fa94-04c1-424b-9868-57a2d4851a1d" relativeResultsDirectory="e992d875-db73-4f03-9873-ba56eb20d28c">
    </UnitTestResult>
    <UnitTestResult executionId="753950d3-0240-4727-a2d4-de0089f4c73f" testId="5a54e69a-9ba0-cd96-c61d-3514894545fc" testName="EnumTest" computerName="STEVEN-PC" duration="00:00:00.0004053" startTime="2011-08-27T14:16:59.1336501-04:00" endTime="2011-08-27T14:16:59.1406505-04:00" testType="13cdc9d9-ddb5-4fa4-a97d-d965ccfc6d4b" outcome="Passed" testListId="8c84fa94-04c1-424b-9868-57a2d4851a1d" relativeResultsDirectory="753950d3-0240-4727-a2d4-de0089f4c73f">
    </UnitTestResult>
    <UnitTestResult executionId="353b4f30-ce9b-4dac-8085-3b5b8bdff583" testId="10d4476b-5e09-3c3d-9147-15a2abf91527" testName="BasicTypeTest" computerName="STEVEN-PC" duration="00:00:00.0070502" startTime="2011-08-27T14:16:59.1676520-04:00" endTime="2011-08-27T14:16:59.1826529-04:00" testType="13cdc9d9-ddb5-4fa4-a97d-d965ccfc6d4b" outcome="Passed" testListId="8c84fa94-04c1-424b-9868-57a2d4851a1d" relativeResultsDirectory="353b4f30-ce9b-4dac-8085-3b5b8bdff583">
    </UnitTestResult>
    <UnitTestResult executionId="671313ec-4d10-4e5d-ba91-00aeb432a358" testId="bf94dae5-5c34-f8c0-9390-ddd198d415b6" testName="DateTimeTest" computerName="STEVEN-PC" duration="00:00:00.0003659" startTime="2011-08-27T14:16:59.1866531-04:00" endTime="2011-08-27T14:16:59.1926535-04:00" testType="13cdc9d9-ddb5-4fa4-a97d-d965ccfc6d4b" outcome="Passed" testListId="8c84fa94-04c1-424b-9868-57a2d4851a1d" relativeResultsDirectory="671313ec-4d10-4e5d-ba91-00aeb432a358">
    </UnitTestResult>
    <UnitTestResult executionId="a0844ff0-047b-4fe2-a67b-d4b65f23ca5b" testId="82dd9a00-f561-ebb8-faa6-90e149b57bf5" testName="DateTime_Formatting_Test" computerName="STEVEN-PC" duration="00:00:00.0009866" startTime="2011-08-27T14:16:59.1966537-04:00" endTime="2011-08-27T14:16:59.2036541-04:00" testType="13cdc9d9-ddb5-4fa4-a97d-d965ccfc6d4b" outcome="Passed" testListId="8c84fa94-04c1-424b-9868-57a2d4851a1d" relativeResultsDirectory="a0844ff0-047b-4fe2-a67b-d4b65f23ca5b">
    </UnitTestResult>
    <UnitTestResult executionId="be3cb4da-be43-42c5-8634-96c75240cf13" testId="2a1b6a24-3c79-8232-f09c-b18021f1e9d4" testName="Primitive_As_Root_Test" computerName="STEVEN-PC" duration="00:00:00.0021947" startTime="2011-08-27T14:16:59.2066543-04:00" endTime="2011-08-27T14:16:59.2146547-04:00" testType="13cdc9d9-ddb5-4fa4-a97d-d965ccfc6d4b" outcome="Passed" testListId="8c84fa94-04c1-424b-9868-57a2d4851a1d" relativeResultsDirectory="be3cb4da-be43-42c5-8634-96c75240cf13">
    </UnitTestResult>
    <UnitTestResult executionId="7c514e86-0773-4b09-9288-9462045141e4" testId="8ba613f4-3173-b36b-b2c4-2ce58c484a08" testName="Multiple_Formats_Test" computerName="STEVEN-PC" duration="00:00:00.0017116" startTime="2011-08-27T14:16:59.2186549-04:00" endTime="2011-08-27T14:16:59.2266554-04:00" testType="13cdc9d9-ddb5-4fa4-a97d-d965ccfc6d4b" outcome="Passed" testListId="8c84fa94-04c1-424b-9868-57a2d4851a1d" relativeResultsDirectory="7c514e86-0773-4b09-9288-9462045141e4">
    </UnitTestResult>
    <UnitTestResult executionId="92b95401-c949-46fe-8e3d-a84cbe7411ad" testId="17b24c13-4e76-58ac-f834-58b7dbc12f47" testName="Enum_Format_Test" computerName="STEVEN-PC" duration="00:00:00.0015244" startTime="2011-08-27T14:16:59.2296556-04:00" endTime="2011-08-27T14:16:59.2376560-04:00" testType="13cdc9d9-ddb5-4fa4-a97d-d965ccfc6d4b" outcome="Passed" testListId="8c84fa94-04c1-424b-9868-57a2d4851a1d" relativeResultsDirectory="92b95401-c949-46fe-8e3d-a84cbe7411ad">
    </UnitTestResult>
    <UnitTestResult executionId="221f2ccb-4632-4dc2-8ab9-2a0f9711cba3" testId="843f87da-ab17-0751-27c2-c9b7d8cb9c48" testName="BoolTest" computerName="STEVEN-PC" duration="00:00:00.0003094" startTime="2011-08-27T14:16:59.2406562-04:00" endTime="2011-08-27T14:16:59.2476566-04:00" testType="13cdc9d9-ddb5-4fa4-a97d-d965ccfc6d4b" outcome="Passed" testListId="8c84fa94-04c1-424b-9868-57a2d4851a1d" relativeResultsDirectory="221f2ccb-4632-4dc2-8ab9-2a0f9711cba3">
    </UnitTestResult>
    <UnitTestResult executionId="71ef9dbd-13c3-4cbd-896d-431b94e6b59d" testId="e4280980-2bc4-1a6a-9a5c-6b738aa31681" testName="Bool_Format_Test" computerName="STEVEN-PC" duration="00:00:00.0020805" startTime="2011-08-27T14:16:59.2506568-04:00" endTime="2011-08-27T14:16:59.2586572-04:00" testType="13cdc9d9-ddb5-4fa4-a97d-d965ccfc6d4b" outcome="Passed" testListId="8c84fa94-04c1-424b-9868-57a2d4851a1d" relativeResultsDirectory="71ef9dbd-13c3-4cbd-896d-431b94e6b59d">
    </UnitTestResult>
    <UnitTestResult executionId="2133b125-55d4-4a88-9aed-f7133f8edd65" testId="fd8fc137-773c-3bf4-9c92-daac7921b7be" testName="Enum_And_Bool_Format_Test" computerName="STEVEN-PC" duration="00:00:00.0011377" startTime="2011-08-27T14:16:59.2616574-04:00" endTime="2011-08-27T14:16:59.2686578-04:00" testType="13cdc9d9-ddb5-4fa4-a97d-d965ccfc6d4b" outcome="Passed" testListId="8c84fa94-04c1-424b-9868-57a2d4851a1d" relativeResultsDirectory="2133b125-55d4-4a88-9aed-f7133f8edd65">
    </UnitTestResult>
    <UnitTestResult executionId="10f769ca-9b92-4c24-a2ab-026e548d1e4d" testId="aa02854e-5304-a4cf-878c-5e7276deaeaa" testName="Primitive_As_Root2_Test" computerName="STEVEN-PC" duration="00:00:00.0011289" startTime="2011-08-27T14:16:59.2716580-04:00" endTime="2011-08-27T14:16:59.2786584-04:00" testType="13cdc9d9-ddb5-4fa4-a97d-d965ccfc6d4b" outcome="Passed" testListId="8c84fa94-04c1-424b-9868-57a2d4851a1d" relativeResultsDirectory="10f769ca-9b92-4c24-a2ab-026e548d1e4d">
    </UnitTestResult>
    <UnitTestResult executionId="78443d11-d2ab-403a-84da-951253ce33b2" testId="6a9a4c5c-773c-e915-6c52-09dab4a5d77d" testName="ComplexListTest" computerName="STEVEN-PC" duration="00:00:00.0003090" startTime="2011-08-27T14:16:59.2826586-04:00" endTime="2011-08-27T14:16:59.2876589-04:00" testType="13cdc9d9-ddb5-4fa4-a97d-d965ccfc6d4b" outcome="Passed" testListId="8c84fa94-04c1-424b-9868-57a2d4851a1d" relativeResultsDirectory="78443d11-d2ab-403a-84da-951253ce33b2">
    </UnitTestResult>
    <UnitTestResult executionId="13cb6719-b477-4c4e-9c19-4cfb1c59fd7c" testId="de2aa88f-515c-5cb4-0a0f-2515d77a3076" testName="ComplexList_Format_Test" computerName="STEVEN-PC" duration="00:00:00.0011249" startTime="2011-08-27T14:16:59.3016597-04:00" endTime="2011-08-27T14:16:59.3086601-04:00" testType="13cdc9d9-ddb5-4fa4-a97d-d965ccfc6d4b" outcome="Passed" testListId="8c84fa94-04c1-424b-9868-57a2d4851a1d" relativeResultsDirectory="13cb6719-b477-4c4e-9c19-4cfb1c59fd7c">
    </UnitTestResult>
  </Results>
</TestRun>