<?xml version="1.0" encoding="UTF-8"?>
<TestRun id="21e930ee-d091-4a38-bd66-8fb271ec5b85" name="Steven@STEVEN-PC 2011-08-27 14:30:20" runUser="Steven-PC\Steven" xmlns="http://microsoft.com/schemas/VisualStudio/TeamTest/2010">
  <TestSettings name="Local" id="653f69b1-1c9a-4652-808a-ef66419d484c">
    <Description>These are default test settings for a local test run.</Description>
    <Deployment enabled="false" runDeploymentRoot="Steven_STEVEN-PC 2011-08-27 14_30_20">
      <DeploymentItem filename="C:\Users\Steven\documents\visual studio 2010\Projects\Net2Pdf\Net2Pdf\bin\Debug\Net2Pdf.dll" />
    </Deployment>
    <Execution>
      <TestTypeSpecific />
      <AgentRule name="Execution Agents">
      </AgentRule>
    </Execution>
  </TestSettings>
  <Times creation="2011-08-27T14:30:20.9725126-04:00" queuing="2011-08-27T14:30:21.6255500-04:00" start="2011-08-27T14:30:21.6775530-04:00" finish="2011-08-27T14:30:22.5896051-04:00" />
  <ResultSummary outcome="Completed">
    <Counters total="16" executed="16" passed="16" error="0" failed="0" timeout="0" aborted="0" inconclusive="0" passedButRunAborted="0" notRunnable="0" notExecuted="0" disconnected="0" warning="0" completed="0" inProgress="0" pending="0" />
  </ResultSummary>
  <TestDefinitions>
    <UnitTest name="Enum_Format_Test" storage="c:\users\steven\documents\visual studio 2010\projects\net2pdf\net2pdftests\bin\debug\net2pdftests.dll" id="fc8cefbd-b5af-253c-59ea-56c0237fb2e4">
      <Execution id="85c238f6-c50b-4573-9b04-7a139e3e31f2" />
      <TestMethod codeBase="C:/Users/Steven/documents/visual studio 2010/Projects/Net2Pdf/Net2PdfTests/bin/Debug/Net2PdfTests.DLL" adapterTypeName="Microsoft.VisualStudio.TestTools.TestTypes.Unit.UnitTestAdapter, Microsoft.VisualStudio.QualityTools.Tips.UnitTest.Adapter, Version=10.0.0.0, Culture=neutral, PublicKeyToken=b03f5f7f11d50a3a" className="Net2PdfTests.FormatterTests, Net2PdfTests, Version=1.0.0.0, Culture=neutral, PublicKeyToken=null" name="Enum_Format_Test" />
    </UnitTest>
    <UnitTest name="DateTimeTest" storage="c:\users\steven\documents\visual studio 2010\projects\net2pdf\net2pdftests\bin\debug\net2pdftests.dll" id="bf94dae5-5c34-f8c0-9390-ddd198d415b6">
      <Execution id="e3202f2a-a1a8-42f2-80b1-85985866604c" />
      <TestMethod codeBase="C:/Users/Steven/documents/visual studio 2010/Projects/Net2Pdf/Net2PdfTests/bin/Debug/Net2PdfTests.DLL" adapterTypeName="Microsoft.VisualStudio.TestTools.TestTypes.Unit.UnitTestAdapter, Microsoft.VisualStudio.QualityTools.Tips.UnitTest.Adapter, Version=10.0.0.0, Culture=neutral, PublicKeyToken=b03f5f7f11d50a3a" className="Net2PdfTests.StandardMappingTest, Net2PdfTests, Version=1.0.0.0, Culture=neutral, PublicKeyToken=null" name="DateTimeTest" />
    </UnitTest>
    <UnitTest name="ComplexListTest" storage="c:\users\steven\documents\visual studio 2010\projects\net2pdf\net2pdftests\bin\debug\net2pdftests.dll" id="6a9a4c5c-773c-e915-6c52-09dab4a5d77d">
      <Execution id="2679a2f4-8799-458a-9bf0-b064ea1af9d4" />
      <TestMethod codeBase="C:/Users/Steven/documents/visual studio 2010/Projects/Net2Pdf/Net2PdfTests/bin/Debug/Net2PdfTests.DLL" adapterTypeName="Microsoft.VisualStudio.TestTools.TestTypes.Unit.UnitTestAdapter, Microsoft.VisualStudio.QualityTools.Tips.UnitTest.Adapter, Version=10.0.0.0, Culture=neutral, PublicKeyToken=b03f5f7f11d50a3a" className="Net2PdfTests.StandardMappingTest, Net2PdfTests, Version=1.0.0.0, Culture=neutral, PublicKeyToken=null" name="ComplexListTest" />
    </UnitTest>
    <UnitTest name="Primitive_As_Root2_Test" storage="c:\users\steven\documents\visual studio 2010\projects\net2pdf\net2pdftests\bin\debug\net2pdftests.dll" id="46d86b0f-f82b-3c1b-686e-88cbaca5be11">
      <Execution id="523cfb1e-01ab-43db-b38b-93117b017a25" />
      <TestMethod codeBase="C:/Users/Steven/documents/visual studio 2010/Projects/Net2Pdf/Net2PdfTests/bin/Debug/Net2PdfTests.DLL" adapterTypeName="Microsoft.VisualStudio.TestTools.TestTypes.Unit.UnitTestAdapter, Microsoft.VisualStudio.QualityTools.Tips.UnitTest.Adapter, Version=10.0.0.0, Culture=neutral, PublicKeyToken=b03f5f7f11d50a3a" className="Net2PdfTests.FormatterTests, Net2PdfTests, Version=1.0.0.0, Culture=neutral, PublicKeyToken=null" name="Primitive_As_Root2_Test" />
    </UnitTest>
    <UnitTest name="EnumTest" storage="c:\users\steven\documents\visual studio 2010\projects\net2pdf\net2pdftests\bin\debug\net2pdftests.dll" id="5a54e69a-9ba0-cd96-c61d-3514894545fc">
      <Execution id="c8343328-3b38-4e93-b345-0218b86ecd26" />
      <TestMethod codeBase="C:/Users/Steven/documents/visual studio 2010/Projects/Net2Pdf/Net2PdfTests/bin/Debug/Net2PdfTests.DLL" adapterTypeName="Microsoft.VisualStudio.TestTools.TestTypes.Unit.UnitTestAdapter, Microsoft.VisualStudio.QualityTools.Tips.UnitTest.Adapter, Version=10.0.0.0, Culture=neutral, PublicKeyToken=b03f5f7f11d50a3a" className="Net2PdfTests.StandardMappingTest, Net2PdfTests, Version=1.0.0.0, Culture=neutral, PublicKeyToken=null" name="EnumTest" />
    </UnitTest>
    <UnitTest name="Bool_Format_Test" storage="c:\users\steven\documents\visual studio 2010\projects\net2pdf\net2pdftests\bin\debug\net2pdftests.dll" id="3551e7e6-f93a-eae3-9f6f-e55bd921a3f0">
      <Execution id="65b460d0-524a-4392-adcc-7d6fa9585203" />
      <TestMethod codeBase="C:/Users/Steven/documents/visual studio 2010/Projects/Net2Pdf/Net2PdfTests/bin/Debug/Net2PdfTests.DLL" adapterTypeName="Microsoft.VisualStudio.TestTools.TestTypes.Unit.UnitTestAdapter, Microsoft.VisualStudio.QualityTools.Tips.UnitTest.Adapter, Version=10.0.0.0, Culture=neutral, PublicKeyToken=b03f5f7f11d50a3a" className="Net2PdfTests.FormatterTests, Net2PdfTests, Version=1.0.0.0, Culture=neutral, PublicKeyToken=null" name="Bool_Format_Test" />
    </UnitTest>
    <UnitTest name="Multiple_Formats_Test" storage="c:\users\steven\documents\visual studio 2010\projects\net2pdf\net2pdftests\bin\debug\net2pdftests.dll" id="24ad7c42-6090-b7fe-b179-7ff8791b7322">
      <Execution id="97dcb93b-cf8e-4d31-939a-5229c60f6300" />
      <TestMethod codeBase="C:/Users/Steven/documents/visual studio 2010/Projects/Net2Pdf/Net2PdfTests/bin/Debug/Net2PdfTests.DLL" adapterTypeName="Microsoft.VisualStudio.TestTools.TestTypes.Unit.UnitTestAdapter, Microsoft.VisualStudio.QualityTools.Tips.UnitTest.Adapter, Version=10.0.0.0, Culture=neutral, PublicKeyToken=b03f5f7f11d50a3a" className="Net2PdfTests.FormatterTests, Net2PdfTests, Version=1.0.0.0, Culture=neutral, PublicKeyToken=null" name="Multiple_Formats_Test" />
    </UnitTest>
    <UnitTest name="BasicTypeTest" storage="c:\users\steven\documents\visual studio 2010\projects\net2pdf\net2pdftests\bin\debug\net2pdftests.dll" id="e6530888-e618-b9c9-4cfa-d3bd3e76c0bb">
      <Execution id="0a3d236b-c347-4a0d-8977-94b1be17ee1a" />
      <TestMethod codeBase="C:/Users/Steven/documents/visual studio 2010/Projects/Net2Pdf/Net2PdfTests/bin/Debug/Net2PdfTests.DLL" adapterTypeName="Microsoft.VisualStudio.TestTools.TestTypes.Unit.UnitTestAdapter, Microsoft.VisualStudio.QualityTools.Tips.UnitTest.Adapter, Version=10.0.0.0, Culture=neutral, PublicKeyToken=b03f5f7f11d50a3a" className="Net2PdfTests.FormatterTests, Net2PdfTests, Version=1.0.0.0, Culture=neutral, PublicKeyToken=null" name="BasicTypeTest" />
    </UnitTest>
    <UnitTest name="Enum_And_Bool_Format_Test" storage="c:\users\steven\documents\visual studio 2010\projects\net2pdf\net2pdftests\bin\debug\net2pdftests.dll" id="77c31b7e-360e-0c91-e586-03d116a8db6f">
      <Execution id="18e0f674-872b-428d-b419-06f45f7acb97" />
      <TestMethod codeBase="C:/Users/Steven/documents/visual studio 2010/Projects/Net2Pdf/Net2PdfTests/bin/Debug/Net2PdfTests.DLL" adapterTypeName="Microsoft.VisualStudio.TestTools.TestTypes.Unit.UnitTestAdapter, Microsoft.VisualStudio.QualityTools.Tips.UnitTest.Adapter, Version=10.0.0.0, Culture=neutral, PublicKeyToken=b03f5f7f11d50a3a" className="Net2PdfTests.FormatterTests, Net2PdfTests, Version=1.0.0.0, Culture=neutral, PublicKeyToken=null" name="Enum_And_Bool_Format_Test" />
    </UnitTest>
    <UnitTest name="NestedClassesTest" storage="c:\users\steven\documents\visual studio 2010\projects\net2pdf\net2pdftests\bin\debug\net2pdftests.dll" id="0ef8bd4d-a23c-bd1e-9de9-88f8e88829dd">
      <Execution id="637b51b6-c098-477a-83a6-0177c577f6d8" />
      <TestMethod codeBase="C:/Users/Steven/documents/visual studio 2010/Projects/Net2Pdf/Net2PdfTests/bin/Debug/Net2PdfTests.DLL" adapterTypeName="Microsoft.VisualStudio.TestTools.TestTypes.Unit.UnitTestAdapter, Microsoft.VisualStudio.QualityTools.Tips.UnitTest.Adapter, Version=10.0.0.0, Culture=neutral, PublicKeyToken=b03f5f7f11d50a3a" className="Net2PdfTests.StandardMappingTest, Net2PdfTests, Version=1.0.0.0, Culture=neutral, PublicKeyToken=null" name="NestedClassesTest" />
    </UnitTest>
    <UnitTest name="ComplexList_Format_Test" storage="c:\users\steven\documents\visual studio 2010\projects\net2pdf\net2pdftests\bin\debug\net2pdftests.dll" id="5f86b717-6b8a-cbfb-c35f-5d39a81e9131">
      <Execution id="d5b04f88-4336-43de-a42f-dc2261317b92" />
      <TestMethod codeBase="C:/Users/Steven/documents/visual studio 2010/Projects/Net2Pdf/Net2PdfTests/bin/Debug/Net2PdfTests.DLL" adapterTypeName="Microsoft.VisualStudio.TestTools.TestTypes.Unit.UnitTestAdapter, Microsoft.VisualStudio.QualityTools.Tips.UnitTest.Adapter, Version=10.0.0.0, Culture=neutral, PublicKeyToken=b03f5f7f11d50a3a" className="Net2PdfTests.FormatterTests, Net2PdfTests, Version=1.0.0.0, Culture=neutral, PublicKeyToken=null" name="ComplexList_Format_Test" />
    </UnitTest>
    <UnitTest name="BoolTest" storage="c:\users\steven\documents\visual studio 2010\projects\net2pdf\net2pdftests\bin\debug\net2pdftests.dll" id="843f87da-ab17-0751-27c2-c9b7d8cb9c48">
      <Execution id="5714dde8-fdda-450c-bb52-96cde4139f64" />
      <TestMethod codeBase="C:/Users/Steven/documents/visual studio 2010/Projects/Net2Pdf/Net2PdfTests/bin/Debug/Net2PdfTests.DLL" adapterTypeName="Microsoft.VisualStudio.TestTools.TestTypes.Unit.UnitTestAdapter, Microsoft.VisualStudio.QualityTools.Tips.UnitTest.Adapter, Version=10.0.0.0, Culture=neutral, PublicKeyToken=b03f5f7f11d50a3a" className="Net2PdfTests.StandardMappingTest, Net2PdfTests, Version=1.0.0.0, Culture=neutral, PublicKeyToken=null" name="BoolTest" />
    </UnitTest>
    <UnitTest name="Multiple_Formats2_Test" storage="c:\users\steven\documents\visual studio 2010\projects\net2pdf\net2pdftests\bin\debug\net2pdftests.dll" id="7b930fb9-6611-ab49-35cb-8bcbde79cdef">
      <Execution id="ee2fbd35-a7f8-4484-9db8-61febb8fb320" />
      <TestMethod codeBase="C:/Users/Steven/documents/visual studio 2010/Projects/Net2Pdf/Net2PdfTests/bin/Debug/Net2PdfTests.DLL" adapterTypeName="Microsoft.VisualStudio.TestTools.TestTypes.Unit.UnitTestAdapter, Microsoft.VisualStudio.QualityTools.Tips.UnitTest.Adapter, Version=10.0.0.0, Culture=neutral, PublicKeyToken=b03f5f7f11d50a3a" className="Net2PdfTests.FormatterTests, Net2PdfTests, Version=1.0.0.0, Culture=neutral, PublicKeyToken=null" name="Multiple_Formats2_Test" />
    </UnitTest>
    <UnitTest name="Primitive_As_Root_Test" storage="c:\users\steven\documents\visual studio 2010\projects\net2pdf\net2pdftests\bin\debug\net2pdftests.dll" id="7050211c-c76c-513e-c05c-4a358ec8b4ae">
      <Execution id="d65b7b9c-023d-439e-9eff-d8a01afbfcae" />
      <TestMethod codeBase="C:/Users/Steven/documents/visual studio 2010/Projects/Net2Pdf/Net2PdfTests/bin/Debug/Net2PdfTests.DLL" adapterTypeName="Microsoft.VisualStudio.TestTools.TestTypes.Unit.UnitTestAdapter, Microsoft.VisualStudio.QualityTools.Tips.UnitTest.Adapter, Version=10.0.0.0, Culture=neutral, PublicKeyToken=b03f5f7f11d50a3a" className="Net2PdfTests.FormatterTests, Net2PdfTests, Version=1.0.0.0, Culture=neutral, PublicKeyToken=null" name="Primitive_As_Root_Test" />
    </UnitTest>
    <UnitTest name="BasicPropertiesTest" storage="c:\users\steven\documents\visual studio 2010\projects\net2pdf\net2pdftests\bin\debug\net2pdftests.dll" id="6578d986-bc10-da0d-01b9-d32e4ee4aa03">
      <Execution id="1b131eb0-bdff-43c3-955d-0fc5d756d452" />
      <TestMethod codeBase="C:/Users/Steven/documents/visual studio 2010/Projects/Net2Pdf/Net2PdfTests/bin/Debug/Net2PdfTests.DLL" adapterTypeName="Microsoft.VisualStudio.TestTools.TestTypes.Unit.UnitTestAdapter, Microsoft.VisualStudio.QualityTools.Tips.UnitTest.Adapter, Version=10.0.0.0, Culture=neutral, PublicKeyToken=b03f5f7f11d50a3a" className="Net2PdfTests.StandardMappingTest, Net2PdfTests, Version=1.0.0.0, Culture=neutral, PublicKeyToken=null" name="BasicPropertiesTest" />
    </UnitTest>
    <UnitTest name="DateTime_Formatting_Test" storage="c:\users\steven\documents\visual studio 2010\projects\net2pdf\net2pdftests\bin\debug\net2pdftests.dll" id="20d1606d-b7ac-7e22-75e8-7de25a1f6d7b">
      <Execution id="cc3868a6-6007-4890-ab25-3b1afa5b71bd" />
      <TestMethod codeBase="C:/Users/Steven/documents/visual studio 2010/Projects/Net2Pdf/Net2PdfTests/bin/Debug/Net2PdfTests.DLL" adapterTypeName="Microsoft.VisualStudio.TestTools.TestTypes.Unit.UnitTestAdapter, Microsoft.VisualStudio.QualityTools.Tips.UnitTest.Adapter, Version=10.0.0.0, Culture=neutral, PublicKeyToken=b03f5f7f11d50a3a" className="Net2PdfTests.FormatterTests, Net2PdfTests, Version=1.0.0.0, Culture=neutral, PublicKeyToken=null" name="DateTime_Formatting_Test" />
    </UnitTest>
  </TestDefinitions>
  <TestLists>
    <TestList name="Results Not in a List" id="8c84fa94-04c1-424b-9868-57a2d4851a1d" />
    <TestList name="All Loaded Results" id="19431567-8539-422a-85d7-44ee4e166bda" />
  </TestLists>
  <TestEntries>
    <TestEntry testId="6578d986-bc10-da0d-01b9-d32e4ee4aa03" executionId="1b131eb0-bdff-43c3-955d-0fc5d756d452" testListId="8c84fa94-04c1-424b-9868-57a2d4851a1d" />
    <TestEntry testId="0ef8bd4d-a23c-bd1e-9de9-88f8e88829dd" executionId="637b51b6-c098-477a-83a6-0177c577f6d8" testListId="8c84fa94-04c1-424b-9868-57a2d4851a1d" />
    <TestEntry testId="5a54e69a-9ba0-cd96-c61d-3514894545fc" executionId="c8343328-3b38-4e93-b345-0218b86ecd26" testListId="8c84fa94-04c1-424b-9868-57a2d4851a1d" />
    <TestEntry testId="bf94dae5-5c34-f8c0-9390-ddd198d415b6" executionId="e3202f2a-a1a8-42f2-80b1-85985866604c" testListId="8c84fa94-04c1-424b-9868-57a2d4851a1d" />
    <TestEntry testId="843f87da-ab17-0751-27c2-c9b7d8cb9c48" executionId="5714dde8-fdda-450c-bb52-96cde4139f64" testListId="8c84fa94-04c1-424b-9868-57a2d4851a1d" />
    <TestEntry testId="6a9a4c5c-773c-e915-6c52-09dab4a5d77d" executionId="2679a2f4-8799-458a-9bf0-b064ea1af9d4" testListId="8c84fa94-04c1-424b-9868-57a2d4851a1d" />
    <TestEntry testId="e6530888-e618-b9c9-4cfa-d3bd3e76c0bb" executionId="0a3d236b-c347-4a0d-8977-94b1be17ee1a" testListId="8c84fa94-04c1-424b-9868-57a2d4851a1d" />
    <TestEntry testId="20d1606d-b7ac-7e22-75e8-7de25a1f6d7b" executionId="cc3868a6-6007-4890-ab25-3b1afa5b71bd" testListId="8c84fa94-04c1-424b-9868-57a2d4851a1d" />
    <TestEntry testId="7050211c-c76c-513e-c05c-4a358ec8b4ae" executionId="d65b7b9c-023d-439e-9eff-d8a01afbfcae" testListId="8c84fa94-04c1-424b-9868-57a2d4851a1d" />
    <TestEntry testId="46d86b0f-f82b-3c1b-686e-88cbaca5be11" executionId="523cfb1e-01ab-43db-b38b-93117b017a25" testListId="8c84fa94-04c1-424b-9868-57a2d4851a1d" />
    <TestEntry testId="24ad7c42-6090-b7fe-b179-7ff8791b7322" executionId="97dcb93b-cf8e-4d31-939a-5229c60f6300" testListId="8c84fa94-04c1-424b-9868-57a2d4851a1d" />
    <TestEntry testId="7b930fb9-6611-ab49-35cb-8bcbde79cdef" executionId="ee2fbd35-a7f8-4484-9db8-61febb8fb320" testListId="8c84fa94-04c1-424b-9868-57a2d4851a1d" />
    <TestEntry testId="fc8cefbd-b5af-253c-59ea-56c0237fb2e4" executionId="85c238f6-c50b-4573-9b04-7a139e3e31f2" testListId="8c84fa94-04c1-424b-9868-57a2d4851a1d" />
    <TestEntry testId="77c31b7e-360e-0c91-e586-03d116a8db6f" executionId="18e0f674-872b-428d-b419-06f45f7acb97" testListId="8c84fa94-04c1-424b-9868-57a2d4851a1d" />
    <TestEntry testId="3551e7e6-f93a-eae3-9f6f-e55bd921a3f0" executionId="65b460d0-524a-4392-adcc-7d6fa9585203" testListId="8c84fa94-04c1-424b-9868-57a2d4851a1d" />
    <TestEntry testId="5f86b717-6b8a-cbfb-c35f-5d39a81e9131" executionId="d5b04f88-4336-43de-a42f-dc2261317b92" testListId="8c84fa94-04c1-424b-9868-57a2d4851a1d" />
  </TestEntries>
  <Results>
    <UnitTestResult executionId="1b131eb0-bdff-43c3-955d-0fc5d756d452" testId="6578d986-bc10-da0d-01b9-d32e4ee4aa03" testName="BasicPropertiesTest" computerName="STEVEN-PC" duration="00:00:00.0747412" startTime="2011-08-27T14:30:21.7035545-04:00" endTime="2011-08-27T14:30:22.3575919-04:00" testType="13cdc9d9-ddb5-4fa4-a97d-d965ccfc6d4b" outcome="Passed" testListId="8c84fa94-04c1-424b-9868-57a2d4851a1d" relativeResultsDirectory="1b131eb0-bdff-43c3-955d-0fc5d756d452">
    </UnitTestResult>
    <UnitTestResult executionId="637b51b6-c098-477a-83a6-0177c577f6d8" testId="0ef8bd4d-a23c-bd1e-9de9-88f8e88829dd" testName="NestedClassesTest" computerName="STEVEN-PC" duration="00:00:00.0004374" startTime="2011-08-27T14:30:22.3615921-04:00" endTime="2011-08-27T14:30:22.3675924-04:00" testType="13cdc9d9-ddb5-4fa4-a97d-d965ccfc6d4b" outcome="Passed" testListId="8c84fa94-04c1-424b-9868-57a2d4851a1d" relativeResultsDirectory="637b51b6-c098-477a-83a6-0177c577f6d8">
    </UnitTestResult>
    <UnitTestResult executionId="c8343328-3b38-4e93-b345-0218b86ecd26" testId="5a54e69a-9ba0-cd96-c61d-3514894545fc" testName="EnumTest" computerName="STEVEN-PC" duration="00:00:00.0003831" startTime="2011-08-27T14:30:22.3705926-04:00" endTime="2011-08-27T14:30:22.3765930-04:00" testType="13cdc9d9-ddb5-4fa4-a97d-d965ccfc6d4b" outcome="Passed" testListId="8c84fa94-04c1-424b-9868-57a2d4851a1d" relativeResultsDirectory="c8343328-3b38-4e93-b345-0218b86ecd26">
    </UnitTestResult>
    <UnitTestResult executionId="e3202f2a-a1a8-42f2-80b1-85985866604c" testId="bf94dae5-5c34-f8c0-9390-ddd198d415b6" testName="DateTimeTest" computerName="STEVEN-PC" duration="00:00:00.0003561" startTime="2011-08-27T14:30:22.3795931-04:00" endTime="2011-08-27T14:30:22.3865935-04:00" testType="13cdc9d9-ddb5-4fa4-a97d-d965ccfc6d4b" outcome="Passed" testListId="8c84fa94-04c1-424b-9868-57a2d4851a1d" relativeResultsDirectory="e3202f2a-a1a8-42f2-80b1-85985866604c">
    </UnitTestResult>
    <UnitTestResult executionId="5714dde8-fdda-450c-bb52-96cde4139f64" testId="843f87da-ab17-0751-27c2-c9b7d8cb9c48" testName="BoolTest" computerName="STEVEN-PC" duration="00:00:00.0003272" startTime="2011-08-27T14:30:22.3935939-04:00" endTime="2011-08-27T14:30:22.4005943-04:00" testType="13cdc9d9-ddb5-4fa4-a97d-d965ccfc6d4b" outcome="Passed" testListId="8c84fa94-04c1-424b-9868-57a2d4851a1d" relativeResultsDirectory="5714dde8-fdda-450c-bb52-96cde4139f64">
    </UnitTestResult>
    <UnitTestResult executionId="2679a2f4-8799-458a-9bf0-b064ea1af9d4" testId="6a9a4c5c-773c-e915-6c52-09dab4a5d77d" testName="ComplexListTest" computerName="STEVEN-PC" duration="00:00:00.0003189" startTime="2011-08-27T14:30:22.4045946-04:00" endTime="2011-08-27T14:30:22.4105949-04:00" testType="13cdc9d9-ddb5-4fa4-a97d-d965ccfc6d4b" outcome="Passed" testListId="8c84fa94-04c1-424b-9868-57a2d4851a1d" relativeResultsDirectory="2679a2f4-8799-458a-9bf0-b064ea1af9d4">
    </UnitTestResult>
    <UnitTestResult executionId="0a3d236b-c347-4a0d-8977-94b1be17ee1a" testId="e6530888-e618-b9c9-4cfa-d3bd3e76c0bb" testName="BasicTypeTest" computerName="STEVEN-PC" duration="00:00:00.0063573" startTime="2011-08-27T14:30:22.4145951-04:00" endTime="2011-08-27T14:30:22.4275959-04:00" testType="13cdc9d9-ddb5-4fa4-a97d-d965ccfc6d4b" outcome="Passed" testListId="8c84fa94-04c1-424b-9868-57a2d4851a1d" relativeResultsDirectory="0a3d236b-c347-4a0d-8977-94b1be17ee1a">
    </UnitTestResult>
    <UnitTestResult executionId="cc3868a6-6007-4890-ab25-3b1afa5b71bd" testId="20d1606d-b7ac-7e22-75e8-7de25a1f6d7b" testName="DateTime_Formatting_Test" computerName="STEVEN-PC" duration="00:00:00.0010410" startTime="2011-08-27T14:30:22.4325962-04:00" endTime="2011-08-27T14:30:22.4395966-04:00" testType="13cdc9d9-ddb5-4fa4-a97d-d965ccfc6d4b" outcome="Passed" testListId="8c84fa94-04c1-424b-9868-57a2d4851a1d" relativeResultsDirectory="cc3868a6-6007-4890-ab25-3b1afa5b71bd">
    </UnitTestResult>
    <UnitTestResult executionId="d65b7b9c-023d-439e-9eff-d8a01afbfcae" testId="7050211c-c76c-513e-c05c-4a358ec8b4ae" testName="Primitive_As_Root_Test" computerName="STEVEN-PC" duration="00:00:00.0022772" startTime="2011-08-27T14:30:22.4435968-04:00" endTime="2011-08-27T14:30:22.4535974-04:00" testType="13cdc9d9-ddb5-4fa4-a97d-d965ccfc6d4b" outcome="Passed" testListId="8c84fa94-04c1-424b-9868-57a2d4851a1d" relativeResultsDirectory="d65b7b9c-023d-439e-9eff-d8a01afbfcae">
    </UnitTestResult>
    <UnitTestResult executionId="523cfb1e-01ab-43db-b38b-93117b017a25" testId="46d86b0f-f82b-3c1b-686e-88cbaca5be11" testName="Primitive_As_Root2_Test" computerName="STEVEN-PC" duration="00:00:00.0014128" startTime="2011-08-27T14:30:22.4575976-04:00" endTime="2011-08-27T14:30:22.4645980-04:00" testType="13cdc9d9-ddb5-4fa4-a97d-d965ccfc6d4b" outcome="Passed" testListId="8c84fa94-04c1-424b-9868-57a2d4851a1d" relativeResultsDirectory="523cfb1e-01ab-43db-b38b-93117b017a25">
    </UnitTestResult>
    <UnitTestResult executionId="97dcb93b-cf8e-4d31-939a-5229c60f6300" testId="24ad7c42-6090-b7fe-b179-7ff8791b7322" testName="Multiple_Formats_Test" computerName="STEVEN-PC" duration="00:00:00.0015554" startTime="2011-08-27T14:30:22.4705983-04:00" endTime="2011-08-27T14:30:22.4785988-04:00" testType="13cdc9d9-ddb5-4fa4-a97d-d965ccfc6d4b" outcome="Passed" testListId="8c84fa94-04c1-424b-9868-57a2d4851a1d" relativeResultsDirectory="97dcb93b-cf8e-4d31-939a-5229c60f6300">
    </UnitTestResult>
    <UnitTestResult executionId="ee2fbd35-a7f8-4484-9db8-61febb8fb320" testId="7b930fb9-6611-ab49-35cb-8bcbde79cdef" testName="Multiple_Formats2_Test" computerName="STEVEN-PC" duration="00:00:00.0015398" startTime="2011-08-27T14:30:22.4815990-04:00" endTime="2011-08-27T14:30:22.4885994-04:00" testType="13cdc9d9-ddb5-4fa4-a97d-d965ccfc6d4b" outcome="Passed" testListId="8c84fa94-04c1-424b-9868-57a2d4851a1d" relativeResultsDirectory="ee2fbd35-a7f8-4484-9db8-61febb8fb320">
    </UnitTestResult>
    <UnitTestResult executionId="85c238f6-c50b-4573-9b04-7a139e3e31f2" testId="fc8cefbd-b5af-253c-59ea-56c0237fb2e4" testName="Enum_Format_Test" computerName="STEVEN-PC" duration="00:00:00.0015416" startTime="2011-08-27T14:30:22.4925996-04:00" endTime="2011-08-27T14:30:22.4996000-04:00" testType="13cdc9d9-ddb5-4fa4-a97d-d965ccfc6d4b" outcome="Passed" testListId="8c84fa94-04c1-424b-9868-57a2d4851a1d" relativeResultsDirectory="85c238f6-c50b-4573-9b04-7a139e3e31f2">
    </UnitTestResult>
    <UnitTestResult executionId="18e0f674-872b-428d-b419-06f45f7acb97" testId="77c31b7e-360e-0c91-e586-03d116a8db6f" testName="Enum_And_Bool_Format_Test" computerName="STEVEN-PC" duration="00:00:00.0022265" startTime="2011-08-27T14:30:22.5026002-04:00" endTime="2011-08-27T14:30:22.5116007-04:00" testType="13cdc9d9-ddb5-4fa4-a97d-d965ccfc6d4b" outcome="Passed" testListId="8c84fa94-04c1-424b-9868-57a2d4851a1d" relativeResultsDirectory="18e0f674-872b-428d-b419-06f45f7acb97">
    </UnitTestResult>
    <UnitTestResult executionId="65b460d0-524a-4392-adcc-7d6fa9585203" testId="3551e7e6-f93a-eae3-9f6f-e55bd921a3f0" testName="Bool_Format_Test" computerName="STEVEN-PC" duration="00:00:00.0011194" startTime="2011-08-27T14:30:22.5146008-04:00" endTime="2011-08-27T14:30:22.5216012-04:00" testType="13cdc9d9-ddb5-4fa4-a97d-d965ccfc6d4b" outcome="Passed" testListId="8c84fa94-04c1-424b-9868-57a2d4851a1d" relativeResultsDirectory="65b460d0-524a-4392-adcc-7d6fa9585203">
    </UnitTestResult>
    <UnitTestResult executionId="d5b04f88-4336-43de-a42f-dc2261317b92" testId="5f86b717-6b8a-cbfb-c35f-5d39a81e9131" testName="ComplexList_Format_Test" computerName="STEVEN-PC" duration="00:00:00.0011143" startTime="2011-08-27T14:30:22.5256015-04:00" endTime="2011-08-27T14:30:22.5316018-04:00" testType="13cdc9d9-ddb5-4fa4-a97d-d965ccfc6d4b" outcome="Passed" testListId="8c84fa94-04c1-424b-9868-57a2d4851a1d" relativeResultsDirectory="d5b04f88-4336-43de-a42f-dc2261317b92">
    </UnitTestResult>
  </Results>
</TestRun>