<?xml version="1.0" encoding="UTF-8"?>
<TestRun id="ccad08b6-83ef-4f58-9529-84d791b0ff2c" name="Steven@STEVEN-PC 2011-08-27 13:55:06" runUser="Steven-PC\Steven" xmlns="http://microsoft.com/schemas/VisualStudio/TeamTest/2010">
  <TestSettings name="Local" id="653f69b1-1c9a-4652-808a-ef66419d484c">
    <Description>These are default test settings for a local test run.</Description>
    <Deployment enabled="false" runDeploymentRoot="Steven_STEVEN-PC 2011-08-27 13_55_06">
      <DeploymentItem filename="C:\Users\Steven\documents\visual studio 2010\Projects\Net2Pdf\Net2Pdf\bin\Debug\Net2Pdf.dll" />
    </Deployment>
    <Execution>
      <TestTypeSpecific />
      <AgentRule name="Execution Agents">
      </AgentRule>
    </Execution>
  </TestSettings>
  <Times creation="2011-08-27T13:55:06.8532938-04:00" queuing="2011-08-27T13:55:07.5733316-04:00" start="2011-08-27T13:55:07.7113395-04:00" finish="2011-08-27T13:55:31.3854281-04:00" />
  <ResultSummary outcome="Error">
    <Counters total="14" executed="14" passed="13" error="0" failed="0" timeout="0" aborted="1" inconclusive="0" passedButRunAborted="0" notRunnable="0" notExecuted="0" disconnected="0" warning="0" completed="0" inProgress="0" pending="0" />
    <RunInfos>
      <RunInfo computerName="STEVEN-PC" outcome="Error" timestamp="2011-08-27T13:55:31.3844280-04:00">
        <Text>Test host process exited unexpectedly.</Text>
      </RunInfo>
    </RunInfos>
  </ResultSummary>
  <TestDefinitions>
    <UnitTest name="Enum_Format_Test" storage="c:\users\steven\documents\visual studio 2010\projects\net2pdf\net2pdftests\bin\debug\net2pdftests.dll" id="17b24c13-4e76-58ac-f834-58b7dbc12f47">
      <Execution id="ecc9073c-56e6-4029-8668-a9128a3cf6e6" />
      <TestMethod codeBase="C:/Users/Steven/documents/visual studio 2010/Projects/Net2Pdf/Net2PdfTests/bin/Debug/Net2PdfTests.DLL" adapterTypeName="Microsoft.VisualStudio.TestTools.TestTypes.Unit.UnitTestAdapter, Microsoft.VisualStudio.QualityTools.Tips.UnitTest.Adapter, Version=10.0.0.0, Culture=neutral, PublicKeyToken=b03f5f7f11d50a3a" className="Net2PdfTests.FormattersTests, Net2PdfTests, Version=1.0.0.0, Culture=neutral, PublicKeyToken=null" name="Enum_Format_Test" />
    </UnitTest>
    <UnitTest name="DateTimeTest" storage="c:\users\steven\documents\visual studio 2010\projects\net2pdf\net2pdftests\bin\debug\net2pdftests.dll" id="bf94dae5-5c34-f8c0-9390-ddd198d415b6">
      <Execution id="7523ed38-d171-4517-be03-33bbe439bcea" />
      <TestMethod codeBase="C:/Users/Steven/documents/visual studio 2010/Projects/Net2Pdf/Net2PdfTests/bin/Debug/Net2PdfTests.DLL" adapterTypeName="Microsoft.VisualStudio.TestTools.TestTypes.Unit.UnitTestAdapter, Microsoft.VisualStudio.QualityTools.Tips.UnitTest.Adapter, Version=10.0.0.0, Culture=neutral, PublicKeyToken=b03f5f7f11d50a3a" className="Net2PdfTests.StandardMappingTest, Net2PdfTests, Version=1.0.0.0, Culture=neutral, PublicKeyToken=null" name="DateTimeTest" />
    </UnitTest>
    <UnitTest name="Multiple_Formats_Test" storage="c:\users\steven\documents\visual studio 2010\projects\net2pdf\net2pdftests\bin\debug\net2pdftests.dll" id="8ba613f4-3173-b36b-b2c4-2ce58c484a08">
      <Execution id="4f7f3a34-cc56-43ba-94f2-e525e862dfc2" />
      <TestMethod codeBase="C:/Users/Steven/documents/visual studio 2010/Projects/Net2Pdf/Net2PdfTests/bin/Debug/Net2PdfTests.DLL" adapterTypeName="Microsoft.VisualStudio.TestTools.TestTypes.Unit.UnitTestAdapter, Microsoft.VisualStudio.QualityTools.Tips.UnitTest.Adapter, Version=10.0.0.0, Culture=neutral, PublicKeyToken=b03f5f7f11d50a3a" className="Net2PdfTests.FormattersTests, Net2PdfTests, Version=1.0.0.0, Culture=neutral, PublicKeyToken=null" name="Multiple_Formats_Test" />
    </UnitTest>
    <UnitTest name="Primitive_As_Root_Test" storage="c:\users\steven\documents\visual studio 2010\projects\net2pdf\net2pdftests\bin\debug\net2pdftests.dll" id="2a1b6a24-3c79-8232-f09c-b18021f1e9d4">
      <Execution id="5c8b514c-08e4-4369-b429-df338a808b9d" />
      <TestMethod codeBase="C:/Users/Steven/documents/visual studio 2010/Projects/Net2Pdf/Net2PdfTests/bin/Debug/Net2PdfTests.DLL" adapterTypeName="Microsoft.VisualStudio.TestTools.TestTypes.Unit.UnitTestAdapter, Microsoft.VisualStudio.QualityTools.Tips.UnitTest.Adapter, Version=10.0.0.0, Culture=neutral, PublicKeyToken=b03f5f7f11d50a3a" className="Net2PdfTests.FormattersTests, Net2PdfTests, Version=1.0.0.0, Culture=neutral, PublicKeyToken=null" name="Primitive_As_Root_Test" />
    </UnitTest>
    <UnitTest name="EnumTest" storage="c:\users\steven\documents\visual studio 2010\projects\net2pdf\net2pdftests\bin\debug\net2pdftests.dll" id="5a54e69a-9ba0-cd96-c61d-3514894545fc">
      <Execution id="4480b1b2-104c-460c-a994-18ef367769db" />
      <TestMethod codeBase="C:/Users/Steven/documents/visual studio 2010/Projects/Net2Pdf/Net2PdfTests/bin/Debug/Net2PdfTests.DLL" adapterTypeName="Microsoft.VisualStudio.TestTools.TestTypes.Unit.UnitTestAdapter, Microsoft.VisualStudio.QualityTools.Tips.UnitTest.Adapter, Version=10.0.0.0, Culture=neutral, PublicKeyToken=b03f5f7f11d50a3a" className="Net2PdfTests.StandardMappingTest, Net2PdfTests, Version=1.0.0.0, Culture=neutral, PublicKeyToken=null" name="EnumTest" />
    </UnitTest>
    <UnitTest name="Bool_Format_Test" storage="c:\users\steven\documents\visual studio 2010\projects\net2pdf\net2pdftests\bin\debug\net2pdftests.dll" id="e4280980-2bc4-1a6a-9a5c-6b738aa31681">
      <Execution id="49b07a0b-9d17-4186-bcad-f44f58777ce2" />
      <TestMethod codeBase="C:/Users/Steven/documents/visual studio 2010/Projects/Net2Pdf/Net2PdfTests/bin/Debug/Net2PdfTests.DLL" adapterTypeName="Microsoft.VisualStudio.TestTools.TestTypes.Unit.UnitTestAdapter, Microsoft.VisualStudio.QualityTools.Tips.UnitTest.Adapter, Version=10.0.0.0, Culture=neutral, PublicKeyToken=b03f5f7f11d50a3a" className="Net2PdfTests.FormattersTests, Net2PdfTests, Version=1.0.0.0, Culture=neutral, PublicKeyToken=null" name="Bool_Format_Test" />
    </UnitTest>
    <UnitTest name="BasicTypeTest" storage="c:\users\steven\documents\visual studio 2010\projects\net2pdf\net2pdftests\bin\debug\net2pdftests.dll" id="10d4476b-5e09-3c3d-9147-15a2abf91527">
      <Execution id="085b6762-f058-4dbb-8f1b-4b489e0ceda4" />
      <TestMethod codeBase="C:/Users/Steven/documents/visual studio 2010/Projects/Net2Pdf/Net2PdfTests/bin/Debug/Net2PdfTests.DLL" adapterTypeName="Microsoft.VisualStudio.TestTools.TestTypes.Unit.UnitTestAdapter, Microsoft.VisualStudio.QualityTools.Tips.UnitTest.Adapter, Version=10.0.0.0, Culture=neutral, PublicKeyToken=b03f5f7f11d50a3a" className="Net2PdfTests.FormattersTests, Net2PdfTests, Version=1.0.0.0, Culture=neutral, PublicKeyToken=null" name="BasicTypeTest" />
    </UnitTest>
    <UnitTest name="ListTest" storage="c:\users\steven\documents\visual studio 2010\projects\net2pdf\net2pdftests\bin\debug\net2pdftests.dll" id="e1340ce0-8377-7647-85c0-1596b9a1155d">
      <Execution id="83d268e9-ed29-4c1a-b3ac-bcf1a0303fec" />
      <TestMethod codeBase="C:/Users/Steven/documents/visual studio 2010/Projects/Net2Pdf/Net2PdfTests/bin/Debug/Net2PdfTests.DLL" adapterTypeName="Microsoft.VisualStudio.TestTools.TestTypes.Unit.UnitTestAdapter, Microsoft.VisualStudio.QualityTools.Tips.UnitTest.Adapter, Version=10.0.0.0, Culture=neutral, PublicKeyToken=b03f5f7f11d50a3a" className="Net2PdfTests.StandardMappingTest, Net2PdfTests, Version=1.0.0.0, Culture=neutral, PublicKeyToken=null" name="ListTest" />
    </UnitTest>
    <UnitTest name="Primitive_As_Root2_Test" storage="c:\users\steven\documents\visual studio 2010\projects\net2pdf\net2pdftests\bin\debug\net2pdftests.dll" id="aa02854e-5304-a4cf-878c-5e7276deaeaa">
      <Execution id="39edc4ab-eed4-4f25-8911-9abfc100eec8" />
      <TestMethod codeBase="C:/Users/Steven/documents/visual studio 2010/Projects/Net2Pdf/Net2PdfTests/bin/Debug/Net2PdfTests.DLL" adapterTypeName="Microsoft.VisualStudio.TestTools.TestTypes.Unit.UnitTestAdapter, Microsoft.VisualStudio.QualityTools.Tips.UnitTest.Adapter, Version=10.0.0.0, Culture=neutral, PublicKeyToken=b03f5f7f11d50a3a" className="Net2PdfTests.FormattersTests, Net2PdfTests, Version=1.0.0.0, Culture=neutral, PublicKeyToken=null" name="Primitive_As_Root2_Test" />
    </UnitTest>
    <UnitTest name="Enum_And_Bool_Format_Test" storage="c:\users\steven\documents\visual studio 2010\projects\net2pdf\net2pdftests\bin\debug\net2pdftests.dll" id="fd8fc137-773c-3bf4-9c92-daac7921b7be">
      <Execution id="216f7458-48a6-4e65-b8bc-556c371c5d76" />
      <TestMethod codeBase="C:/Users/Steven/documents/visual studio 2010/Projects/Net2Pdf/Net2PdfTests/bin/Debug/Net2PdfTests.DLL" adapterTypeName="Microsoft.VisualStudio.TestTools.TestTypes.Unit.UnitTestAdapter, Microsoft.VisualStudio.QualityTools.Tips.UnitTest.Adapter, Version=10.0.0.0, Culture=neutral, PublicKeyToken=b03f5f7f11d50a3a" className="Net2PdfTests.FormattersTests, Net2PdfTests, Version=1.0.0.0, Culture=neutral, PublicKeyToken=null" name="Enum_And_Bool_Format_Test" />
    </UnitTest>
    <UnitTest name="NestedClassesTest" storage="c:\users\steven\documents\visual studio 2010\projects\net2pdf\net2pdftests\bin\debug\net2pdftests.dll" id="0ef8bd4d-a23c-bd1e-9de9-88f8e88829dd">
      <Execution id="90ff99f6-105f-4cf1-a50e-2cd32b9f4827" />
      <TestMethod codeBase="C:/Users/Steven/documents/visual studio 2010/Projects/Net2Pdf/Net2PdfTests/bin/Debug/Net2PdfTests.DLL" adapterTypeName="Microsoft.VisualStudio.TestTools.TestTypes.Unit.UnitTestAdapter, Microsoft.VisualStudio.QualityTools.Tips.UnitTest.Adapter, Version=10.0.0.0, Culture=neutral, PublicKeyToken=b03f5f7f11d50a3a" className="Net2PdfTests.StandardMappingTest, Net2PdfTests, Version=1.0.0.0, Culture=neutral, PublicKeyToken=null" name="NestedClassesTest" />
    </UnitTest>
    <UnitTest name="BoolTest" storage="c:\users\steven\documents\visual studio 2010\projects\net2pdf\net2pdftests\bin\debug\net2pdftests.dll" id="843f87da-ab17-0751-27c2-c9b7d8cb9c48">
      <Execution id="b857957f-a875-428e-b669-0e21ddf644a5" />
      <TestMethod codeBase="C:/Users/Steven/documents/visual studio 2010/Projects/Net2Pdf/Net2PdfTests/bin/Debug/Net2PdfTests.DLL" adapterTypeName="Microsoft.VisualStudio.TestTools.TestTypes.Unit.UnitTestAdapter, Microsoft.VisualStudio.QualityTools.Tips.UnitTest.Adapter, Version=10.0.0.0, Culture=neutral, PublicKeyToken=b03f5f7f11d50a3a" className="Net2PdfTests.StandardMappingTest, Net2PdfTests, Version=1.0.0.0, Culture=neutral, PublicKeyToken=null" name="BoolTest" />
    </UnitTest>
    <UnitTest name="BasicPropertiesTest" storage="c:\users\steven\documents\visual studio 2010\projects\net2pdf\net2pdftests\bin\debug\net2pdftests.dll" id="6578d986-bc10-da0d-01b9-d32e4ee4aa03">
      <Execution id="ba5ac66c-13be-4b6a-acdf-1a1c2e1a3fa9" />
      <TestMethod codeBase="C:/Users/Steven/documents/visual studio 2010/Projects/Net2Pdf/Net2PdfTests/bin/Debug/Net2PdfTests.DLL" adapterTypeName="Microsoft.VisualStudio.TestTools.TestTypes.Unit.UnitTestAdapter, Microsoft.VisualStudio.QualityTools.Tips.UnitTest.Adapter, Version=10.0.0.0, Culture=neutral, PublicKeyToken=b03f5f7f11d50a3a" className="Net2PdfTests.StandardMappingTest, Net2PdfTests, Version=1.0.0.0, Culture=neutral, PublicKeyToken=null" name="BasicPropertiesTest" />
    </UnitTest>
    <UnitTest name="DateTime_Formatting_Test" storage="c:\users\steven\documents\visual studio 2010\projects\net2pdf\net2pdftests\bin\debug\net2pdftests.dll" id="82dd9a00-f561-ebb8-faa6-90e149b57bf5">
      <Execution id="bd9ea0a1-af43-4d53-9c19-b5ecfcfabbec" />
      <TestMethod codeBase="C:/Users/Steven/documents/visual studio 2010/Projects/Net2Pdf/Net2PdfTests/bin/Debug/Net2PdfTests.DLL" adapterTypeName="Microsoft.VisualStudio.TestTools.TestTypes.Unit.UnitTestAdapter, Microsoft.VisualStudio.QualityTools.Tips.UnitTest.Adapter, Version=10.0.0.0, Culture=neutral, PublicKeyToken=b03f5f7f11d50a3a" className="Net2PdfTests.FormattersTests, Net2PdfTests, Version=1.0.0.0, Culture=neutral, PublicKeyToken=null" name="DateTime_Formatting_Test" />
    </UnitTest>
  </TestDefinitions>
  <TestLists>
    <TestList name="Results Not in a List" id="8c84fa94-04c1-424b-9868-57a2d4851a1d" />
    <TestList name="All Loaded Results" id="19431567-8539-422a-85d7-44ee4e166bda" />
  </TestLists>
  <TestEntries>
    <TestEntry testId="6578d986-bc10-da0d-01b9-d32e4ee4aa03" executionId="ba5ac66c-13be-4b6a-acdf-1a1c2e1a3fa9" testListId="8c84fa94-04c1-424b-9868-57a2d4851a1d" />
    <TestEntry testId="0ef8bd4d-a23c-bd1e-9de9-88f8e88829dd" executionId="90ff99f6-105f-4cf1-a50e-2cd32b9f4827" testListId="8c84fa94-04c1-424b-9868-57a2d4851a1d" />
    <TestEntry testId="5a54e69a-9ba0-cd96-c61d-3514894545fc" executionId="4480b1b2-104c-460c-a994-18ef367769db" testListId="8c84fa94-04c1-424b-9868-57a2d4851a1d" />
    <TestEntry testId="e1340ce0-8377-7647-85c0-1596b9a1155d" executionId="83d268e9-ed29-4c1a-b3ac-bcf1a0303fec" testListId="8c84fa94-04c1-424b-9868-57a2d4851a1d" />
    <TestEntry testId="10d4476b-5e09-3c3d-9147-15a2abf91527" executionId="085b6762-f058-4dbb-8f1b-4b489e0ceda4" testListId="8c84fa94-04c1-424b-9868-57a2d4851a1d" />
    <TestEntry testId="bf94dae5-5c34-f8c0-9390-ddd198d415b6" executionId="7523ed38-d171-4517-be03-33bbe439bcea" testListId="8c84fa94-04c1-424b-9868-57a2d4851a1d" />
    <TestEntry testId="82dd9a00-f561-ebb8-faa6-90e149b57bf5" executionId="bd9ea0a1-af43-4d53-9c19-b5ecfcfabbec" testListId="8c84fa94-04c1-424b-9868-57a2d4851a1d" />
    <TestEntry testId="2a1b6a24-3c79-8232-f09c-b18021f1e9d4" executionId="5c8b514c-08e4-4369-b429-df338a808b9d" testListId="8c84fa94-04c1-424b-9868-57a2d4851a1d" />
    <TestEntry testId="8ba613f4-3173-b36b-b2c4-2ce58c484a08" executionId="4f7f3a34-cc56-43ba-94f2-e525e862dfc2" testListId="8c84fa94-04c1-424b-9868-57a2d4851a1d" />
    <TestEntry testId="17b24c13-4e76-58ac-f834-58b7dbc12f47" executionId="ecc9073c-56e6-4029-8668-a9128a3cf6e6" testListId="8c84fa94-04c1-424b-9868-57a2d4851a1d" />
    <TestEntry testId="843f87da-ab17-0751-27c2-c9b7d8cb9c48" executionId="b857957f-a875-428e-b669-0e21ddf644a5" testListId="8c84fa94-04c1-424b-9868-57a2d4851a1d" />
    <TestEntry testId="e4280980-2bc4-1a6a-9a5c-6b738aa31681" executionId="49b07a0b-9d17-4186-bcad-f44f58777ce2" testListId="8c84fa94-04c1-424b-9868-57a2d4851a1d" />
    <TestEntry testId="fd8fc137-773c-3bf4-9c92-daac7921b7be" executionId="216f7458-48a6-4e65-b8bc-556c371c5d76" testListId="8c84fa94-04c1-424b-9868-57a2d4851a1d" />
    <TestEntry testId="aa02854e-5304-a4cf-878c-5e7276deaeaa" executionId="39edc4ab-eed4-4f25-8911-9abfc100eec8" testListId="8c84fa94-04c1-424b-9868-57a2d4851a1d" />
  </TestEntries>
  <Results>
    <UnitTestResult executionId="ba5ac66c-13be-4b6a-acdf-1a1c2e1a3fa9" testId="6578d986-bc10-da0d-01b9-d32e4ee4aa03" testName="BasicPropertiesTest" computerName="STEVEN-PC" duration="00:00:00.0738436" startTime="2011-08-27T13:55:07.8423470-04:00" endTime="2011-08-27T13:55:08.4833814-04:00" testType="13cdc9d9-ddb5-4fa4-a97d-d965ccfc6d4b" outcome="Passed" testListId="8c84fa94-04c1-424b-9868-57a2d4851a1d" relativeResultsDirectory="ba5ac66c-13be-4b6a-acdf-1a1c2e1a3fa9">
    </UnitTestResult>
    <UnitTestResult executionId="90ff99f6-105f-4cf1-a50e-2cd32b9f4827" testId="0ef8bd4d-a23c-bd1e-9de9-88f8e88829dd" testName="NestedClassesTest" computerName="STEVEN-PC" duration="00:00:00.0003502" startTime="2011-08-27T13:55:08.4883817-04:00" endTime="2011-08-27T13:55:08.4953821-04:00" testType="13cdc9d9-ddb5-4fa4-a97d-d965ccfc6d4b" outcome="Passed" testListId="8c84fa94-04c1-424b-9868-57a2d4851a1d" relativeResultsDirectory="90ff99f6-105f-4cf1-a50e-2cd32b9f4827">
    </UnitTestResult>
    <UnitTestResult executionId="4480b1b2-104c-460c-a994-18ef367769db" testId="5a54e69a-9ba0-cd96-c61d-3514894545fc" testName="EnumTest" computerName="STEVEN-PC" duration="00:00:00.0003502" startTime="2011-08-27T13:55:08.4983823-04:00" endTime="2011-08-27T13:55:08.5043826-04:00" testType="13cdc9d9-ddb5-4fa4-a97d-d965ccfc6d4b" outcome="Passed" testListId="8c84fa94-04c1-424b-9868-57a2d4851a1d" relativeResultsDirectory="4480b1b2-104c-460c-a994-18ef367769db">
    </UnitTestResult>
    <UnitTestResult executionId="83d268e9-ed29-4c1a-b3ac-bcf1a0303fec" testId="e1340ce0-8377-7647-85c0-1596b9a1155d" testName="ListTest" computerName="STEVEN-PC" duration="00:00:00.0002769" startTime="2011-08-27T13:55:08.5073828-04:00" endTime="2011-08-27T13:55:08.5133831-04:00" testType="13cdc9d9-ddb5-4fa4-a97d-d965ccfc6d4b" outcome="Passed" testListId="8c84fa94-04c1-424b-9868-57a2d4851a1d" relativeResultsDirectory="83d268e9-ed29-4c1a-b3ac-bcf1a0303fec">
    </UnitTestResult>
    <UnitTestResult executionId="085b6762-f058-4dbb-8f1b-4b489e0ceda4" testId="10d4476b-5e09-3c3d-9147-15a2abf91527" testName="BasicTypeTest" computerName="STEVEN-PC" duration="00:00:00.0063901" startTime="2011-08-27T13:55:08.5163833-04:00" endTime="2011-08-27T13:55:08.5283840-04:00" testType="13cdc9d9-ddb5-4fa4-a97d-d965ccfc6d4b" outcome="Passed" testListId="8c84fa94-04c1-424b-9868-57a2d4851a1d" relativeResultsDirectory="085b6762-f058-4dbb-8f1b-4b489e0ceda4">
    </UnitTestResult>
    <UnitTestResult executionId="7523ed38-d171-4517-be03-33bbe439bcea" testId="bf94dae5-5c34-f8c0-9390-ddd198d415b6" testName="DateTimeTest" computerName="STEVEN-PC" duration="00:00:00.0003404" startTime="2011-08-27T13:55:08.5313842-04:00" endTime="2011-08-27T13:55:08.5383846-04:00" testType="13cdc9d9-ddb5-4fa4-a97d-d965ccfc6d4b" outcome="Passed" testListId="8c84fa94-04c1-424b-9868-57a2d4851a1d" relativeResultsDirectory="7523ed38-d171-4517-be03-33bbe439bcea">
    </UnitTestResult>
    <UnitTestResult executionId="bd9ea0a1-af43-4d53-9c19-b5ecfcfabbec" testId="82dd9a00-f561-ebb8-faa6-90e149b57bf5" testName="DateTime_Formatting_Test" computerName="STEVEN-PC" duration="00:00:00.0009479" startTime="2011-08-27T13:55:08.5413847-04:00" endTime="2011-08-27T13:55:08.5483851-04:00" testType="13cdc9d9-ddb5-4fa4-a97d-d965ccfc6d4b" outcome="Passed" testListId="8c84fa94-04c1-424b-9868-57a2d4851a1d" relativeResultsDirectory="bd9ea0a1-af43-4d53-9c19-b5ecfcfabbec">
    </UnitTestResult>
    <UnitTestResult executionId="5c8b514c-08e4-4369-b429-df338a808b9d" testId="2a1b6a24-3c79-8232-f09c-b18021f1e9d4" testName="Primitive_As_Root_Test" computerName="STEVEN-PC" duration="00:00:00.0017434" startTime="2011-08-27T13:55:08.5513853-04:00" endTime="2011-08-27T13:55:08.5593858-04:00" testType="13cdc9d9-ddb5-4fa4-a97d-d965ccfc6d4b" outcome="Passed" testListId="8c84fa94-04c1-424b-9868-57a2d4851a1d" relativeResultsDirectory="5c8b514c-08e4-4369-b429-df338a808b9d">
    </UnitTestResult>
    <UnitTestResult executionId="4f7f3a34-cc56-43ba-94f2-e525e862dfc2" testId="8ba613f4-3173-b36b-b2c4-2ce58c484a08" testName="Multiple_Formats_Test" computerName="STEVEN-PC" duration="00:00:00.0014120" startTime="2011-08-27T13:55:08.5623860-04:00" endTime="2011-08-27T13:55:08.5693864-04:00" testType="13cdc9d9-ddb5-4fa4-a97d-d965ccfc6d4b" outcome="Passed" testListId="8c84fa94-04c1-424b-9868-57a2d4851a1d" relativeResultsDirectory="4f7f3a34-cc56-43ba-94f2-e525e862dfc2">
    </UnitTestResult>
    <UnitTestResult executionId="ecc9073c-56e6-4029-8668-a9128a3cf6e6" testId="17b24c13-4e76-58ac-f834-58b7dbc12f47" testName="Enum_Format_Test" computerName="STEVEN-PC" duration="00:00:00.0014668" startTime="2011-08-27T13:55:08.5723865-04:00" endTime="2011-08-27T13:55:08.5803870-04:00" testType="13cdc9d9-ddb5-4fa4-a97d-d965ccfc6d4b" outcome="Passed" testListId="8c84fa94-04c1-424b-9868-57a2d4851a1d" relativeResultsDirectory="ecc9073c-56e6-4029-8668-a9128a3cf6e6">
    </UnitTestResult>
    <UnitTestResult executionId="b857957f-a875-428e-b669-0e21ddf644a5" testId="843f87da-ab17-0751-27c2-c9b7d8cb9c48" testName="BoolTest" computerName="STEVEN-PC" duration="00:00:00.0002754" startTime="2011-08-27T13:55:08.5843872-04:00" endTime="2011-08-27T13:55:08.5903876-04:00" testType="13cdc9d9-ddb5-4fa4-a97d-d965ccfc6d4b" outcome="Passed" testListId="8c84fa94-04c1-424b-9868-57a2d4851a1d" relativeResultsDirectory="b857957f-a875-428e-b669-0e21ddf644a5">
    </UnitTestResult>
    <UnitTestResult executionId="49b07a0b-9d17-4186-bcad-f44f58777ce2" testId="e4280980-2bc4-1a6a-9a5c-6b738aa31681" testName="Bool_Format_Test" computerName="STEVEN-PC" duration="00:00:00.0020415" startTime="2011-08-27T13:55:08.5933877-04:00" endTime="2011-08-27T13:55:08.6003881-04:00" testType="13cdc9d9-ddb5-4fa4-a97d-d965ccfc6d4b" outcome="Passed" testListId="8c84fa94-04c1-424b-9868-57a2d4851a1d" relativeResultsDirectory="49b07a0b-9d17-4186-bcad-f44f58777ce2">
    </UnitTestResult>
    <UnitTestResult executionId="216f7458-48a6-4e65-b8bc-556c371c5d76" testId="fd8fc137-773c-3bf4-9c92-daac7921b7be" testName="Enum_And_Bool_Format_Test" computerName="STEVEN-PC" duration="00:00:00.0011092" startTime="2011-08-27T13:55:08.6043884-04:00" endTime="2011-08-27T13:55:08.6103887-04:00" testType="13cdc9d9-ddb5-4fa4-a97d-d965ccfc6d4b" outcome="Passed" testListId="8c84fa94-04c1-424b-9868-57a2d4851a1d" relativeResultsDirectory="216f7458-48a6-4e65-b8bc-556c371c5d76">
    </UnitTestResult>
    <UnitTestResult executionId="39edc4ab-eed4-4f25-8911-9abfc100eec8" testId="aa02854e-5304-a4cf-878c-5e7276deaeaa" testName="Primitive_As_Root2_Test" computerName="STEVEN-PC" duration="00:00:22.7710392" startTime="2011-08-27T13:55:08.6143889-04:00" endTime="2011-08-27T13:55:31.3854281-04:00" testType="13cdc9d9-ddb5-4fa4-a97d-d965ccfc6d4b" outcome="Aborted" testListId="8c84fa94-04c1-424b-9868-57a2d4851a1d" relativeResultsDirectory="39edc4ab-eed4-4f25-8911-9abfc100eec8">
    </UnitTestResult>
  </Results>
</TestRun>