<?xml version="1.0" encoding="UTF-8"?>
<TestRun id="c0a88099-e4ae-4835-b313-ea0089a1ade3" name="Steven@STEVEN-PC 2011-08-28 10:53:20" runUser="Steven-PC\Steven" xmlns="http://microsoft.com/schemas/VisualStudio/TeamTest/2010">
  <TestSettings name="Local" id="653f69b1-1c9a-4652-808a-ef66419d484c">
    <Description>These are default test settings for a local test run.</Description>
    <Deployment enabled="false" runDeploymentRoot="Steven_STEVEN-PC 2011-08-28 10_53_20">
      <DeploymentItem filename="C:\Users\Steven\Documents\Visual Studio 2010\Projects\Net-to-PDF\Net2Pdf\bin\Debug\Net2Pdf.dll" />
    </Deployment>
    <Execution>
      <TestTypeSpecific />
      <AgentRule name="Execution Agents">
      </AgentRule>
    </Execution>
  </TestSettings>
  <Times creation="2011-08-28T10:53:20.8975612-04:00" queuing="2011-08-28T10:53:21.5683624-04:00" start="2011-08-28T10:53:21.7087627-04:00" finish="2011-08-28T10:55:11.7123840-04:00" />
  <ResultSummary outcome="Error">
    <Counters total="17" executed="7" passed="6" error="0" failed="0" timeout="0" aborted="1" inconclusive="0" passedButRunAborted="0" notRunnable="0" notExecuted="10" disconnected="0" warning="0" completed="0" inProgress="0" pending="0" />
    <RunInfos>
      <RunInfo computerName="STEVEN-PC" outcome="Error" timestamp="2011-08-28T10:55:11.7123840-04:00">
        <Text>Test host process exited unexpectedly.</Text>
      </RunInfo>
    </RunInfos>
  </ResultSummary>
  <TestDefinitions>
    <UnitTest name="Enum_Format_Test" storage="c:\users\steven\documents\visual studio 2010\projects\net-to-pdf\net2pdftests\bin\debug\net2pdftests.dll" id="fc8cefbd-b5af-253c-59ea-56c0237fb2e4">
      <Execution id="cf9884e0-6f6a-45ca-bd02-65988b893ad2" />
      <TestMethod codeBase="C:/Users/Steven/Documents/Visual Studio 2010/Projects/Net-to-PDF/Net2PdfTests/bin/Debug/Net2PdfTests.DLL" adapterTypeName="Microsoft.VisualStudio.TestTools.TestTypes.Unit.UnitTestAdapter, Microsoft.VisualStudio.QualityTools.Tips.UnitTest.Adapter, Version=10.0.0.0, Culture=neutral, PublicKeyToken=b03f5f7f11d50a3a" className="Net2PdfTests.FormatterTests, Net2PdfTests, Version=1.0.0.0, Culture=neutral, PublicKeyToken=null" name="Enum_Format_Test" />
    </UnitTest>
    <UnitTest name="DateTimeTest" storage="c:\users\steven\documents\visual studio 2010\projects\net-to-pdf\net2pdftests\bin\debug\net2pdftests.dll" id="bf94dae5-5c34-f8c0-9390-ddd198d415b6">
      <Execution id="916e33ba-aefc-4753-bf13-7b5b08fb3351" />
      <TestMethod codeBase="C:/Users/Steven/Documents/Visual Studio 2010/Projects/Net-to-PDF/Net2PdfTests/bin/Debug/Net2PdfTests.DLL" adapterTypeName="Microsoft.VisualStudio.TestTools.TestTypes.Unit.UnitTestAdapter, Microsoft.VisualStudio.QualityTools.Tips.UnitTest.Adapter, Version=10.0.0.0, Culture=neutral, PublicKeyToken=b03f5f7f11d50a3a" className="Net2PdfTests.StandardMappingTest, Net2PdfTests, Version=1.0.0.0, Culture=neutral, PublicKeyToken=null" name="DateTimeTest" />
    </UnitTest>
    <UnitTest name="ComplexListTest" storage="c:\users\steven\documents\visual studio 2010\projects\net-to-pdf\net2pdftests\bin\debug\net2pdftests.dll" id="6a9a4c5c-773c-e915-6c52-09dab4a5d77d">
      <Execution id="3ac29187-fdff-4e64-9ddb-bd0d845cb6e0" />
      <TestMethod codeBase="C:/Users/Steven/Documents/Visual Studio 2010/Projects/Net-to-PDF/Net2PdfTests/bin/Debug/Net2PdfTests.DLL" adapterTypeName="Microsoft.VisualStudio.TestTools.TestTypes.Unit.UnitTestAdapter, Microsoft.VisualStudio.QualityTools.Tips.UnitTest.Adapter, Version=10.0.0.0, Culture=neutral, PublicKeyToken=b03f5f7f11d50a3a" className="Net2PdfTests.StandardMappingTest, Net2PdfTests, Version=1.0.0.0, Culture=neutral, PublicKeyToken=null" name="ComplexListTest" />
    </UnitTest>
    <UnitTest name="Primitive_As_Root2_Test" storage="c:\users\steven\documents\visual studio 2010\projects\net-to-pdf\net2pdftests\bin\debug\net2pdftests.dll" id="46d86b0f-f82b-3c1b-686e-88cbaca5be11">
      <Execution id="6e0132cc-cf25-4edf-9785-f77ab187aba8" />
      <TestMethod codeBase="C:/Users/Steven/Documents/Visual Studio 2010/Projects/Net-to-PDF/Net2PdfTests/bin/Debug/Net2PdfTests.DLL" adapterTypeName="Microsoft.VisualStudio.TestTools.TestTypes.Unit.UnitTestAdapter, Microsoft.VisualStudio.QualityTools.Tips.UnitTest.Adapter, Version=10.0.0.0, Culture=neutral, PublicKeyToken=b03f5f7f11d50a3a" className="Net2PdfTests.FormatterTests, Net2PdfTests, Version=1.0.0.0, Culture=neutral, PublicKeyToken=null" name="Primitive_As_Root2_Test" />
    </UnitTest>
    <UnitTest name="EnumTest" storage="c:\users\steven\documents\visual studio 2010\projects\net-to-pdf\net2pdftests\bin\debug\net2pdftests.dll" id="5a54e69a-9ba0-cd96-c61d-3514894545fc">
      <Execution id="e045d09a-2db4-4dc0-a0c5-4a7b1230a076" />
      <TestMethod codeBase="C:/Users/Steven/Documents/Visual Studio 2010/Projects/Net-to-PDF/Net2PdfTests/bin/Debug/Net2PdfTests.DLL" adapterTypeName="Microsoft.VisualStudio.TestTools.TestTypes.Unit.UnitTestAdapter, Microsoft.VisualStudio.QualityTools.Tips.UnitTest.Adapter, Version=10.0.0.0, Culture=neutral, PublicKeyToken=b03f5f7f11d50a3a" className="Net2PdfTests.StandardMappingTest, Net2PdfTests, Version=1.0.0.0, Culture=neutral, PublicKeyToken=null" name="EnumTest" />
    </UnitTest>
    <UnitTest name="Bool_Format_Test" storage="c:\users\steven\documents\visual studio 2010\projects\net-to-pdf\net2pdftests\bin\debug\net2pdftests.dll" id="3551e7e6-f93a-eae3-9f6f-e55bd921a3f0">
      <Execution id="7b6a7293-e435-4949-b066-115c126c64e8" />
      <TestMethod codeBase="C:/Users/Steven/Documents/Visual Studio 2010/Projects/Net-to-PDF/Net2PdfTests/bin/Debug/Net2PdfTests.DLL" adapterTypeName="Microsoft.VisualStudio.TestTools.TestTypes.Unit.UnitTestAdapter, Microsoft.VisualStudio.QualityTools.Tips.UnitTest.Adapter, Version=10.0.0.0, Culture=neutral, PublicKeyToken=b03f5f7f11d50a3a" className="Net2PdfTests.FormatterTests, Net2PdfTests, Version=1.0.0.0, Culture=neutral, PublicKeyToken=null" name="Bool_Format_Test" />
    </UnitTest>
    <UnitTest name="Multiple_Formats_Test" storage="c:\users\steven\documents\visual studio 2010\projects\net-to-pdf\net2pdftests\bin\debug\net2pdftests.dll" id="24ad7c42-6090-b7fe-b179-7ff8791b7322">
      <Execution id="f4952a5e-a057-4e0b-b887-20b605cca738" />
      <TestMethod codeBase="C:/Users/Steven/Documents/Visual Studio 2010/Projects/Net-to-PDF/Net2PdfTests/bin/Debug/Net2PdfTests.DLL" adapterTypeName="Microsoft.VisualStudio.TestTools.TestTypes.Unit.UnitTestAdapter, Microsoft.VisualStudio.QualityTools.Tips.UnitTest.Adapter, Version=10.0.0.0, Culture=neutral, PublicKeyToken=b03f5f7f11d50a3a" className="Net2PdfTests.FormatterTests, Net2PdfTests, Version=1.0.0.0, Culture=neutral, PublicKeyToken=null" name="Multiple_Formats_Test" />
    </UnitTest>
    <UnitTest name="BasicTypeTest" storage="c:\users\steven\documents\visual studio 2010\projects\net-to-pdf\net2pdftests\bin\debug\net2pdftests.dll" id="e6530888-e618-b9c9-4cfa-d3bd3e76c0bb">
      <Execution id="a6a4abc4-0ac4-4436-be8d-89cb6d7420d9" />
      <TestMethod codeBase="C:/Users/Steven/Documents/Visual Studio 2010/Projects/Net-to-PDF/Net2PdfTests/bin/Debug/Net2PdfTests.DLL" adapterTypeName="Microsoft.VisualStudio.TestTools.TestTypes.Unit.UnitTestAdapter, Microsoft.VisualStudio.QualityTools.Tips.UnitTest.Adapter, Version=10.0.0.0, Culture=neutral, PublicKeyToken=b03f5f7f11d50a3a" className="Net2PdfTests.FormatterTests, Net2PdfTests, Version=1.0.0.0, Culture=neutral, PublicKeyToken=null" name="BasicTypeTest" />
    </UnitTest>
    <UnitTest name="Object_ToString_Test" storage="c:\users\steven\documents\visual studio 2010\projects\net-to-pdf\net2pdftests\bin\debug\net2pdftests.dll" id="b015a07f-6982-da75-2139-cf924326afff">
      <Execution id="5dd4907a-9c28-41bf-b645-819cfcc1ee60" />
      <TestMethod codeBase="C:/Users/Steven/Documents/Visual Studio 2010/Projects/Net-to-PDF/Net2PdfTests/bin/Debug/Net2PdfTests.DLL" adapterTypeName="Microsoft.VisualStudio.TestTools.TestTypes.Unit.UnitTestAdapter, Microsoft.VisualStudio.QualityTools.Tips.UnitTest.Adapter, Version=10.0.0.0, Culture=neutral, PublicKeyToken=b03f5f7f11d50a3a" className="Net2PdfTests.FormatterTests, Net2PdfTests, Version=1.0.0.0, Culture=neutral, PublicKeyToken=null" name="Object_ToString_Test" />
    </UnitTest>
    <UnitTest name="Enum_And_Bool_Format_Test" storage="c:\users\steven\documents\visual studio 2010\projects\net-to-pdf\net2pdftests\bin\debug\net2pdftests.dll" id="77c31b7e-360e-0c91-e586-03d116a8db6f">
      <Execution id="0b2eb960-2068-45dd-a01f-3b3149064268" />
      <TestMethod codeBase="C:/Users/Steven/Documents/Visual Studio 2010/Projects/Net-to-PDF/Net2PdfTests/bin/Debug/Net2PdfTests.DLL" adapterTypeName="Microsoft.VisualStudio.TestTools.TestTypes.Unit.UnitTestAdapter, Microsoft.VisualStudio.QualityTools.Tips.UnitTest.Adapter, Version=10.0.0.0, Culture=neutral, PublicKeyToken=b03f5f7f11d50a3a" className="Net2PdfTests.FormatterTests, Net2PdfTests, Version=1.0.0.0, Culture=neutral, PublicKeyToken=null" name="Enum_And_Bool_Format_Test" />
    </UnitTest>
    <UnitTest name="NestedClassesTest" storage="c:\users\steven\documents\visual studio 2010\projects\net-to-pdf\net2pdftests\bin\debug\net2pdftests.dll" id="0ef8bd4d-a23c-bd1e-9de9-88f8e88829dd">
      <Execution id="5b94a1d0-9c76-4ea6-bec7-2db5f18f9ee7" />
      <TestMethod codeBase="C:/Users/Steven/Documents/Visual Studio 2010/Projects/Net-to-PDF/Net2PdfTests/bin/Debug/Net2PdfTests.DLL" adapterTypeName="Microsoft.VisualStudio.TestTools.TestTypes.Unit.UnitTestAdapter, Microsoft.VisualStudio.QualityTools.Tips.UnitTest.Adapter, Version=10.0.0.0, Culture=neutral, PublicKeyToken=b03f5f7f11d50a3a" className="Net2PdfTests.StandardMappingTest, Net2PdfTests, Version=1.0.0.0, Culture=neutral, PublicKeyToken=null" name="NestedClassesTest" />
    </UnitTest>
    <UnitTest name="ComplexList_Format_Test" storage="c:\users\steven\documents\visual studio 2010\projects\net-to-pdf\net2pdftests\bin\debug\net2pdftests.dll" id="5f86b717-6b8a-cbfb-c35f-5d39a81e9131">
      <Execution id="de7ae055-7373-4614-8e80-ac7dc3ec267c" />
      <TestMethod codeBase="C:/Users/Steven/Documents/Visual Studio 2010/Projects/Net-to-PDF/Net2PdfTests/bin/Debug/Net2PdfTests.DLL" adapterTypeName="Microsoft.VisualStudio.TestTools.TestTypes.Unit.UnitTestAdapter, Microsoft.VisualStudio.QualityTools.Tips.UnitTest.Adapter, Version=10.0.0.0, Culture=neutral, PublicKeyToken=b03f5f7f11d50a3a" className="Net2PdfTests.FormatterTests, Net2PdfTests, Version=1.0.0.0, Culture=neutral, PublicKeyToken=null" name="ComplexList_Format_Test" />
    </UnitTest>
    <UnitTest name="BoolTest" storage="c:\users\steven\documents\visual studio 2010\projects\net-to-pdf\net2pdftests\bin\debug\net2pdftests.dll" id="843f87da-ab17-0751-27c2-c9b7d8cb9c48">
      <Execution id="0ce51b97-eb1b-4511-95ca-221f10c28ea6" />
      <TestMethod codeBase="C:/Users/Steven/Documents/Visual Studio 2010/Projects/Net-to-PDF/Net2PdfTests/bin/Debug/Net2PdfTests.DLL" adapterTypeName="Microsoft.VisualStudio.TestTools.TestTypes.Unit.UnitTestAdapter, Microsoft.VisualStudio.QualityTools.Tips.UnitTest.Adapter, Version=10.0.0.0, Culture=neutral, PublicKeyToken=b03f5f7f11d50a3a" className="Net2PdfTests.StandardMappingTest, Net2PdfTests, Version=1.0.0.0, Culture=neutral, PublicKeyToken=null" name="BoolTest" />
    </UnitTest>
    <UnitTest name="Multiple_Formats2_Test" storage="c:\users\steven\documents\visual studio 2010\projects\net-to-pdf\net2pdftests\bin\debug\net2pdftests.dll" id="7b930fb9-6611-ab49-35cb-8bcbde79cdef">
      <Execution id="c9ce2ca7-79dc-4cd8-a174-f78052d0fc0f" />
      <TestMethod codeBase="C:/Users/Steven/Documents/Visual Studio 2010/Projects/Net-to-PDF/Net2PdfTests/bin/Debug/Net2PdfTests.DLL" adapterTypeName="Microsoft.VisualStudio.TestTools.TestTypes.Unit.UnitTestAdapter, Microsoft.VisualStudio.QualityTools.Tips.UnitTest.Adapter, Version=10.0.0.0, Culture=neutral, PublicKeyToken=b03f5f7f11d50a3a" className="Net2PdfTests.FormatterTests, Net2PdfTests, Version=1.0.0.0, Culture=neutral, PublicKeyToken=null" name="Multiple_Formats2_Test" />
    </UnitTest>
    <UnitTest name="Primitive_As_Root_Test" storage="c:\users\steven\documents\visual studio 2010\projects\net-to-pdf\net2pdftests\bin\debug\net2pdftests.dll" id="7050211c-c76c-513e-c05c-4a358ec8b4ae">
      <Execution id="2e43464c-56f7-416d-bd6a-9ed12735d754" />
      <TestMethod codeBase="C:/Users/Steven/Documents/Visual Studio 2010/Projects/Net-to-PDF/Net2PdfTests/bin/Debug/Net2PdfTests.DLL" adapterTypeName="Microsoft.VisualStudio.TestTools.TestTypes.Unit.UnitTestAdapter, Microsoft.VisualStudio.QualityTools.Tips.UnitTest.Adapter, Version=10.0.0.0, Culture=neutral, PublicKeyToken=b03f5f7f11d50a3a" className="Net2PdfTests.FormatterTests, Net2PdfTests, Version=1.0.0.0, Culture=neutral, PublicKeyToken=null" name="Primitive_As_Root_Test" />
    </UnitTest>
    <UnitTest name="BasicPropertiesTest" storage="c:\users\steven\documents\visual studio 2010\projects\net-to-pdf\net2pdftests\bin\debug\net2pdftests.dll" id="6578d986-bc10-da0d-01b9-d32e4ee4aa03">
      <Execution id="4ff7dd8e-cc47-41c0-a883-27c7574ce582" />
      <TestMethod codeBase="C:/Users/Steven/Documents/Visual Studio 2010/Projects/Net-to-PDF/Net2PdfTests/bin/Debug/Net2PdfTests.DLL" adapterTypeName="Microsoft.VisualStudio.TestTools.TestTypes.Unit.UnitTestAdapter, Microsoft.VisualStudio.QualityTools.Tips.UnitTest.Adapter, Version=10.0.0.0, Culture=neutral, PublicKeyToken=b03f5f7f11d50a3a" className="Net2PdfTests.StandardMappingTest, Net2PdfTests, Version=1.0.0.0, Culture=neutral, PublicKeyToken=null" name="BasicPropertiesTest" />
    </UnitTest>
    <UnitTest name="DateTime_Formatting_Test" storage="c:\users\steven\documents\visual studio 2010\projects\net-to-pdf\net2pdftests\bin\debug\net2pdftests.dll" id="20d1606d-b7ac-7e22-75e8-7de25a1f6d7b">
      <Execution id="2a9cbcf6-a319-4fa0-af3c-26cd6fc87a12" />
      <TestMethod codeBase="C:/Users/Steven/Documents/Visual Studio 2010/Projects/Net-to-PDF/Net2PdfTests/bin/Debug/Net2PdfTests.DLL" adapterTypeName="Microsoft.VisualStudio.TestTools.TestTypes.Unit.UnitTestAdapter, Microsoft.VisualStudio.QualityTools.Tips.UnitTest.Adapter, Version=10.0.0.0, Culture=neutral, PublicKeyToken=b03f5f7f11d50a3a" className="Net2PdfTests.FormatterTests, Net2PdfTests, Version=1.0.0.0, Culture=neutral, PublicKeyToken=null" name="DateTime_Formatting_Test" />
    </UnitTest>
  </TestDefinitions>
  <TestLists>
    <TestList name="Results Not in a List" id="8c84fa94-04c1-424b-9868-57a2d4851a1d" />
    <TestList name="All Loaded Results" id="19431567-8539-422a-85d7-44ee4e166bda" />
  </TestLists>
  <TestEntries>
    <TestEntry testId="6578d986-bc10-da0d-01b9-d32e4ee4aa03" executionId="4ff7dd8e-cc47-41c0-a883-27c7574ce582" testListId="8c84fa94-04c1-424b-9868-57a2d4851a1d" />
    <TestEntry testId="bf94dae5-5c34-f8c0-9390-ddd198d415b6" executionId="916e33ba-aefc-4753-bf13-7b5b08fb3351" testListId="8c84fa94-04c1-424b-9868-57a2d4851a1d" />
    <TestEntry testId="0ef8bd4d-a23c-bd1e-9de9-88f8e88829dd" executionId="5b94a1d0-9c76-4ea6-bec7-2db5f18f9ee7" testListId="8c84fa94-04c1-424b-9868-57a2d4851a1d" />
    <TestEntry testId="5a54e69a-9ba0-cd96-c61d-3514894545fc" executionId="e045d09a-2db4-4dc0-a0c5-4a7b1230a076" testListId="8c84fa94-04c1-424b-9868-57a2d4851a1d" />
    <TestEntry testId="843f87da-ab17-0751-27c2-c9b7d8cb9c48" executionId="0ce51b97-eb1b-4511-95ca-221f10c28ea6" testListId="8c84fa94-04c1-424b-9868-57a2d4851a1d" />
    <TestEntry testId="6a9a4c5c-773c-e915-6c52-09dab4a5d77d" executionId="3ac29187-fdff-4e64-9ddb-bd0d845cb6e0" testListId="8c84fa94-04c1-424b-9868-57a2d4851a1d" />
    <TestEntry testId="e6530888-e618-b9c9-4cfa-d3bd3e76c0bb" executionId="a6a4abc4-0ac4-4436-be8d-89cb6d7420d9" testListId="8c84fa94-04c1-424b-9868-57a2d4851a1d" />
    <TestEntry testId="20d1606d-b7ac-7e22-75e8-7de25a1f6d7b" executionId="2a9cbcf6-a319-4fa0-af3c-26cd6fc87a12" testListId="8c84fa94-04c1-424b-9868-57a2d4851a1d" />
    <TestEntry testId="7050211c-c76c-513e-c05c-4a358ec8b4ae" executionId="2e43464c-56f7-416d-bd6a-9ed12735d754" testListId="8c84fa94-04c1-424b-9868-57a2d4851a1d" />
    <TestEntry testId="46d86b0f-f82b-3c1b-686e-88cbaca5be11" executionId="6e0132cc-cf25-4edf-9785-f77ab187aba8" testListId="8c84fa94-04c1-424b-9868-57a2d4851a1d" />
    <TestEntry testId="24ad7c42-6090-b7fe-b179-7ff8791b7322" executionId="f4952a5e-a057-4e0b-b887-20b605cca738" testListId="8c84fa94-04c1-424b-9868-57a2d4851a1d" />
    <TestEntry testId="7b930fb9-6611-ab49-35cb-8bcbde79cdef" executionId="c9ce2ca7-79dc-4cd8-a174-f78052d0fc0f" testListId="8c84fa94-04c1-424b-9868-57a2d4851a1d" />
    <TestEntry testId="fc8cefbd-b5af-253c-59ea-56c0237fb2e4" executionId="cf9884e0-6f6a-45ca-bd02-65988b893ad2" testListId="8c84fa94-04c1-424b-9868-57a2d4851a1d" />
    <TestEntry testId="77c31b7e-360e-0c91-e586-03d116a8db6f" executionId="0b2eb960-2068-45dd-a01f-3b3149064268" testListId="8c84fa94-04c1-424b-9868-57a2d4851a1d" />
    <TestEntry testId="3551e7e6-f93a-eae3-9f6f-e55bd921a3f0" executionId="7b6a7293-e435-4949-b066-115c126c64e8" testListId="8c84fa94-04c1-424b-9868-57a2d4851a1d" />
    <TestEntry testId="5f86b717-6b8a-cbfb-c35f-5d39a81e9131" executionId="de7ae055-7373-4614-8e80-ac7dc3ec267c" testListId="8c84fa94-04c1-424b-9868-57a2d4851a1d" />
    <TestEntry testId="b015a07f-6982-da75-2139-cf924326afff" executionId="5dd4907a-9c28-41bf-b645-819cfcc1ee60" testListId="8c84fa94-04c1-424b-9868-57a2d4851a1d" />
  </TestEntries>
  <Results>
    <UnitTestResult executionId="4ff7dd8e-cc47-41c0-a883-27c7574ce582" testId="6578d986-bc10-da0d-01b9-d32e4ee4aa03" testName="BasicPropertiesTest" computerName="STEVEN-PC" duration="00:00:00.0730548" startTime="2011-08-28T10:53:21.8491629-04:00" endTime="2011-08-28T10:53:22.4731640-04:00" testType="13cdc9d9-ddb5-4fa4-a97d-d965ccfc6d4b" outcome="Passed" testListId="8c84fa94-04c1-424b-9868-57a2d4851a1d" relativeResultsDirectory="4ff7dd8e-cc47-41c0-a883-27c7574ce582">
    </UnitTestResult>
    <UnitTestResult executionId="916e33ba-aefc-4753-bf13-7b5b08fb3351" testId="bf94dae5-5c34-f8c0-9390-ddd198d415b6" testName="DateTimeTest" computerName="STEVEN-PC" duration="00:00:00.0003710" startTime="2011-08-28T10:53:22.4731640-04:00" endTime="2011-08-28T10:53:22.4887640-04:00" testType="13cdc9d9-ddb5-4fa4-a97d-d965ccfc6d4b" outcome="Passed" testListId="8c84fa94-04c1-424b-9868-57a2d4851a1d" relativeResultsDirectory="916e33ba-aefc-4753-bf13-7b5b08fb3351">
    </UnitTestResult>
    <UnitTestResult executionId="5b94a1d0-9c76-4ea6-bec7-2db5f18f9ee7" testId="0ef8bd4d-a23c-bd1e-9de9-88f8e88829dd" testName="NestedClassesTest" computerName="STEVEN-PC" duration="00:00:00.0004305" startTime="2011-08-28T10:53:22.4887640-04:00" endTime="2011-08-28T10:53:22.5043641-04:00" testType="13cdc9d9-ddb5-4fa4-a97d-d965ccfc6d4b" outcome="Passed" testListId="8c84fa94-04c1-424b-9868-57a2d4851a1d" relativeResultsDirectory="5b94a1d0-9c76-4ea6-bec7-2db5f18f9ee7">
    </UnitTestResult>
    <UnitTestResult executionId="e045d09a-2db4-4dc0-a0c5-4a7b1230a076" testId="5a54e69a-9ba0-cd96-c61d-3514894545fc" testName="EnumTest" computerName="STEVEN-PC" duration="00:00:00.0003940" startTime="2011-08-28T10:53:22.5043641-04:00" endTime="2011-08-28T10:53:22.5043641-04:00" testType="13cdc9d9-ddb5-4fa4-a97d-d965ccfc6d4b" outcome="Passed" testListId="8c84fa94-04c1-424b-9868-57a2d4851a1d" relativeResultsDirectory="e045d09a-2db4-4dc0-a0c5-4a7b1230a076">
    </UnitTestResult>
    <UnitTestResult executionId="0ce51b97-eb1b-4511-95ca-221f10c28ea6" testId="843f87da-ab17-0751-27c2-c9b7d8cb9c48" testName="BoolTest" computerName="STEVEN-PC" duration="00:00:00.0003251" startTime="2011-08-28T10:53:22.5043641-04:00" endTime="2011-08-28T10:53:22.5199641-04:00" testType="13cdc9d9-ddb5-4fa4-a97d-d965ccfc6d4b" outcome="Passed" testListId="8c84fa94-04c1-424b-9868-57a2d4851a1d" relativeResultsDirectory="0ce51b97-eb1b-4511-95ca-221f10c28ea6">
    </UnitTestResult>
    <UnitTestResult executionId="3ac29187-fdff-4e64-9ddb-bd0d845cb6e0" testId="6a9a4c5c-773c-e915-6c52-09dab4a5d77d" testName="ComplexListTest" computerName="STEVEN-PC" duration="00:00:00.0003210" startTime="2011-08-28T10:53:22.5199641-04:00" endTime="2011-08-28T10:53:22.5199641-04:00" testType="13cdc9d9-ddb5-4fa4-a97d-d965ccfc6d4b" outcome="Passed" testListId="8c84fa94-04c1-424b-9868-57a2d4851a1d" relativeResultsDirectory="3ac29187-fdff-4e64-9ddb-bd0d845cb6e0">
    </UnitTestResult>
    <UnitTestResult executionId="a6a4abc4-0ac4-4436-be8d-89cb6d7420d9" testId="e6530888-e618-b9c9-4cfa-d3bd3e76c0bb" testName="BasicTypeTest" computerName="STEVEN-PC" duration="00:01:49.1768199" startTime="2011-08-28T10:53:22.5355641-04:00" endTime="2011-08-28T10:55:11.7123840-04:00" testType="13cdc9d9-ddb5-4fa4-a97d-d965ccfc6d4b" outcome="Aborted" testListId="8c84fa94-04c1-424b-9868-57a2d4851a1d" relativeResultsDirectory="a6a4abc4-0ac4-4436-be8d-89cb6d7420d9">
    </UnitTestResult>
    <UnitTestResult executionId="2a9cbcf6-a319-4fa0-af3c-26cd6fc87a12" testId="20d1606d-b7ac-7e22-75e8-7de25a1f6d7b" testName="DateTime_Formatting_Test" computerName="STEVEN-PC" testType="13cdc9d9-ddb5-4fa4-a97d-d965ccfc6d4b" outcome="NotExecuted" testListId="8c84fa94-04c1-424b-9868-57a2d4851a1d" relativeResultsDirectory="2a9cbcf6-a319-4fa0-af3c-26cd6fc87a12">
    </UnitTestResult>
    <UnitTestResult executionId="2e43464c-56f7-416d-bd6a-9ed12735d754" testId="7050211c-c76c-513e-c05c-4a358ec8b4ae" testName="Primitive_As_Root_Test" computerName="STEVEN-PC" testType="13cdc9d9-ddb5-4fa4-a97d-d965ccfc6d4b" outcome="NotExecuted" testListId="8c84fa94-04c1-424b-9868-57a2d4851a1d" relativeResultsDirectory="2e43464c-56f7-416d-bd6a-9ed12735d754">
    </UnitTestResult>
    <UnitTestResult executionId="6e0132cc-cf25-4edf-9785-f77ab187aba8" testId="46d86b0f-f82b-3c1b-686e-88cbaca5be11" testName="Primitive_As_Root2_Test" computerName="STEVEN-PC" testType="13cdc9d9-ddb5-4fa4-a97d-d965ccfc6d4b" outcome="NotExecuted" testListId="8c84fa94-04c1-424b-9868-57a2d4851a1d" relativeResultsDirectory="6e0132cc-cf25-4edf-9785-f77ab187aba8">
    </UnitTestResult>
    <UnitTestResult executionId="f4952a5e-a057-4e0b-b887-20b605cca738" testId="24ad7c42-6090-b7fe-b179-7ff8791b7322" testName="Multiple_Formats_Test" computerName="STEVEN-PC" testType="13cdc9d9-ddb5-4fa4-a97d-d965ccfc6d4b" outcome="NotExecuted" testListId="8c84fa94-04c1-424b-9868-57a2d4851a1d" relativeResultsDirectory="f4952a5e-a057-4e0b-b887-20b605cca738">
    </UnitTestResult>
    <UnitTestResult executionId="c9ce2ca7-79dc-4cd8-a174-f78052d0fc0f" testId="7b930fb9-6611-ab49-35cb-8bcbde79cdef" testName="Multiple_Formats2_Test" computerName="STEVEN-PC" testType="13cdc9d9-ddb5-4fa4-a97d-d965ccfc6d4b" outcome="NotExecuted" testListId="8c84fa94-04c1-424b-9868-57a2d4851a1d" relativeResultsDirectory="c9ce2ca7-79dc-4cd8-a174-f78052d0fc0f">
    </UnitTestResult>
    <UnitTestResult executionId="cf9884e0-6f6a-45ca-bd02-65988b893ad2" testId="fc8cefbd-b5af-253c-59ea-56c0237fb2e4" testName="Enum_Format_Test" computerName="STEVEN-PC" testType="13cdc9d9-ddb5-4fa4-a97d-d965ccfc6d4b" outcome="NotExecuted" testListId="8c84fa94-04c1-424b-9868-57a2d4851a1d" relativeResultsDirectory="cf9884e0-6f6a-45ca-bd02-65988b893ad2">
    </UnitTestResult>
    <UnitTestResult executionId="0b2eb960-2068-45dd-a01f-3b3149064268" testId="77c31b7e-360e-0c91-e586-03d116a8db6f" testName="Enum_And_Bool_Format_Test" computerName="STEVEN-PC" testType="13cdc9d9-ddb5-4fa4-a97d-d965ccfc6d4b" outcome="NotExecuted" testListId="8c84fa94-04c1-424b-9868-57a2d4851a1d" relativeResultsDirectory="0b2eb960-2068-45dd-a01f-3b3149064268">
    </UnitTestResult>
    <UnitTestResult executionId="7b6a7293-e435-4949-b066-115c126c64e8" testId="3551e7e6-f93a-eae3-9f6f-e55bd921a3f0" testName="Bool_Format_Test" computerName="STEVEN-PC" testType="13cdc9d9-ddb5-4fa4-a97d-d965ccfc6d4b" outcome="NotExecuted" testListId="8c84fa94-04c1-424b-9868-57a2d4851a1d" relativeResultsDirectory="7b6a7293-e435-4949-b066-115c126c64e8">
    </UnitTestResult>
    <UnitTestResult executionId="de7ae055-7373-4614-8e80-ac7dc3ec267c" testId="5f86b717-6b8a-cbfb-c35f-5d39a81e9131" testName="ComplexList_Format_Test" computerName="STEVEN-PC" testType="13cdc9d9-ddb5-4fa4-a97d-d965ccfc6d4b" outcome="NotExecuted" testListId="8c84fa94-04c1-424b-9868-57a2d4851a1d" relativeResultsDirectory="de7ae055-7373-4614-8e80-ac7dc3ec267c">
    </UnitTestResult>
    <UnitTestResult executionId="5dd4907a-9c28-41bf-b645-819cfcc1ee60" testId="b015a07f-6982-da75-2139-cf924326afff" testName="Object_ToString_Test" computerName="STEVEN-PC" testType="13cdc9d9-ddb5-4fa4-a97d-d965ccfc6d4b" outcome="NotExecuted" testListId="8c84fa94-04c1-424b-9868-57a2d4851a1d" relativeResultsDirectory="5dd4907a-9c28-41bf-b645-819cfcc1ee60">
    </UnitTestResult>
  </Results>
</TestRun>