<?xml version="1.0" encoding="UTF-8"?>
<TestRun id="106856cb-4274-464e-a7d9-d20b20380621" name="Steven@STEVEN-PC 2011-08-27 14:19:00" runUser="Steven-PC\Steven" xmlns="http://microsoft.com/schemas/VisualStudio/TeamTest/2010">
  <TestSettings name="Local" id="653f69b1-1c9a-4652-808a-ef66419d484c">
    <Description>These are default test settings for a local test run.</Description>
    <Deployment enabled="false" runDeploymentRoot="Steven_STEVEN-PC 2011-08-27 14_19_00">
      <DeploymentItem filename="C:\Users\Steven\documents\visual studio 2010\Projects\Net2Pdf\Net2Pdf\bin\Debug\Net2Pdf.dll" />
    </Deployment>
    <Execution>
      <TestTypeSpecific />
      <AgentRule name="Execution Agents">
      </AgentRule>
    </Execution>
  </TestSettings>
  <Times creation="2011-08-27T14:19:00.1735732-04:00" queuing="2011-08-27T14:19:00.7506062-04:00" start="2011-08-27T14:19:00.8016091-04:00" finish="2011-08-27T14:19:09.1430862-04:00" />
  <ResultSummary outcome="Error">
    <Counters total="16" executed="16" passed="15" error="0" failed="0" timeout="0" aborted="1" inconclusive="0" passedButRunAborted="0" notRunnable="0" notExecuted="0" disconnected="0" warning="0" completed="0" inProgress="0" pending="0" />
    <RunInfos>
      <RunInfo computerName="STEVEN-PC" outcome="Error" timestamp="2011-08-27T14:19:09.1420861-04:00">
        <Text>Test host process exited unexpectedly.</Text>
      </RunInfo>
    </RunInfos>
  </ResultSummary>
  <TestDefinitions>
    <UnitTest name="DateTimeTest" storage="c:\users\steven\documents\visual studio 2010\projects\net2pdf\net2pdftests\bin\debug\net2pdftests.dll" id="bf94dae5-5c34-f8c0-9390-ddd198d415b6">
      <Execution id="4cc3bbbc-2a9a-4f4a-b32a-edbb11ac7eed" />
      <TestMethod codeBase="C:/Users/Steven/documents/visual studio 2010/Projects/Net2Pdf/Net2PdfTests/bin/Debug/Net2PdfTests.DLL" adapterTypeName="Microsoft.VisualStudio.TestTools.TestTypes.Unit.UnitTestAdapter, Microsoft.VisualStudio.QualityTools.Tips.UnitTest.Adapter, Version=10.0.0.0, Culture=neutral, PublicKeyToken=b03f5f7f11d50a3a" className="Net2PdfTests.StandardMappingTest, Net2PdfTests, Version=1.0.0.0, Culture=neutral, PublicKeyToken=null" name="DateTimeTest" />
    </UnitTest>
    <UnitTest name="Multiple_Formats_Test" storage="c:\users\steven\documents\visual studio 2010\projects\net2pdf\net2pdftests\bin\debug\net2pdftests.dll" id="8ba613f4-3173-b36b-b2c4-2ce58c484a08">
      <Execution id="4c1ca052-0ced-457b-939f-4971c733141f" />
      <TestMethod codeBase="C:/Users/Steven/documents/visual studio 2010/Projects/Net2Pdf/Net2PdfTests/bin/Debug/Net2PdfTests.DLL" adapterTypeName="Microsoft.VisualStudio.TestTools.TestTypes.Unit.UnitTestAdapter, Microsoft.VisualStudio.QualityTools.Tips.UnitTest.Adapter, Version=10.0.0.0, Culture=neutral, PublicKeyToken=b03f5f7f11d50a3a" className="Net2PdfTests.FormattersTests, Net2PdfTests, Version=1.0.0.0, Culture=neutral, PublicKeyToken=null" name="Multiple_Formats_Test" />
    </UnitTest>
    <UnitTest name="Primitive_As_Root_Test" storage="c:\users\steven\documents\visual studio 2010\projects\net2pdf\net2pdftests\bin\debug\net2pdftests.dll" id="2a1b6a24-3c79-8232-f09c-b18021f1e9d4">
      <Execution id="b48a34a6-970e-4a19-a16e-cc7915e2b7e2" />
      <TestMethod codeBase="C:/Users/Steven/documents/visual studio 2010/Projects/Net2Pdf/Net2PdfTests/bin/Debug/Net2PdfTests.DLL" adapterTypeName="Microsoft.VisualStudio.TestTools.TestTypes.Unit.UnitTestAdapter, Microsoft.VisualStudio.QualityTools.Tips.UnitTest.Adapter, Version=10.0.0.0, Culture=neutral, PublicKeyToken=b03f5f7f11d50a3a" className="Net2PdfTests.FormattersTests, Net2PdfTests, Version=1.0.0.0, Culture=neutral, PublicKeyToken=null" name="Primitive_As_Root_Test" />
    </UnitTest>
    <UnitTest name="EnumTest" storage="c:\users\steven\documents\visual studio 2010\projects\net2pdf\net2pdftests\bin\debug\net2pdftests.dll" id="5a54e69a-9ba0-cd96-c61d-3514894545fc">
      <Execution id="81980ad7-249b-47f2-b043-1b52c9533c9d" />
      <TestMethod codeBase="C:/Users/Steven/documents/visual studio 2010/Projects/Net2Pdf/Net2PdfTests/bin/Debug/Net2PdfTests.DLL" adapterTypeName="Microsoft.VisualStudio.TestTools.TestTypes.Unit.UnitTestAdapter, Microsoft.VisualStudio.QualityTools.Tips.UnitTest.Adapter, Version=10.0.0.0, Culture=neutral, PublicKeyToken=b03f5f7f11d50a3a" className="Net2PdfTests.StandardMappingTest, Net2PdfTests, Version=1.0.0.0, Culture=neutral, PublicKeyToken=null" name="EnumTest" />
    </UnitTest>
    <UnitTest name="Bool_Format_Test" storage="c:\users\steven\documents\visual studio 2010\projects\net2pdf\net2pdftests\bin\debug\net2pdftests.dll" id="e4280980-2bc4-1a6a-9a5c-6b738aa31681">
      <Execution id="fee9bb9d-f450-459e-abfb-2529bb65167b" />
      <TestMethod codeBase="C:/Users/Steven/documents/visual studio 2010/Projects/Net2Pdf/Net2PdfTests/bin/Debug/Net2PdfTests.DLL" adapterTypeName="Microsoft.VisualStudio.TestTools.TestTypes.Unit.UnitTestAdapter, Microsoft.VisualStudio.QualityTools.Tips.UnitTest.Adapter, Version=10.0.0.0, Culture=neutral, PublicKeyToken=b03f5f7f11d50a3a" className="Net2PdfTests.FormattersTests, Net2PdfTests, Version=1.0.0.0, Culture=neutral, PublicKeyToken=null" name="Bool_Format_Test" />
    </UnitTest>
    <UnitTest name="Multiple_Formats2_Test" storage="c:\users\steven\documents\visual studio 2010\projects\net2pdf\net2pdftests\bin\debug\net2pdftests.dll" id="e4449b84-b886-fda1-58ce-19b06420719c">
      <Execution id="03ef06e0-ca4c-4fbe-a002-bc7c38af945b" />
      <TestMethod codeBase="C:/Users/Steven/documents/visual studio 2010/Projects/Net2Pdf/Net2PdfTests/bin/Debug/Net2PdfTests.DLL" adapterTypeName="Microsoft.VisualStudio.TestTools.TestTypes.Unit.UnitTestAdapter, Microsoft.VisualStudio.QualityTools.Tips.UnitTest.Adapter, Version=10.0.0.0, Culture=neutral, PublicKeyToken=b03f5f7f11d50a3a" className="Net2PdfTests.FormattersTests, Net2PdfTests, Version=1.0.0.0, Culture=neutral, PublicKeyToken=null" name="Multiple_Formats2_Test" />
    </UnitTest>
    <UnitTest name="DateTime_Formatting_Test" storage="c:\users\steven\documents\visual studio 2010\projects\net2pdf\net2pdftests\bin\debug\net2pdftests.dll" id="82dd9a00-f561-ebb8-faa6-90e149b57bf5">
      <Execution id="f87ba046-b990-47d9-9fac-d194b0e881bb" />
      <TestMethod codeBase="C:/Users/Steven/documents/visual studio 2010/Projects/Net2Pdf/Net2PdfTests/bin/Debug/Net2PdfTests.DLL" adapterTypeName="Microsoft.VisualStudio.TestTools.TestTypes.Unit.UnitTestAdapter, Microsoft.VisualStudio.QualityTools.Tips.UnitTest.Adapter, Version=10.0.0.0, Culture=neutral, PublicKeyToken=b03f5f7f11d50a3a" className="Net2PdfTests.FormattersTests, Net2PdfTests, Version=1.0.0.0, Culture=neutral, PublicKeyToken=null" name="DateTime_Formatting_Test" />
    </UnitTest>
    <UnitTest name="BasicTypeTest" storage="c:\users\steven\documents\visual studio 2010\projects\net2pdf\net2pdftests\bin\debug\net2pdftests.dll" id="10d4476b-5e09-3c3d-9147-15a2abf91527">
      <Execution id="29c5ce4e-8150-4e7f-adf3-02c56a98ce2c" />
      <TestMethod codeBase="C:/Users/Steven/documents/visual studio 2010/Projects/Net2Pdf/Net2PdfTests/bin/Debug/Net2PdfTests.DLL" adapterTypeName="Microsoft.VisualStudio.TestTools.TestTypes.Unit.UnitTestAdapter, Microsoft.VisualStudio.QualityTools.Tips.UnitTest.Adapter, Version=10.0.0.0, Culture=neutral, PublicKeyToken=b03f5f7f11d50a3a" className="Net2PdfTests.FormattersTests, Net2PdfTests, Version=1.0.0.0, Culture=neutral, PublicKeyToken=null" name="BasicTypeTest" />
    </UnitTest>
    <UnitTest name="ComplexList_Format_Test" storage="c:\users\steven\documents\visual studio 2010\projects\net2pdf\net2pdftests\bin\debug\net2pdftests.dll" id="de2aa88f-515c-5cb4-0a0f-2515d77a3076">
      <Execution id="770f627b-54a9-4f83-a562-487aff15de65" />
      <TestMethod codeBase="C:/Users/Steven/documents/visual studio 2010/Projects/Net2Pdf/Net2PdfTests/bin/Debug/Net2PdfTests.DLL" adapterTypeName="Microsoft.VisualStudio.TestTools.TestTypes.Unit.UnitTestAdapter, Microsoft.VisualStudio.QualityTools.Tips.UnitTest.Adapter, Version=10.0.0.0, Culture=neutral, PublicKeyToken=b03f5f7f11d50a3a" className="Net2PdfTests.FormattersTests, Net2PdfTests, Version=1.0.0.0, Culture=neutral, PublicKeyToken=null" name="ComplexList_Format_Test" />
    </UnitTest>
    <UnitTest name="Primitive_As_Root2_Test" storage="c:\users\steven\documents\visual studio 2010\projects\net2pdf\net2pdftests\bin\debug\net2pdftests.dll" id="aa02854e-5304-a4cf-878c-5e7276deaeaa">
      <Execution id="51127edf-1cdf-4700-bbdd-ca1e86579350" />
      <TestMethod codeBase="C:/Users/Steven/documents/visual studio 2010/Projects/Net2Pdf/Net2PdfTests/bin/Debug/Net2PdfTests.DLL" adapterTypeName="Microsoft.VisualStudio.TestTools.TestTypes.Unit.UnitTestAdapter, Microsoft.VisualStudio.QualityTools.Tips.UnitTest.Adapter, Version=10.0.0.0, Culture=neutral, PublicKeyToken=b03f5f7f11d50a3a" className="Net2PdfTests.FormattersTests, Net2PdfTests, Version=1.0.0.0, Culture=neutral, PublicKeyToken=null" name="Primitive_As_Root2_Test" />
    </UnitTest>
    <UnitTest name="Enum_And_Bool_Format_Test" storage="c:\users\steven\documents\visual studio 2010\projects\net2pdf\net2pdftests\bin\debug\net2pdftests.dll" id="fd8fc137-773c-3bf4-9c92-daac7921b7be">
      <Execution id="f845ddda-c8d8-4fec-b7b3-2be9a3e86bd9" />
      <TestMethod codeBase="C:/Users/Steven/documents/visual studio 2010/Projects/Net2Pdf/Net2PdfTests/bin/Debug/Net2PdfTests.DLL" adapterTypeName="Microsoft.VisualStudio.TestTools.TestTypes.Unit.UnitTestAdapter, Microsoft.VisualStudio.QualityTools.Tips.UnitTest.Adapter, Version=10.0.0.0, Culture=neutral, PublicKeyToken=b03f5f7f11d50a3a" className="Net2PdfTests.FormattersTests, Net2PdfTests, Version=1.0.0.0, Culture=neutral, PublicKeyToken=null" name="Enum_And_Bool_Format_Test" />
    </UnitTest>
    <UnitTest name="NestedClassesTest" storage="c:\users\steven\documents\visual studio 2010\projects\net2pdf\net2pdftests\bin\debug\net2pdftests.dll" id="0ef8bd4d-a23c-bd1e-9de9-88f8e88829dd">
      <Execution id="3c4fb6e9-c040-4949-9590-100773b4f3e4" />
      <TestMethod codeBase="C:/Users/Steven/documents/visual studio 2010/Projects/Net2Pdf/Net2PdfTests/bin/Debug/Net2PdfTests.DLL" adapterTypeName="Microsoft.VisualStudio.TestTools.TestTypes.Unit.UnitTestAdapter, Microsoft.VisualStudio.QualityTools.Tips.UnitTest.Adapter, Version=10.0.0.0, Culture=neutral, PublicKeyToken=b03f5f7f11d50a3a" className="Net2PdfTests.StandardMappingTest, Net2PdfTests, Version=1.0.0.0, Culture=neutral, PublicKeyToken=null" name="NestedClassesTest" />
    </UnitTest>
    <UnitTest name="ComplexListTest" storage="c:\users\steven\documents\visual studio 2010\projects\net2pdf\net2pdftests\bin\debug\net2pdftests.dll" id="6a9a4c5c-773c-e915-6c52-09dab4a5d77d">
      <Execution id="01c1ddb0-ffe2-4167-a76c-b507a2b02382" />
      <TestMethod codeBase="C:/Users/Steven/documents/visual studio 2010/Projects/Net2Pdf/Net2PdfTests/bin/Debug/Net2PdfTests.DLL" adapterTypeName="Microsoft.VisualStudio.TestTools.TestTypes.Unit.UnitTestAdapter, Microsoft.VisualStudio.QualityTools.Tips.UnitTest.Adapter, Version=10.0.0.0, Culture=neutral, PublicKeyToken=b03f5f7f11d50a3a" className="Net2PdfTests.StandardMappingTest, Net2PdfTests, Version=1.0.0.0, Culture=neutral, PublicKeyToken=null" name="ComplexListTest" />
    </UnitTest>
    <UnitTest name="BoolTest" storage="c:\users\steven\documents\visual studio 2010\projects\net2pdf\net2pdftests\bin\debug\net2pdftests.dll" id="843f87da-ab17-0751-27c2-c9b7d8cb9c48">
      <Execution id="fb68d11f-d1a9-4300-a90b-3bfd567ce401" />
      <TestMethod codeBase="C:/Users/Steven/documents/visual studio 2010/Projects/Net2Pdf/Net2PdfTests/bin/Debug/Net2PdfTests.DLL" adapterTypeName="Microsoft.VisualStudio.TestTools.TestTypes.Unit.UnitTestAdapter, Microsoft.VisualStudio.QualityTools.Tips.UnitTest.Adapter, Version=10.0.0.0, Culture=neutral, PublicKeyToken=b03f5f7f11d50a3a" className="Net2PdfTests.StandardMappingTest, Net2PdfTests, Version=1.0.0.0, Culture=neutral, PublicKeyToken=null" name="BoolTest" />
    </UnitTest>
    <UnitTest name="BasicPropertiesTest" storage="c:\users\steven\documents\visual studio 2010\projects\net2pdf\net2pdftests\bin\debug\net2pdftests.dll" id="6578d986-bc10-da0d-01b9-d32e4ee4aa03">
      <Execution id="7384e5ae-599a-4726-850b-37785fa7493a" />
      <TestMethod codeBase="C:/Users/Steven/documents/visual studio 2010/Projects/Net2Pdf/Net2PdfTests/bin/Debug/Net2PdfTests.DLL" adapterTypeName="Microsoft.VisualStudio.TestTools.TestTypes.Unit.UnitTestAdapter, Microsoft.VisualStudio.QualityTools.Tips.UnitTest.Adapter, Version=10.0.0.0, Culture=neutral, PublicKeyToken=b03f5f7f11d50a3a" className="Net2PdfTests.StandardMappingTest, Net2PdfTests, Version=1.0.0.0, Culture=neutral, PublicKeyToken=null" name="BasicPropertiesTest" />
    </UnitTest>
    <UnitTest name="Enum_Format_Test" storage="c:\users\steven\documents\visual studio 2010\projects\net2pdf\net2pdftests\bin\debug\net2pdftests.dll" id="17b24c13-4e76-58ac-f834-58b7dbc12f47">
      <Execution id="a452d7a5-d420-4261-b59d-6ce2ed2de331" />
      <TestMethod codeBase="C:/Users/Steven/documents/visual studio 2010/Projects/Net2Pdf/Net2PdfTests/bin/Debug/Net2PdfTests.DLL" adapterTypeName="Microsoft.VisualStudio.TestTools.TestTypes.Unit.UnitTestAdapter, Microsoft.VisualStudio.QualityTools.Tips.UnitTest.Adapter, Version=10.0.0.0, Culture=neutral, PublicKeyToken=b03f5f7f11d50a3a" className="Net2PdfTests.FormattersTests, Net2PdfTests, Version=1.0.0.0, Culture=neutral, PublicKeyToken=null" name="Enum_Format_Test" />
    </UnitTest>
  </TestDefinitions>
  <TestLists>
    <TestList name="Results Not in a List" id="8c84fa94-04c1-424b-9868-57a2d4851a1d" />
    <TestList name="All Loaded Results" id="19431567-8539-422a-85d7-44ee4e166bda" />
  </TestLists>
  <TestEntries>
    <TestEntry testId="6578d986-bc10-da0d-01b9-d32e4ee4aa03" executionId="7384e5ae-599a-4726-850b-37785fa7493a" testListId="8c84fa94-04c1-424b-9868-57a2d4851a1d" />
    <TestEntry testId="0ef8bd4d-a23c-bd1e-9de9-88f8e88829dd" executionId="3c4fb6e9-c040-4949-9590-100773b4f3e4" testListId="8c84fa94-04c1-424b-9868-57a2d4851a1d" />
    <TestEntry testId="5a54e69a-9ba0-cd96-c61d-3514894545fc" executionId="81980ad7-249b-47f2-b043-1b52c9533c9d" testListId="8c84fa94-04c1-424b-9868-57a2d4851a1d" />
    <TestEntry testId="10d4476b-5e09-3c3d-9147-15a2abf91527" executionId="29c5ce4e-8150-4e7f-adf3-02c56a98ce2c" testListId="8c84fa94-04c1-424b-9868-57a2d4851a1d" />
    <TestEntry testId="bf94dae5-5c34-f8c0-9390-ddd198d415b6" executionId="4cc3bbbc-2a9a-4f4a-b32a-edbb11ac7eed" testListId="8c84fa94-04c1-424b-9868-57a2d4851a1d" />
    <TestEntry testId="82dd9a00-f561-ebb8-faa6-90e149b57bf5" executionId="f87ba046-b990-47d9-9fac-d194b0e881bb" testListId="8c84fa94-04c1-424b-9868-57a2d4851a1d" />
    <TestEntry testId="2a1b6a24-3c79-8232-f09c-b18021f1e9d4" executionId="b48a34a6-970e-4a19-a16e-cc7915e2b7e2" testListId="8c84fa94-04c1-424b-9868-57a2d4851a1d" />
    <TestEntry testId="8ba613f4-3173-b36b-b2c4-2ce58c484a08" executionId="4c1ca052-0ced-457b-939f-4971c733141f" testListId="8c84fa94-04c1-424b-9868-57a2d4851a1d" />
    <TestEntry testId="17b24c13-4e76-58ac-f834-58b7dbc12f47" executionId="a452d7a5-d420-4261-b59d-6ce2ed2de331" testListId="8c84fa94-04c1-424b-9868-57a2d4851a1d" />
    <TestEntry testId="843f87da-ab17-0751-27c2-c9b7d8cb9c48" executionId="fb68d11f-d1a9-4300-a90b-3bfd567ce401" testListId="8c84fa94-04c1-424b-9868-57a2d4851a1d" />
    <TestEntry testId="e4280980-2bc4-1a6a-9a5c-6b738aa31681" executionId="fee9bb9d-f450-459e-abfb-2529bb65167b" testListId="8c84fa94-04c1-424b-9868-57a2d4851a1d" />
    <TestEntry testId="fd8fc137-773c-3bf4-9c92-daac7921b7be" executionId="f845ddda-c8d8-4fec-b7b3-2be9a3e86bd9" testListId="8c84fa94-04c1-424b-9868-57a2d4851a1d" />
    <TestEntry testId="aa02854e-5304-a4cf-878c-5e7276deaeaa" executionId="51127edf-1cdf-4700-bbdd-ca1e86579350" testListId="8c84fa94-04c1-424b-9868-57a2d4851a1d" />
    <TestEntry testId="6a9a4c5c-773c-e915-6c52-09dab4a5d77d" executionId="01c1ddb0-ffe2-4167-a76c-b507a2b02382" testListId="8c84fa94-04c1-424b-9868-57a2d4851a1d" />
    <TestEntry testId="de2aa88f-515c-5cb4-0a0f-2515d77a3076" executionId="770f627b-54a9-4f83-a562-487aff15de65" testListId="8c84fa94-04c1-424b-9868-57a2d4851a1d" />
    <TestEntry testId="e4449b84-b886-fda1-58ce-19b06420719c" executionId="03ef06e0-ca4c-4fbe-a002-bc7c38af945b" testListId="8c84fa94-04c1-424b-9868-57a2d4851a1d" />
  </TestEntries>
  <Results>
    <UnitTestResult executionId="7384e5ae-599a-4726-850b-37785fa7493a" testId="6578d986-bc10-da0d-01b9-d32e4ee4aa03" testName="BasicPropertiesTest" computerName="STEVEN-PC" duration="00:00:00.0743114" startTime="2011-08-27T14:19:00.8276106-04:00" endTime="2011-08-27T14:19:01.4796479-04:00" testType="13cdc9d9-ddb5-4fa4-a97d-d965ccfc6d4b" outcome="Passed" testListId="8c84fa94-04c1-424b-9868-57a2d4851a1d" relativeResultsDirectory="7384e5ae-599a-4726-850b-37785fa7493a">
    </UnitTestResult>
    <UnitTestResult executionId="3c4fb6e9-c040-4949-9590-100773b4f3e4" testId="0ef8bd4d-a23c-bd1e-9de9-88f8e88829dd" testName="NestedClassesTest" computerName="STEVEN-PC" duration="00:00:00.0004484" startTime="2011-08-27T14:19:01.4826480-04:00" endTime="2011-08-27T14:19:01.4896484-04:00" testType="13cdc9d9-ddb5-4fa4-a97d-d965ccfc6d4b" outcome="Passed" testListId="8c84fa94-04c1-424b-9868-57a2d4851a1d" relativeResultsDirectory="3c4fb6e9-c040-4949-9590-100773b4f3e4">
    </UnitTestResult>
    <UnitTestResult executionId="81980ad7-249b-47f2-b043-1b52c9533c9d" testId="5a54e69a-9ba0-cd96-c61d-3514894545fc" testName="EnumTest" computerName="STEVEN-PC" duration="00:00:00.0003969" startTime="2011-08-27T14:19:01.4926486-04:00" endTime="2011-08-27T14:19:01.4986490-04:00" testType="13cdc9d9-ddb5-4fa4-a97d-d965ccfc6d4b" outcome="Passed" testListId="8c84fa94-04c1-424b-9868-57a2d4851a1d" relativeResultsDirectory="81980ad7-249b-47f2-b043-1b52c9533c9d">
    </UnitTestResult>
    <UnitTestResult executionId="29c5ce4e-8150-4e7f-adf3-02c56a98ce2c" testId="10d4476b-5e09-3c3d-9147-15a2abf91527" testName="BasicTypeTest" computerName="STEVEN-PC" duration="00:00:00.0063449" startTime="2011-08-27T14:19:01.5016491-04:00" endTime="2011-08-27T14:19:01.5146499-04:00" testType="13cdc9d9-ddb5-4fa4-a97d-d965ccfc6d4b" outcome="Passed" testListId="8c84fa94-04c1-424b-9868-57a2d4851a1d" relativeResultsDirectory="29c5ce4e-8150-4e7f-adf3-02c56a98ce2c">
    </UnitTestResult>
    <UnitTestResult executionId="4cc3bbbc-2a9a-4f4a-b32a-edbb11ac7eed" testId="bf94dae5-5c34-f8c0-9390-ddd198d415b6" testName="DateTimeTest" computerName="STEVEN-PC" duration="00:00:00.0003608" startTime="2011-08-27T14:19:01.5186501-04:00" endTime="2011-08-27T14:19:01.5246505-04:00" testType="13cdc9d9-ddb5-4fa4-a97d-d965ccfc6d4b" outcome="Passed" testListId="8c84fa94-04c1-424b-9868-57a2d4851a1d" relativeResultsDirectory="4cc3bbbc-2a9a-4f4a-b32a-edbb11ac7eed">
    </UnitTestResult>
    <UnitTestResult executionId="f87ba046-b990-47d9-9fac-d194b0e881bb" testId="82dd9a00-f561-ebb8-faa6-90e149b57bf5" testName="DateTime_Formatting_Test" computerName="STEVEN-PC" duration="00:00:00.0009895" startTime="2011-08-27T14:19:01.5276506-04:00" endTime="2011-08-27T14:19:01.5346510-04:00" testType="13cdc9d9-ddb5-4fa4-a97d-d965ccfc6d4b" outcome="Passed" testListId="8c84fa94-04c1-424b-9868-57a2d4851a1d" relativeResultsDirectory="f87ba046-b990-47d9-9fac-d194b0e881bb">
    </UnitTestResult>
    <UnitTestResult executionId="b48a34a6-970e-4a19-a16e-cc7915e2b7e2" testId="2a1b6a24-3c79-8232-f09c-b18021f1e9d4" testName="Primitive_As_Root_Test" computerName="STEVEN-PC" duration="00:00:00.0022049" startTime="2011-08-27T14:19:01.5386513-04:00" endTime="2011-08-27T14:19:01.5466517-04:00" testType="13cdc9d9-ddb5-4fa4-a97d-d965ccfc6d4b" outcome="Passed" testListId="8c84fa94-04c1-424b-9868-57a2d4851a1d" relativeResultsDirectory="b48a34a6-970e-4a19-a16e-cc7915e2b7e2">
    </UnitTestResult>
    <UnitTestResult executionId="4c1ca052-0ced-457b-939f-4971c733141f" testId="8ba613f4-3173-b36b-b2c4-2ce58c484a08" testName="Multiple_Formats_Test" computerName="STEVEN-PC" duration="00:00:00.0017652" startTime="2011-08-27T14:19:01.5506519-04:00" endTime="2011-08-27T14:19:01.5586524-04:00" testType="13cdc9d9-ddb5-4fa4-a97d-d965ccfc6d4b" outcome="Passed" testListId="8c84fa94-04c1-424b-9868-57a2d4851a1d" relativeResultsDirectory="4c1ca052-0ced-457b-939f-4971c733141f">
    </UnitTestResult>
    <UnitTestResult executionId="a452d7a5-d420-4261-b59d-6ce2ed2de331" testId="17b24c13-4e76-58ac-f834-58b7dbc12f47" testName="Enum_Format_Test" computerName="STEVEN-PC" duration="00:00:00.0015474" startTime="2011-08-27T14:19:01.5626526-04:00" endTime="2011-08-27T14:19:01.5706531-04:00" testType="13cdc9d9-ddb5-4fa4-a97d-d965ccfc6d4b" outcome="Passed" testListId="8c84fa94-04c1-424b-9868-57a2d4851a1d" relativeResultsDirectory="a452d7a5-d420-4261-b59d-6ce2ed2de331">
    </UnitTestResult>
    <UnitTestResult executionId="fb68d11f-d1a9-4300-a90b-3bfd567ce401" testId="843f87da-ab17-0751-27c2-c9b7d8cb9c48" testName="BoolTest" computerName="STEVEN-PC" duration="00:00:00.0003083" startTime="2011-08-27T14:19:01.5736533-04:00" endTime="2011-08-27T14:19:01.5796536-04:00" testType="13cdc9d9-ddb5-4fa4-a97d-d965ccfc6d4b" outcome="Passed" testListId="8c84fa94-04c1-424b-9868-57a2d4851a1d" relativeResultsDirectory="fb68d11f-d1a9-4300-a90b-3bfd567ce401">
    </UnitTestResult>
    <UnitTestResult executionId="fee9bb9d-f450-459e-abfb-2529bb65167b" testId="e4280980-2bc4-1a6a-9a5c-6b738aa31681" testName="Bool_Format_Test" computerName="STEVEN-PC" duration="00:00:00.0020987" startTime="2011-08-27T14:19:01.5846539-04:00" endTime="2011-08-27T14:19:01.5926543-04:00" testType="13cdc9d9-ddb5-4fa4-a97d-d965ccfc6d4b" outcome="Passed" testListId="8c84fa94-04c1-424b-9868-57a2d4851a1d" relativeResultsDirectory="fee9bb9d-f450-459e-abfb-2529bb65167b">
    </UnitTestResult>
    <UnitTestResult executionId="f845ddda-c8d8-4fec-b7b3-2be9a3e86bd9" testId="fd8fc137-773c-3bf4-9c92-daac7921b7be" testName="Enum_And_Bool_Format_Test" computerName="STEVEN-PC" duration="00:00:00.0011537" startTime="2011-08-27T14:19:01.5986547-04:00" endTime="2011-08-27T14:19:01.6056551-04:00" testType="13cdc9d9-ddb5-4fa4-a97d-d965ccfc6d4b" outcome="Passed" testListId="8c84fa94-04c1-424b-9868-57a2d4851a1d" relativeResultsDirectory="f845ddda-c8d8-4fec-b7b3-2be9a3e86bd9">
    </UnitTestResult>
    <UnitTestResult executionId="51127edf-1cdf-4700-bbdd-ca1e86579350" testId="aa02854e-5304-a4cf-878c-5e7276deaeaa" testName="Primitive_As_Root2_Test" computerName="STEVEN-PC" duration="00:00:00.0011446" startTime="2011-08-27T14:19:01.6146556-04:00" endTime="2011-08-27T14:19:01.6226561-04:00" testType="13cdc9d9-ddb5-4fa4-a97d-d965ccfc6d4b" outcome="Passed" testListId="8c84fa94-04c1-424b-9868-57a2d4851a1d" relativeResultsDirectory="51127edf-1cdf-4700-bbdd-ca1e86579350">
    </UnitTestResult>
    <UnitTestResult executionId="01c1ddb0-ffe2-4167-a76c-b507a2b02382" testId="6a9a4c5c-773c-e915-6c52-09dab4a5d77d" testName="ComplexListTest" computerName="STEVEN-PC" duration="00:00:00.0003156" startTime="2011-08-27T14:19:01.6276563-04:00" endTime="2011-08-27T14:19:01.6336567-04:00" testType="13cdc9d9-ddb5-4fa4-a97d-d965ccfc6d4b" outcome="Passed" testListId="8c84fa94-04c1-424b-9868-57a2d4851a1d" relativeResultsDirectory="01c1ddb0-ffe2-4167-a76c-b507a2b02382">
    </UnitTestResult>
    <UnitTestResult executionId="770f627b-54a9-4f83-a562-487aff15de65" testId="de2aa88f-515c-5cb4-0a0f-2515d77a3076" testName="ComplexList_Format_Test" computerName="STEVEN-PC" duration="00:00:00.0010993" startTime="2011-08-27T14:19:01.6366569-04:00" endTime="2011-08-27T14:19:01.6436573-04:00" testType="13cdc9d9-ddb5-4fa4-a97d-d965ccfc6d4b" outcome="Passed" testListId="8c84fa94-04c1-424b-9868-57a2d4851a1d" relativeResultsDirectory="770f627b-54a9-4f83-a562-487aff15de65">
    </UnitTestResult>
    <UnitTestResult executionId="03ef06e0-ca4c-4fbe-a002-bc7c38af945b" testId="e4449b84-b886-fda1-58ce-19b06420719c" testName="Multiple_Formats2_Test" computerName="STEVEN-PC" duration="00:00:07.4964288" startTime="2011-08-27T14:19:01.6466574-04:00" endTime="2011-08-27T14:19:09.1430862-04:00" testType="13cdc9d9-ddb5-4fa4-a97d-d965ccfc6d4b" outcome="Aborted" testListId="8c84fa94-04c1-424b-9868-57a2d4851a1d" relativeResultsDirectory="03ef06e0-ca4c-4fbe-a002-bc7c38af945b">
    </UnitTestResult>
  </Results>
</TestRun>